[2021-07-16 14:21:04,547] {taskinstance.py:876} INFO - Dependencies all met for <TaskInstance: ticker_yahoo.extract_task 2021-07-16T14:20:52.600216+00:00 [queued]>
[2021-07-16 14:21:04,656] {taskinstance.py:876} INFO - Dependencies all met for <TaskInstance: ticker_yahoo.extract_task 2021-07-16T14:20:52.600216+00:00 [queued]>
[2021-07-16 14:21:04,662] {taskinstance.py:1067} INFO - 
--------------------------------------------------------------------------------
[2021-07-16 14:21:04,666] {taskinstance.py:1068} INFO - Starting attempt 1 of 2
[2021-07-16 14:21:04,668] {taskinstance.py:1069} INFO - 
--------------------------------------------------------------------------------
[2021-07-16 14:21:04,904] {taskinstance.py:1087} INFO - Executing <Task(PythonOperator): extract_task> on 2021-07-16T14:20:52.600216+00:00
[2021-07-16 14:21:05,269] {standard_task_runner.py:52} INFO - Started process 2135 to run task
[2021-07-16 14:21:05,332] {standard_task_runner.py:76} INFO - Running: ['***', 'tasks', 'run', 'ticker_yahoo', 'extract_task', '2021-07-16T14:20:52.600216+00:00', '--job-id', '741', '--pool', 'default_pool', '--raw', '--subdir', 'DAGS_FOLDER/seleniumtest.py', '--cfg-path', '/tmp/tmp4uhw4pm8', '--error-file', '/tmp/tmpdg0oq1a3']
[2021-07-16 14:21:05,335] {standard_task_runner.py:77} INFO - Job 741: Subtask extract_task
[2021-07-16 14:21:05,682] {logging_mixin.py:104} INFO - Running <TaskInstance: ticker_yahoo.extract_task 2021-07-16T14:20:52.600216+00:00 [running]> on host 5d5ba9428780
[2021-07-16 14:21:06,096] {taskinstance.py:1282} INFO - Exporting the following env vars:
AIRFLOW_CTX_DAG_OWNER=***
AIRFLOW_CTX_DAG_ID=ticker_yahoo
AIRFLOW_CTX_TASK_ID=extract_task
AIRFLOW_CTX_EXECUTION_DATE=2021-07-16T14:20:52.600216+00:00
AIRFLOW_CTX_DAG_RUN_ID=manual__2021-07-16T14:20:52.600216+00:00
[2021-07-16 14:22:44,162] {logging_mixin.py:104} INFO - comapny name: 20 Microns Limited (20MICRONS.NS)
[2021-07-16 14:22:44,167] {logging_mixin.py:104} INFO - extracted ticker: 20MICRONS.NS
[2021-07-16 14:23:16,933] {logging_mixin.py:104} INFO - comapny name: 21ST CENTURY MANAG (21STCENMGM.NS)
[2021-07-16 14:23:16,935] {logging_mixin.py:104} INFO - extracted ticker: 21STCENMGM.NS
[2021-07-16 14:23:48,995] {logging_mixin.py:104} INFO - comapny name: 3i Infotech Limited (3IINFOTECH.NS)
[2021-07-16 14:23:48,997] {logging_mixin.py:104} INFO - extracted ticker: 3IINFOTECH.NS
[2021-07-16 14:24:21,842] {logging_mixin.py:104} INFO - comapny name: 3M India Limited (3MINDIA.NS)
[2021-07-16 14:24:21,849] {logging_mixin.py:104} INFO - extracted ticker: 3MINDIA.NS
[2021-07-16 14:24:54,111] {logging_mixin.py:104} INFO - comapny name: 3P LAND HOLDINGS L (3PLAND.NS)
[2021-07-16 14:24:54,112] {logging_mixin.py:104} INFO - extracted ticker: 3PLAND.NS
[2021-07-16 14:25:25,889] {logging_mixin.py:104} INFO - comapny name: 5paisa Capital Limited (5PAISA.NS)
[2021-07-16 14:25:25,891] {logging_mixin.py:104} INFO - extracted ticker: 5PAISA.NS
[2021-07-16 14:25:58,242] {logging_mixin.py:104} INFO - comapny name: 63 MOONS TECHNOLOG (63MOONS.NS)
[2021-07-16 14:25:58,249] {logging_mixin.py:104} INFO - extracted ticker: 63MOONS.NS
[2021-07-16 14:26:30,545] {logging_mixin.py:104} INFO - comapny name: A2Z Infra Engineering Limited (A2ZINFRA.NS)
[2021-07-16 14:26:30,548] {logging_mixin.py:104} INFO - extracted ticker: A2ZINFRA.NS
[2021-07-16 14:27:03,008] {logging_mixin.py:104} INFO - comapny name: Aakash Exploration Services Limited (AAKASH.NS)
[2021-07-16 14:27:03,009] {logging_mixin.py:104} INFO - extracted ticker: AAKASH.NS
[2021-07-16 14:27:34,955] {logging_mixin.py:104} INFO - comapny name: The Aaron's Company, Inc. (AAN)
[2021-07-16 14:27:34,956] {logging_mixin.py:104} INFO - extracted ticker: AAN
[2021-07-16 14:28:07,657] {logging_mixin.py:104} INFO - comapny name: Aarti Drugs Limited (AARTIDRUGS.NS)
[2021-07-16 14:28:07,660] {logging_mixin.py:104} INFO - extracted ticker: AARTIDRUGS.NS
[2021-07-16 14:28:39,359] {logging_mixin.py:104} INFO - comapny name: Aarti Industries Limited (AARTIIND.NS)
[2021-07-16 14:28:39,360] {logging_mixin.py:104} INFO - extracted ticker: AARTIIND.NS
[2021-07-16 14:29:11,493] {logging_mixin.py:104} INFO - comapny name: Aarti Surfactants Limited (AARTISURF.NS)
[2021-07-16 14:29:11,494] {logging_mixin.py:104} INFO - extracted ticker: AARTISURF.NS
[2021-07-16 14:29:43,239] {logging_mixin.py:104} INFO - comapny name: Aarvee Denims and Exports Limited (AARVEEDEN.BO)
[2021-07-16 14:29:43,242] {logging_mixin.py:104} INFO - extracted ticker: AARVEEDEN.BO
[2021-07-16 14:30:00,404] {local_task_job.py:76} ERROR - Received SIGTERM. Terminating subprocesses
[2021-07-16 14:30:00,476] {process_utils.py:100} INFO - Sending Signals.SIGTERM to GPID 2135
[2021-07-16 14:30:00,777] {taskinstance.py:1264} ERROR - Received SIGTERM. Terminating subprocesses.
[2021-07-16 14:30:01,374] {taskinstance.py:1481} ERROR - Task failed with exception
Traceback (most recent call last):
  File "/home/airflow/.local/lib/python3.6/site-packages/airflow/models/taskinstance.py", line 1137, in _run_raw_task
    self._prepare_and_execute_task_with_callbacks(context, task)
  File "/home/airflow/.local/lib/python3.6/site-packages/airflow/models/taskinstance.py", line 1311, in _prepare_and_execute_task_with_callbacks
    result = self._execute_task(context, task_copy)
  File "/home/airflow/.local/lib/python3.6/site-packages/airflow/models/taskinstance.py", line 1341, in _execute_task
    result = task_copy.execute(context=context)
  File "/home/airflow/.local/lib/python3.6/site-packages/airflow/operators/python.py", line 150, in execute
    return_value = self.execute_callable()
  File "/home/airflow/.local/lib/python3.6/site-packages/airflow/operators/python.py", line 161, in execute_callable
    return self.python_callable(*self.op_args, **self.op_kwargs)
  File "/opt/airflow/dags/seleniumtest.py", line 58, in extract
    time.sleep(15)
  File "/home/airflow/.local/lib/python3.6/site-packages/airflow/models/taskinstance.py", line 1266, in signal_handler
    raise AirflowException("Task received SIGTERM signal")
airflow.exceptions.AirflowException: Task received SIGTERM signal
[2021-07-16 14:30:01,463] {taskinstance.py:1531} INFO - Marking task as UP_FOR_RETRY. dag_id=ticker_yahoo, task_id=extract_task, execution_date=20210716T142052, start_date=20210716T142104, end_date=20210716T143001
[2021-07-16 14:30:02,107] {process_utils.py:66} INFO - Process psutil.Process(pid=2135, status='terminated', exitcode=1, started='14:21:04') (2135) terminated with exit code 1
