[2021-07-14 13:40:46,963] {taskinstance.py:876} INFO - Dependencies all met for <TaskInstance: ticker_yahoo.extract_task 2021-07-14T13:23:04.752292+00:00 [queued]>
[2021-07-14 13:40:47,130] {taskinstance.py:876} INFO - Dependencies all met for <TaskInstance: ticker_yahoo.extract_task 2021-07-14T13:23:04.752292+00:00 [queued]>
[2021-07-14 13:40:47,132] {taskinstance.py:1067} INFO - 
--------------------------------------------------------------------------------
[2021-07-14 13:40:47,147] {taskinstance.py:1068} INFO - Starting attempt 2 of 2
[2021-07-14 13:40:47,149] {taskinstance.py:1069} INFO - 
--------------------------------------------------------------------------------
[2021-07-14 13:40:47,283] {taskinstance.py:1087} INFO - Executing <Task(PythonOperator): extract_task> on 2021-07-14T13:23:04.752292+00:00
[2021-07-14 13:40:47,346] {standard_task_runner.py:52} INFO - Started process 1714 to run task
[2021-07-14 13:40:47,364] {standard_task_runner.py:76} INFO - Running: ['***', 'tasks', 'run', 'ticker_yahoo', 'extract_task', '2021-07-14T13:23:04.752292+00:00', '--job-id', '202', '--pool', 'default_pool', '--raw', '--subdir', 'DAGS_FOLDER/seleniumtest.py', '--cfg-path', '/tmp/tmppaafn9w8', '--error-file', '/tmp/tmpq4e2sy37']
[2021-07-14 13:40:47,368] {standard_task_runner.py:77} INFO - Job 202: Subtask extract_task
[2021-07-14 13:40:47,814] {logging_mixin.py:104} INFO - Running <TaskInstance: ticker_yahoo.extract_task 2021-07-14T13:23:04.752292+00:00 [running]> on host a2cbcfd4d6f4
[2021-07-14 13:40:48,216] {taskinstance.py:1282} INFO - Exporting the following env vars:
AIRFLOW_CTX_DAG_OWNER=***
AIRFLOW_CTX_DAG_ID=ticker_yahoo
AIRFLOW_CTX_TASK_ID=extract_task
AIRFLOW_CTX_EXECUTION_DATE=2021-07-14T13:23:04.752292+00:00
AIRFLOW_CTX_DAG_RUN_ID=manual__2021-07-14T13:23:04.752292+00:00
[2021-07-14 13:42:17,582] {logging_mixin.py:104} INFO - [<selenium.webdriver.remote.webelement.WebElement (session="1aff656a-4c5c-4ca0-90c4-d801b2a69d38", element="bd798125-2f74-47b5-8179-0dedfef9dde0")>]
[2021-07-14 13:42:17,707] {logging_mixin.py:104} INFO - BBBBBBBBBBBBBBBBBBBBBBBBBBBBBBBB20 Microns Limited (20MICRONS.BO)
[2021-07-14 13:42:17,708] {logging_mixin.py:104} INFO - 20MICRONS.BO
[2021-07-14 13:42:51,167] {logging_mixin.py:104} INFO - [<selenium.webdriver.remote.webelement.WebElement (session="1aff656a-4c5c-4ca0-90c4-d801b2a69d38", element="dfa385ae-3509-4ca7-9c1a-f7ce03215089")>]
[2021-07-14 13:42:51,199] {logging_mixin.py:104} INFO - BBBBBBBBBBBBBBBBBBBBBBBBBBBBBBBB21ST CENTURY MANAG (21STCENMGM.NS)
[2021-07-14 13:42:51,201] {logging_mixin.py:104} INFO - 21STCENMGM.NS
[2021-07-14 13:43:24,456] {logging_mixin.py:104} INFO - [<selenium.webdriver.remote.webelement.WebElement (session="1aff656a-4c5c-4ca0-90c4-d801b2a69d38", element="7ca2bd5e-9cd6-472f-a6af-528f23281839")>]
[2021-07-14 13:43:24,919] {logging_mixin.py:104} INFO - BBBBBBBBBBBBBBBBBBBBBBBBBBBBBBBB3i Infotech Limited (3IINFOTECH.NS)
[2021-07-14 13:43:24,922] {logging_mixin.py:104} INFO - 3IINFOTECH.NS
[2021-07-14 13:43:57,104] {logging_mixin.py:104} INFO - [<selenium.webdriver.remote.webelement.WebElement (session="1aff656a-4c5c-4ca0-90c4-d801b2a69d38", element="0392fd8b-0771-4a08-bc59-886b66446734")>]
[2021-07-14 13:43:57,186] {logging_mixin.py:104} INFO - BBBBBBBBBBBBBBBBBBBBBBBBBBBBBBBB3M India Limited (3MINDIA.NS)
[2021-07-14 13:43:57,187] {logging_mixin.py:104} INFO - 3MINDIA.NS
[2021-07-14 13:44:29,125] {logging_mixin.py:104} INFO - [<selenium.webdriver.remote.webelement.WebElement (session="1aff656a-4c5c-4ca0-90c4-d801b2a69d38", element="0392fd8b-0771-4a08-bc59-886b66446734")>]
[2021-07-14 13:44:29,175] {logging_mixin.py:104} INFO - BBBBBBBBBBBBBBBBBBBBBBBBBBBBBBBB3P LAND HOLDINGS LTD. (3PLAND.BO)
[2021-07-14 13:44:29,176] {logging_mixin.py:104} INFO - 3PLAND.BO
[2021-07-14 13:45:00,784] {logging_mixin.py:104} INFO - [<selenium.webdriver.remote.webelement.WebElement (session="1aff656a-4c5c-4ca0-90c4-d801b2a69d38", element="0392fd8b-0771-4a08-bc59-886b66446734")>]
[2021-07-14 13:45:00,815] {logging_mixin.py:104} INFO - BBBBBBBBBBBBBBBBBBBBBBBBBBBBBBBB5paisa Capital Limited (5PAISA.NS)
[2021-07-14 13:45:00,817] {logging_mixin.py:104} INFO - 5PAISA.NS
[2021-07-14 13:45:32,389] {logging_mixin.py:104} INFO - [<selenium.webdriver.remote.webelement.WebElement (session="1aff656a-4c5c-4ca0-90c4-d801b2a69d38", element="0392fd8b-0771-4a08-bc59-886b66446734")>]
[2021-07-14 13:45:32,423] {logging_mixin.py:104} INFO - BBBBBBBBBBBBBBBBBBBBBBBBBBBBBBBB63 MOONS TECHNOLOG (63MOONS.NS)
[2021-07-14 13:45:32,424] {logging_mixin.py:104} INFO - 63MOONS.NS
[2021-07-14 13:46:04,423] {logging_mixin.py:104} INFO - [<selenium.webdriver.remote.webelement.WebElement (session="1aff656a-4c5c-4ca0-90c4-d801b2a69d38", element="0392fd8b-0771-4a08-bc59-886b66446734")>]
[2021-07-14 13:46:04,606] {logging_mixin.py:104} INFO - BBBBBBBBBBBBBBBBBBBBBBBBBBBBBBBBA2Z Infra Engineering Limited (A2ZINFRA.NS)
[2021-07-14 13:46:04,608] {logging_mixin.py:104} INFO - A2ZINFRA.NS
[2021-07-14 13:46:37,642] {logging_mixin.py:104} INFO - [<selenium.webdriver.remote.webelement.WebElement (session="1aff656a-4c5c-4ca0-90c4-d801b2a69d38", element="fca3897e-93d5-46a8-8d44-b950d73e6402")>]
[2021-07-14 13:46:38,082] {logging_mixin.py:104} INFO - BBBBBBBBBBBBBBBBBBBBBBBBBBBBBBBBAakash Exploration Services Limited (AAKASH.NS)
[2021-07-14 13:46:38,083] {logging_mixin.py:104} INFO - AAKASH.NS
[2021-07-14 13:47:12,782] {logging_mixin.py:104} INFO - [<selenium.webdriver.remote.webelement.WebElement (session="1aff656a-4c5c-4ca0-90c4-d801b2a69d38", element="436cee4b-e214-464d-bd1d-f1248fc20033")>]
[2021-07-14 13:47:12,995] {logging_mixin.py:104} INFO - BBBBBBBBBBBBBBBBBBBBBBBBBBBBBBBBThe Aaron's Company, Inc. (AAN)
[2021-07-14 13:47:12,999] {logging_mixin.py:104} INFO - AAN
[2021-07-14 13:47:46,356] {logging_mixin.py:104} INFO - []
[2021-07-14 13:47:46,360] {taskinstance.py:1481} ERROR - Task failed with exception
Traceback (most recent call last):
  File "/home/airflow/.local/lib/python3.6/site-packages/airflow/models/taskinstance.py", line 1137, in _run_raw_task
    self._prepare_and_execute_task_with_callbacks(context, task)
  File "/home/airflow/.local/lib/python3.6/site-packages/airflow/models/taskinstance.py", line 1311, in _prepare_and_execute_task_with_callbacks
    result = self._execute_task(context, task_copy)
  File "/home/airflow/.local/lib/python3.6/site-packages/airflow/models/taskinstance.py", line 1341, in _execute_task
    result = task_copy.execute(context=context)
  File "/home/airflow/.local/lib/python3.6/site-packages/airflow/operators/python.py", line 150, in execute
    return_value = self.execute_callable()
  File "/home/airflow/.local/lib/python3.6/site-packages/airflow/operators/python.py", line 161, in execute_callable
    return self.python_callable(*self.op_args, **self.op_kwargs)
  File "/opt/airflow/dags/seleniumtest.py", line 62, in extract
    companyname = str(companyname[0].text)
IndexError: list index out of range
[2021-07-14 13:47:46,498] {taskinstance.py:1531} INFO - Marking task as FAILED. dag_id=ticker_yahoo, task_id=extract_task, execution_date=20210714T132304, start_date=20210714T134047, end_date=20210714T134746
[2021-07-14 13:47:46,989] {local_task_job.py:151} INFO - Task exited with return code 1
