[2021-07-21 11:02:11,280] {taskinstance.py:876} INFO - Dependencies all met for <TaskInstance: ticker_yahoo.extract_task 2021-07-21T07:58:00+00:00 [queued]>
[2021-07-21 11:02:11,607] {taskinstance.py:876} INFO - Dependencies all met for <TaskInstance: ticker_yahoo.extract_task 2021-07-21T07:58:00+00:00 [queued]>
[2021-07-21 11:02:11,611] {taskinstance.py:1067} INFO - 
--------------------------------------------------------------------------------
[2021-07-21 11:02:11,630] {taskinstance.py:1068} INFO - Starting attempt 1 of 2
[2021-07-21 11:02:11,644] {taskinstance.py:1069} INFO - 
--------------------------------------------------------------------------------
[2021-07-21 11:02:11,787] {taskinstance.py:1087} INFO - Executing <Task(PythonOperator): extract_task> on 2021-07-21T07:58:00+00:00
[2021-07-21 11:02:12,073] {standard_task_runner.py:52} INFO - Started process 107 to run task
[2021-07-21 11:02:12,179] {standard_task_runner.py:76} INFO - Running: ['***', 'tasks', 'run', 'ticker_yahoo', 'extract_task', '2021-07-21T07:58:00+00:00', '--job-id', '1923', '--pool', 'default_pool', '--raw', '--subdir', 'DAGS_FOLDER/seleniumtest.py', '--cfg-path', '/tmp/tmp9_deub7t', '--error-file', '/tmp/tmpww465dhn']
[2021-07-21 11:02:12,187] {standard_task_runner.py:77} INFO - Job 1923: Subtask extract_task
[2021-07-21 11:02:13,089] {logging_mixin.py:104} INFO - Running <TaskInstance: ticker_yahoo.extract_task 2021-07-21T07:58:00+00:00 [running]> on host 13346afafa5b
[2021-07-21 11:02:13,891] {taskinstance.py:1282} INFO - Exporting the following env vars:
AIRFLOW_CTX_DAG_OWNER=***
AIRFLOW_CTX_DAG_ID=ticker_yahoo
AIRFLOW_CTX_TASK_ID=extract_task
AIRFLOW_CTX_EXECUTION_DATE=2021-07-21T07:58:00+00:00
AIRFLOW_CTX_DAG_RUN_ID=scheduled__2021-07-21T07:58:00+00:00
[2021-07-21 11:04:39,099] {logging_mixin.py:104} INFO - comapny name: 20 Microns Limited (20MICRONS.NS)
[2021-07-21 11:04:39,110] {logging_mixin.py:104} INFO - extracted ticker: 20MICRONS.NS
[2021-07-21 11:05:40,953] {logging_mixin.py:104} INFO - comapny name: 20 Microns Limited (20MICRONS.NS)
[2021-07-21 11:05:40,959] {logging_mixin.py:104} INFO - extracted ticker: 20MICRONS.NS
[2021-07-21 11:06:13,817] {local_task_job.py:76} ERROR - Received SIGTERM. Terminating subprocesses
[2021-07-21 11:06:14,555] {local_task_job.py:76} ERROR - Received SIGTERM. Terminating subprocesses
[2021-07-21 11:06:14,719] {process_utils.py:100} INFO - Sending Signals.SIGTERM to GPID 107
[2021-07-21 11:06:15,780] {taskinstance.py:1264} ERROR - Received SIGTERM. Terminating subprocesses.
[2021-07-21 11:06:16,274] {taskinstance.py:1481} ERROR - Task failed with exception
Traceback (most recent call last):
  File "/home/airflow/.local/lib/python3.6/site-packages/airflow/models/taskinstance.py", line 1137, in _run_raw_task
    self._prepare_and_execute_task_with_callbacks(context, task)
  File "/home/airflow/.local/lib/python3.6/site-packages/airflow/models/taskinstance.py", line 1311, in _prepare_and_execute_task_with_callbacks
    result = self._execute_task(context, task_copy)
  File "/home/airflow/.local/lib/python3.6/site-packages/airflow/models/taskinstance.py", line 1341, in _execute_task
    result = task_copy.execute(context=context)
  File "/home/airflow/.local/lib/python3.6/site-packages/airflow/operators/python.py", line 150, in execute
    return_value = self.execute_callable()
  File "/home/airflow/.local/lib/python3.6/site-packages/airflow/operators/python.py", line 161, in execute_callable
    return self.python_callable(*self.op_args, **self.op_kwargs)
  File "/opt/airflow/dags/seleniumtest.py", line 58, in extract
    time.sleep(15)
  File "/home/airflow/.local/lib/python3.6/site-packages/airflow/models/taskinstance.py", line 1266, in signal_handler
    raise AirflowException("Task received SIGTERM signal")
airflow.exceptions.AirflowException: Task received SIGTERM signal
[2021-07-21 11:06:16,448] {taskinstance.py:1531} INFO - Marking task as UP_FOR_RETRY. dag_id=ticker_yahoo, task_id=extract_task, execution_date=20210721T075800, start_date=20210721T110211, end_date=20210721T110616
[2021-07-21 11:06:17,144] {process_utils.py:66} INFO - Process psutil.Process(pid=107, status='terminated', exitcode=1, started='11:02:11') (107) terminated with exit code 1
