[2021-07-12 15:22:13,093] {taskinstance.py:876} INFO - Dependencies all met for <TaskInstance: ticker_yahoo.extract_task 2021-07-12T15:22:08.603730+00:00 [queued]>
[2021-07-12 15:22:13,151] {taskinstance.py:876} INFO - Dependencies all met for <TaskInstance: ticker_yahoo.extract_task 2021-07-12T15:22:08.603730+00:00 [queued]>
[2021-07-12 15:22:13,153] {taskinstance.py:1067} INFO - 
--------------------------------------------------------------------------------
[2021-07-12 15:22:13,154] {taskinstance.py:1068} INFO - Starting attempt 1 of 2
[2021-07-12 15:22:13,156] {taskinstance.py:1069} INFO - 
--------------------------------------------------------------------------------
[2021-07-12 15:22:13,213] {taskinstance.py:1087} INFO - Executing <Task(PythonOperator): extract_task> on 2021-07-12T15:22:08.603730+00:00
[2021-07-12 15:22:13,243] {standard_task_runner.py:52} INFO - Started process 191 to run task
[2021-07-12 15:22:13,256] {standard_task_runner.py:76} INFO - Running: ['***', 'tasks', 'run', 'ticker_yahoo', 'extract_task', '2021-07-12T15:22:08.603730+00:00', '--job-id', '45', '--pool', 'default_pool', '--raw', '--subdir', 'DAGS_FOLDER/seleniumtest.py', '--cfg-path', '/tmp/tmpey2d3wsg', '--error-file', '/tmp/tmprsghwto4']
[2021-07-12 15:22:13,258] {standard_task_runner.py:77} INFO - Job 45: Subtask extract_task
[2021-07-12 15:22:13,363] {logging_mixin.py:104} INFO - Running <TaskInstance: ticker_yahoo.extract_task 2021-07-12T15:22:08.603730+00:00 [running]> on host f29b1d03ad56
[2021-07-12 15:22:13,530] {taskinstance.py:1282} INFO - Exporting the following env vars:
AIRFLOW_CTX_DAG_OWNER=***
AIRFLOW_CTX_DAG_ID=ticker_yahoo
AIRFLOW_CTX_TASK_ID=extract_task
AIRFLOW_CTX_EXECUTION_DATE=2021-07-12T15:22:08.603730+00:00
AIRFLOW_CTX_DAG_RUN_ID=manual__2021-07-12T15:22:08.603730+00:00
[2021-07-12 15:24:06,422] {logging_mixin.py:104} INFO - [<selenium.webdriver.remote.webelement.WebElement (session="6e492ab3-92f8-4b56-b8f2-a4349efa87fc", element="3e3c8c84-14d7-43c1-9a67-c0418550bf52")>]
[2021-07-12 15:24:07,670] {logging_mixin.py:104} INFO - BBBBBBBBBBBBBBBBBBBBBBBBBBBBBBBB20 Microns Limited (20MICRONS.BO)
[2021-07-12 15:24:07,672] {logging_mixin.py:104} INFO - 20MICRONS.BO
[2021-07-12 15:24:43,685] {logging_mixin.py:104} INFO - [<selenium.webdriver.remote.webelement.WebElement (session="6e492ab3-92f8-4b56-b8f2-a4349efa87fc", element="66f03b8d-e24e-43b4-82b8-8c79892f4ff9")>]
[2021-07-12 15:24:43,737] {logging_mixin.py:104} INFO - BBBBBBBBBBBBBBBBBBBBBBBBBBBBBBBB21ST CENTURY MANAG (21STCENMGM.NS)
[2021-07-12 15:24:43,739] {logging_mixin.py:104} INFO - 21STCENMGM.NS
[2021-07-12 15:25:15,475] {logging_mixin.py:104} INFO - [<selenium.webdriver.remote.webelement.WebElement (session="6e492ab3-92f8-4b56-b8f2-a4349efa87fc", element="66f03b8d-e24e-43b4-82b8-8c79892f4ff9")>]
[2021-07-12 15:25:15,496] {logging_mixin.py:104} INFO - BBBBBBBBBBBBBBBBBBBBBBBBBBBBBBBB3i Infotech Limited (3IINFOTECH.NS)
[2021-07-12 15:25:15,497] {logging_mixin.py:104} INFO - 3IINFOTECH.NS
[2021-07-12 15:25:48,175] {logging_mixin.py:104} INFO - [<selenium.webdriver.remote.webelement.WebElement (session="6e492ab3-92f8-4b56-b8f2-a4349efa87fc", element="66f03b8d-e24e-43b4-82b8-8c79892f4ff9")>]
[2021-07-12 15:25:48,273] {logging_mixin.py:104} INFO - BBBBBBBBBBBBBBBBBBBBBBBBBBBBBBBB3M India Limited (3MINDIA.NS)
[2021-07-12 15:25:48,274] {logging_mixin.py:104} INFO - 3MINDIA.NS
[2021-07-12 15:26:26,374] {logging_mixin.py:104} INFO - [<selenium.webdriver.remote.webelement.WebElement (session="6e492ab3-92f8-4b56-b8f2-a4349efa87fc", element="66f03b8d-e24e-43b4-82b8-8c79892f4ff9")>]
[2021-07-12 15:26:26,417] {logging_mixin.py:104} INFO - BBBBBBBBBBBBBBBBBBBBBBBBBBBBBBBB3P LAND HOLDINGS LTD. (3PLAND.BO)
[2021-07-12 15:26:26,419] {logging_mixin.py:104} INFO - 3PLAND.BO
[2021-07-12 15:27:03,069] {logging_mixin.py:104} INFO - [<selenium.webdriver.remote.webelement.WebElement (session="6e492ab3-92f8-4b56-b8f2-a4349efa87fc", element="51d8931c-d215-4a96-90e6-2f053f2d09a3")>]
[2021-07-12 15:27:03,708] {logging_mixin.py:104} INFO - BBBBBBBBBBBBBBBBBBBBBBBBBBBBBBBB5paisa Capital Limited (5PAISA.NS)
[2021-07-12 15:27:03,713] {logging_mixin.py:104} INFO - 5PAISA.NS
[2021-07-12 15:27:32,928] {local_task_job.py:76} ERROR - Received SIGTERM. Terminating subprocesses
[2021-07-12 15:27:32,988] {process_utils.py:100} INFO - Sending Signals.SIGTERM to GPID 191
[2021-07-12 15:27:33,152] {taskinstance.py:1264} ERROR - Received SIGTERM. Terminating subprocesses.
[2021-07-12 15:27:33,259] {process_utils.py:66} INFO - Process psutil.Process(pid=191, status='terminated', exitcode=1, started='15:22:12') (191) terminated with exit code 1
[2021-07-12 15:27:34,980] {base.py:273} ERROR - Exception closing connection <connection object at 0x7fc95467fc28; dsn: 'user=airflow password=xxx dbname=airflow host=postgres', closed: 1>
Traceback (most recent call last):
  File "/home/airflow/.local/lib/python3.6/site-packages/sqlalchemy/pool/base.py", line 270, in _close_connection
    self._dialect.do_close(connection)
  File "/home/airflow/.local/lib/python3.6/site-packages/sqlalchemy/engine/default.py", line 564, in do_close
    dbapi_connection.close()
  File "/home/airflow/.local/lib/python3.6/site-packages/airflow/jobs/local_task_job.py", line 84, in signal_handler
    raise AirflowException("LocalTaskJob received SIGTERM signal")
airflow.exceptions.AirflowException: LocalTaskJob received SIGTERM signal
