[2021-07-21 11:19:35,234] {taskinstance.py:876} INFO - Dependencies all met for <TaskInstance: ticker_yahoo.extract_task 2021-07-21T11:19:33.110711+00:00 [queued]>
[2021-07-21 11:19:35,271] {taskinstance.py:876} INFO - Dependencies all met for <TaskInstance: ticker_yahoo.extract_task 2021-07-21T11:19:33.110711+00:00 [queued]>
[2021-07-21 11:19:35,273] {taskinstance.py:1067} INFO - 
--------------------------------------------------------------------------------
[2021-07-21 11:19:35,274] {taskinstance.py:1068} INFO - Starting attempt 1 of 2
[2021-07-21 11:19:35,277] {taskinstance.py:1069} INFO - 
--------------------------------------------------------------------------------
[2021-07-21 11:19:35,308] {taskinstance.py:1087} INFO - Executing <Task(PythonOperator): extract_task> on 2021-07-21T11:19:33.110711+00:00
[2021-07-21 11:19:35,330] {standard_task_runner.py:52} INFO - Started process 360 to run task
[2021-07-21 11:19:35,343] {standard_task_runner.py:76} INFO - Running: ['***', 'tasks', 'run', 'ticker_yahoo', 'extract_task', '2021-07-21T11:19:33.110711+00:00', '--job-id', '1931', '--pool', 'default_pool', '--raw', '--subdir', 'DAGS_FOLDER/seleniumtest.py', '--cfg-path', '/tmp/tmp58k_r9q5', '--error-file', '/tmp/tmptq3ujmen']
[2021-07-21 11:19:35,344] {standard_task_runner.py:77} INFO - Job 1931: Subtask extract_task
[2021-07-21 11:19:35,513] {logging_mixin.py:104} INFO - Running <TaskInstance: ticker_yahoo.extract_task 2021-07-21T11:19:33.110711+00:00 [running]> on host 5795a622f846
[2021-07-21 11:19:35,898] {taskinstance.py:1282} INFO - Exporting the following env vars:
AIRFLOW_CTX_DAG_OWNER=***
AIRFLOW_CTX_DAG_ID=ticker_yahoo
AIRFLOW_CTX_TASK_ID=extract_task
AIRFLOW_CTX_EXECUTION_DATE=2021-07-21T11:19:33.110711+00:00
AIRFLOW_CTX_DAG_RUN_ID=manual__2021-07-21T11:19:33.110711+00:00
[2021-07-21 11:19:35,910] {taskinstance.py:1481} ERROR - Task failed with exception
Traceback (most recent call last):
  File "/home/airflow/.local/lib/python3.6/site-packages/airflow/models/taskinstance.py", line 1137, in _run_raw_task
    self._prepare_and_execute_task_with_callbacks(context, task)
  File "/home/airflow/.local/lib/python3.6/site-packages/airflow/models/taskinstance.py", line 1311, in _prepare_and_execute_task_with_callbacks
    result = self._execute_task(context, task_copy)
  File "/home/airflow/.local/lib/python3.6/site-packages/airflow/models/taskinstance.py", line 1341, in _execute_task
    result = task_copy.execute(context=context)
  File "/home/airflow/.local/lib/python3.6/site-packages/airflow/operators/python.py", line 150, in execute
    return_value = self.execute_callable()
  File "/home/airflow/.local/lib/python3.6/site-packages/airflow/operators/python.py", line 161, in execute_callable
    return self.python_callable(*self.op_args, **self.op_kwargs)
  File "/opt/airflow/dags/seleniumtest.py", line 40, in extract
    with open(r'./fromlocal/EQUITY_L.csv') as read_obj:
FileNotFoundError: [Errno 2] No such file or directory: './fromlocal/EQUITY_L.csv'
[2021-07-21 11:19:35,932] {taskinstance.py:1531} INFO - Marking task as UP_FOR_RETRY. dag_id=ticker_yahoo, task_id=extract_task, execution_date=20210721T111933, start_date=20210721T111935, end_date=20210721T111935
[2021-07-21 11:19:37,179] {local_task_job.py:151} INFO - Task exited with return code 1
