[2021-07-14 13:19:33,117] {taskinstance.py:876} INFO - Dependencies all met for <TaskInstance: ticker_yahoo.extract_task 2021-07-14T13:19:30.435243+00:00 [queued]>
[2021-07-14 13:19:33,199] {taskinstance.py:876} INFO - Dependencies all met for <TaskInstance: ticker_yahoo.extract_task 2021-07-14T13:19:30.435243+00:00 [queued]>
[2021-07-14 13:19:33,201] {taskinstance.py:1067} INFO - 
--------------------------------------------------------------------------------
[2021-07-14 13:19:33,201] {taskinstance.py:1068} INFO - Starting attempt 1 of 2
[2021-07-14 13:19:33,202] {taskinstance.py:1069} INFO - 
--------------------------------------------------------------------------------
[2021-07-14 13:19:33,234] {taskinstance.py:1087} INFO - Executing <Task(PythonOperator): extract_task> on 2021-07-14T13:19:30.435243+00:00
[2021-07-14 13:19:33,256] {standard_task_runner.py:52} INFO - Started process 451 to run task
[2021-07-14 13:19:33,263] {standard_task_runner.py:76} INFO - Running: ['***', 'tasks', 'run', 'ticker_yahoo', 'extract_task', '2021-07-14T13:19:30.435243+00:00', '--job-id', '177', '--pool', 'default_pool', '--raw', '--subdir', 'DAGS_FOLDER/seleniumtest.py', '--cfg-path', '/tmp/tmp9twq0al1', '--error-file', '/tmp/tmpxd4x4128']
[2021-07-14 13:19:33,264] {standard_task_runner.py:77} INFO - Job 177: Subtask extract_task
[2021-07-14 13:19:33,386] {logging_mixin.py:104} INFO - Running <TaskInstance: ticker_yahoo.extract_task 2021-07-14T13:19:30.435243+00:00 [running]> on host a2cbcfd4d6f4
[2021-07-14 13:19:33,539] {taskinstance.py:1282} INFO - Exporting the following env vars:
AIRFLOW_CTX_DAG_OWNER=***
AIRFLOW_CTX_DAG_ID=ticker_yahoo
AIRFLOW_CTX_TASK_ID=extract_task
AIRFLOW_CTX_EXECUTION_DATE=2021-07-14T13:19:30.435243+00:00
AIRFLOW_CTX_DAG_RUN_ID=manual__2021-07-14T13:19:30.435243+00:00
[2021-07-14 13:20:52,807] {logging_mixin.py:104} INFO - [<selenium.webdriver.remote.webelement.WebElement (session="3c60975d-80e4-4b83-8ee8-26fde994ad2f", element="4e535f29-8ad8-4cfa-8ac0-768989e50b2c")>]
[2021-07-14 13:20:53,131] {logging_mixin.py:104} INFO - BBBBBBBBBBBBBBBBBBBBBBBBBBBBBBBB20 Microns Limited (20MICRONS.BO)
[2021-07-14 13:20:53,133] {logging_mixin.py:104} INFO - 20MICRONS.BO
[2021-07-14 13:20:53,141] {taskinstance.py:1481} ERROR - Task failed with exception
Traceback (most recent call last):
  File "/home/airflow/.local/lib/python3.6/site-packages/airflow/models/taskinstance.py", line 1137, in _run_raw_task
    self._prepare_and_execute_task_with_callbacks(context, task)
  File "/home/airflow/.local/lib/python3.6/site-packages/airflow/models/taskinstance.py", line 1311, in _prepare_and_execute_task_with_callbacks
    result = self._execute_task(context, task_copy)
  File "/home/airflow/.local/lib/python3.6/site-packages/airflow/models/taskinstance.py", line 1341, in _execute_task
    result = task_copy.execute(context=context)
  File "/home/airflow/.local/lib/python3.6/site-packages/airflow/operators/python.py", line 150, in execute
    return_value = self.execute_callable()
  File "/home/airflow/.local/lib/python3.6/site-packages/airflow/operators/python.py", line 161, in execute_callable
    return self.python_callable(*self.op_args, **self.op_kwargs)
  File "/opt/airflow/dags/seleniumtest.py", line 69, in extract
    cur.execute("INSERT INTO tickers1 (keyword,companyName) values ('" + ticker + "',"' + companyname + "')
psycopg2.ProgrammingError: unterminated quoted identifier at or near """
LINE 1: ...yword,companyName) values ('20MICRONS.BO', + companyname + "
                                                                      ^

[2021-07-14 13:20:53,171] {taskinstance.py:1531} INFO - Marking task as UP_FOR_RETRY. dag_id=ticker_yahoo, task_id=extract_task, execution_date=20210714T131930, start_date=20210714T131933, end_date=20210714T132053
[2021-07-14 13:20:53,369] {local_task_job.py:151} INFO - Task exited with return code 1
