[2022-01-06 11:49:42,515] {taskinstance.py:876} INFO - Dependencies all met for <TaskInstance: ticker_yahoo.extract_task 2022-01-06T11:49:41.310249+00:00 [queued]>
[2022-01-06 11:49:42,536] {taskinstance.py:876} INFO - Dependencies all met for <TaskInstance: ticker_yahoo.extract_task 2022-01-06T11:49:41.310249+00:00 [queued]>
[2022-01-06 11:49:42,537] {taskinstance.py:1067} INFO - 
--------------------------------------------------------------------------------
[2022-01-06 11:49:42,538] {taskinstance.py:1068} INFO - Starting attempt 1 of 2
[2022-01-06 11:49:42,539] {taskinstance.py:1069} INFO - 
--------------------------------------------------------------------------------
[2022-01-06 11:49:42,562] {taskinstance.py:1087} INFO - Executing <Task(PythonOperator): extract_task> on 2022-01-06T11:49:41.310249+00:00
[2022-01-06 11:49:42,573] {standard_task_runner.py:52} INFO - Started process 187 to run task
[2022-01-06 11:49:42,578] {standard_task_runner.py:76} INFO - Running: ['***', 'tasks', 'run', 'ticker_yahoo', 'extract_task', '2022-01-06T11:49:41.310249+00:00', '--job-id', '2206', '--pool', 'default_pool', '--raw', '--subdir', 'DAGS_FOLDER/seleniumtest.py', '--cfg-path', '/tmp/tmpvbtj95pp', '--error-file', '/tmp/tmp9mxdogis']
[2022-01-06 11:49:42,579] {standard_task_runner.py:77} INFO - Job 2206: Subtask extract_task
[2022-01-06 11:49:42,639] {logging_mixin.py:104} INFO - Running <TaskInstance: ticker_yahoo.extract_task 2022-01-06T11:49:41.310249+00:00 [running]> on host 04be2259e97a
[2022-01-06 11:49:42,727] {taskinstance.py:1282} INFO - Exporting the following env vars:
AIRFLOW_CTX_DAG_OWNER=***
AIRFLOW_CTX_DAG_ID=ticker_yahoo
AIRFLOW_CTX_TASK_ID=extract_task
AIRFLOW_CTX_EXECUTION_DATE=2022-01-06T11:49:41.310249+00:00
AIRFLOW_CTX_DAG_RUN_ID=manual__2022-01-06T11:49:41.310249+00:00
[2022-01-06 11:49:42,733] {taskinstance.py:1481} ERROR - Task failed with exception
Traceback (most recent call last):
  File "/home/airflow/.local/lib/python3.6/site-packages/airflow/models/taskinstance.py", line 1137, in _run_raw_task
    self._prepare_and_execute_task_with_callbacks(context, task)
  File "/home/airflow/.local/lib/python3.6/site-packages/airflow/models/taskinstance.py", line 1311, in _prepare_and_execute_task_with_callbacks
    result = self._execute_task(context, task_copy)
  File "/home/airflow/.local/lib/python3.6/site-packages/airflow/models/taskinstance.py", line 1341, in _execute_task
    result = task_copy.execute(context=context)
  File "/home/airflow/.local/lib/python3.6/site-packages/airflow/operators/python.py", line 150, in execute
    return_value = self.execute_callable()
  File "/home/airflow/.local/lib/python3.6/site-packages/airflow/operators/python.py", line 161, in execute_callable
    return self.python_callable(*self.op_args, **self.op_kwargs)
  File "/opt/airflow/dags/seleniumtest.py", line 40, in extract
    with open(r'./fromlocal/EQUITY_L.csv') as read_obj:
FileNotFoundError: [Errno 2] No such file or directory: './fromlocal/EQUITY_L.csv'
[2022-01-06 11:49:42,742] {taskinstance.py:1531} INFO - Marking task as UP_FOR_RETRY. dag_id=ticker_yahoo, task_id=extract_task, execution_date=20220106T114941, start_date=20220106T114942, end_date=20220106T114942
[2022-01-06 11:49:42,789] {local_task_job.py:151} INFO - Task exited with return code 1
