[2021-07-12 14:53:40,390] {taskinstance.py:876} INFO - Dependencies all met for <TaskInstance: ticker_yahoo.extract_task 2021-07-12T14:53:35.284827+00:00 [queued]>
[2021-07-12 14:53:40,445] {taskinstance.py:876} INFO - Dependencies all met for <TaskInstance: ticker_yahoo.extract_task 2021-07-12T14:53:35.284827+00:00 [queued]>
[2021-07-12 14:53:40,446] {taskinstance.py:1067} INFO - 
--------------------------------------------------------------------------------
[2021-07-12 14:53:40,447] {taskinstance.py:1068} INFO - Starting attempt 1 of 2
[2021-07-12 14:53:40,448] {taskinstance.py:1069} INFO - 
--------------------------------------------------------------------------------
[2021-07-12 14:53:40,482] {taskinstance.py:1087} INFO - Executing <Task(PythonOperator): extract_task> on 2021-07-12T14:53:35.284827+00:00
[2021-07-12 14:53:40,506] {standard_task_runner.py:52} INFO - Started process 4698 to run task
[2021-07-12 14:53:40,513] {standard_task_runner.py:76} INFO - Running: ['***', 'tasks', 'run', 'ticker_yahoo', 'extract_task', '2021-07-12T14:53:35.284827+00:00', '--job-id', '35', '--pool', 'default_pool', '--raw', '--subdir', 'DAGS_FOLDER/seleniumtest.py', '--cfg-path', '/tmp/tmpwrqypqrt', '--error-file', '/tmp/tmpqvyy84jc']
[2021-07-12 14:53:40,515] {standard_task_runner.py:77} INFO - Job 35: Subtask extract_task
[2021-07-12 14:53:40,710] {logging_mixin.py:104} INFO - Running <TaskInstance: ticker_yahoo.extract_task 2021-07-12T14:53:35.284827+00:00 [running]> on host f29b1d03ad56
[2021-07-12 14:53:40,979] {taskinstance.py:1282} INFO - Exporting the following env vars:
AIRFLOW_CTX_DAG_OWNER=***
AIRFLOW_CTX_DAG_ID=ticker_yahoo
AIRFLOW_CTX_TASK_ID=extract_task
AIRFLOW_CTX_EXECUTION_DATE=2021-07-12T14:53:35.284827+00:00
AIRFLOW_CTX_DAG_RUN_ID=manual__2021-07-12T14:53:35.284827+00:00
[2021-07-12 14:55:37,616] {logging_mixin.py:104} INFO - [<selenium.webdriver.remote.webelement.WebElement (session="20c71129-4ac6-4bc5-8231-df014716fa2d", element="9f9fe4f0-9a78-4dac-acd4-562f02c57510")>]
[2021-07-12 14:55:38,713] {logging_mixin.py:104} INFO - BBBBBBBBBBBBBBBBBBBBBBBBBBBBBBBB20 Microns Limited (20MICRONS.BO)
[2021-07-12 14:55:38,717] {logging_mixin.py:104} INFO - 20MICRONS.BO
[2021-07-12 14:55:38,762] {taskinstance.py:1481} ERROR - Task failed with exception
Traceback (most recent call last):
  File "/home/airflow/.local/lib/python3.6/site-packages/airflow/models/taskinstance.py", line 1137, in _run_raw_task
    self._prepare_and_execute_task_with_callbacks(context, task)
  File "/home/airflow/.local/lib/python3.6/site-packages/airflow/models/taskinstance.py", line 1311, in _prepare_and_execute_task_with_callbacks
    result = self._execute_task(context, task_copy)
  File "/home/airflow/.local/lib/python3.6/site-packages/airflow/models/taskinstance.py", line 1341, in _execute_task
    result = task_copy.execute(context=context)
  File "/home/airflow/.local/lib/python3.6/site-packages/airflow/operators/python.py", line 150, in execute
    return_value = self.execute_callable()
  File "/home/airflow/.local/lib/python3.6/site-packages/airflow/operators/python.py", line 161, in execute_callable
    return self.python_callable(*self.op_args, **self.op_kwargs)
  File "/opt/airflow/dags/seleniumtest.py", line 67, in extract
    cur.execute("INSERT INTO tickers1 values ('" + ticker + "','" + companyname + "')")
psycopg2.DataError: invalid input syntax for type integer: "20MICRONS.BO"
LINE 1: INSERT INTO tickers1 values ('20MICRONS.BO','20 Microns Limi...
                                     ^

[2021-07-12 14:55:38,829] {taskinstance.py:1531} INFO - Marking task as UP_FOR_RETRY. dag_id=ticker_yahoo, task_id=extract_task, execution_date=20210712T145335, start_date=20210712T145340, end_date=20210712T145538
[2021-07-12 14:55:39,078] {local_task_job.py:151} INFO - Task exited with return code 1
