[2021-07-13 09:06:11,304] {taskinstance.py:876} INFO - Dependencies all met for <TaskInstance: ticker_yahoo.extract_task 2021-07-13T09:06:09.495662+00:00 [queued]>
[2021-07-13 09:06:11,331] {taskinstance.py:876} INFO - Dependencies all met for <TaskInstance: ticker_yahoo.extract_task 2021-07-13T09:06:09.495662+00:00 [queued]>
[2021-07-13 09:06:11,332] {taskinstance.py:1067} INFO - 
--------------------------------------------------------------------------------
[2021-07-13 09:06:11,333] {taskinstance.py:1068} INFO - Starting attempt 1 of 2
[2021-07-13 09:06:11,334] {taskinstance.py:1069} INFO - 
--------------------------------------------------------------------------------
[2021-07-13 09:06:11,348] {taskinstance.py:1087} INFO - Executing <Task(PythonOperator): extract_task> on 2021-07-13T09:06:09.495662+00:00
[2021-07-13 09:06:11,359] {standard_task_runner.py:52} INFO - Started process 657 to run task
[2021-07-13 09:06:11,363] {standard_task_runner.py:76} INFO - Running: ['***', 'tasks', 'run', 'ticker_yahoo', 'extract_task', '2021-07-13T09:06:09.495662+00:00', '--job-id', '152', '--pool', 'default_pool', '--raw', '--subdir', 'DAGS_FOLDER/seleniumtest.py', '--cfg-path', '/tmp/tmpxdx_jfb6', '--error-file', '/tmp/tmpxdxshjfu']
[2021-07-13 09:06:11,364] {standard_task_runner.py:77} INFO - Job 152: Subtask extract_task
[2021-07-13 09:06:11,428] {logging_mixin.py:104} INFO - Running <TaskInstance: ticker_yahoo.extract_task 2021-07-13T09:06:09.495662+00:00 [running]> on host a2cbcfd4d6f4
[2021-07-13 09:06:11,518] {taskinstance.py:1282} INFO - Exporting the following env vars:
AIRFLOW_CTX_DAG_OWNER=***
AIRFLOW_CTX_DAG_ID=ticker_yahoo
AIRFLOW_CTX_TASK_ID=extract_task
AIRFLOW_CTX_EXECUTION_DATE=2021-07-13T09:06:09.495662+00:00
AIRFLOW_CTX_DAG_RUN_ID=manual__2021-07-13T09:06:09.495662+00:00
[2021-07-13 09:07:09,253] {logging_mixin.py:104} INFO - [<selenium.webdriver.remote.webelement.WebElement (session="158e0803-fa75-491c-a148-d310e70cef39", element="e5e81a2c-1beb-4ff2-8682-54b6a7677583")>]
[2021-07-13 09:07:09,407] {logging_mixin.py:104} INFO - BBBBBBBBBBBBBBBBBBBBBBBBBBBBBBBB20 Microns Limited (20MICRONS.BO)
[2021-07-13 09:07:09,408] {logging_mixin.py:104} INFO - 20MICRONS.BO
[2021-07-13 09:07:41,786] {logging_mixin.py:104} INFO - [<selenium.webdriver.remote.webelement.WebElement (session="158e0803-fa75-491c-a148-d310e70cef39", element="9492f02e-cfd9-497c-9d60-a16d382e8e3d")>]
[2021-07-13 09:07:41,803] {logging_mixin.py:104} INFO - BBBBBBBBBBBBBBBBBBBBBBBBBBBBBBBB21ST CENTURY MANAG (21STCENMGM.NS)
[2021-07-13 09:07:41,804] {logging_mixin.py:104} INFO - 21STCENMGM.NS
[2021-07-13 09:08:13,281] {logging_mixin.py:104} INFO - [<selenium.webdriver.remote.webelement.WebElement (session="158e0803-fa75-491c-a148-d310e70cef39", element="9492f02e-cfd9-497c-9d60-a16d382e8e3d")>]
[2021-07-13 09:08:13,321] {logging_mixin.py:104} INFO - BBBBBBBBBBBBBBBBBBBBBBBBBBBBBBBB3i Infotech Limited (3IINFOTECH.NS)
[2021-07-13 09:08:13,324] {logging_mixin.py:104} INFO - 3IINFOTECH.NS
[2021-07-13 09:08:45,044] {logging_mixin.py:104} INFO - [<selenium.webdriver.remote.webelement.WebElement (session="158e0803-fa75-491c-a148-d310e70cef39", element="9492f02e-cfd9-497c-9d60-a16d382e8e3d")>]
[2021-07-13 09:08:45,094] {logging_mixin.py:104} INFO - BBBBBBBBBBBBBBBBBBBBBBBBBBBBBBBB3M India Limited (3MINDIA.NS)
[2021-07-13 09:08:45,095] {logging_mixin.py:104} INFO - 3MINDIA.NS
[2021-07-13 09:09:16,542] {logging_mixin.py:104} INFO - [<selenium.webdriver.remote.webelement.WebElement (session="158e0803-fa75-491c-a148-d310e70cef39", element="9492f02e-cfd9-497c-9d60-a16d382e8e3d")>]
[2021-07-13 09:09:16,578] {logging_mixin.py:104} INFO - BBBBBBBBBBBBBBBBBBBBBBBBBBBBBBBB3P LAND HOLDINGS LTD. (3PLAND.BO)
[2021-07-13 09:09:16,579] {logging_mixin.py:104} INFO - 3PLAND.BO
[2021-07-13 09:09:48,292] {logging_mixin.py:104} INFO - [<selenium.webdriver.remote.webelement.WebElement (session="158e0803-fa75-491c-a148-d310e70cef39", element="9492f02e-cfd9-497c-9d60-a16d382e8e3d")>]
[2021-07-13 09:09:48,366] {logging_mixin.py:104} INFO - BBBBBBBBBBBBBBBBBBBBBBBBBBBBBBBB5paisa Capital Limited (5PAISA.NS)
[2021-07-13 09:09:48,368] {logging_mixin.py:104} INFO - 5PAISA.NS
[2021-07-13 09:10:25,989] {logging_mixin.py:104} INFO - [<selenium.webdriver.remote.webelement.WebElement (session="158e0803-fa75-491c-a148-d310e70cef39", element="7d5defa9-694c-4def-9098-01808f81c5d1")>]
[2021-07-13 09:10:26,522] {logging_mixin.py:104} INFO - BBBBBBBBBBBBBBBBBBBBBBBBBBBBBBBB63 MOONS TECHNOLOG (63MOONS.NS)
[2021-07-13 09:10:26,528] {logging_mixin.py:104} INFO - 63MOONS.NS
[2021-07-13 09:10:59,380] {logging_mixin.py:104} INFO - [<selenium.webdriver.remote.webelement.WebElement (session="158e0803-fa75-491c-a148-d310e70cef39", element="7b08c582-6b9c-4d2d-8568-5fe3ac07da4d")>]
[2021-07-13 09:10:59,554] {logging_mixin.py:104} INFO - BBBBBBBBBBBBBBBBBBBBBBBBBBBBBBBBA2Z Infra Engineering Limited (A2ZINFRA.BO)
[2021-07-13 09:10:59,555] {logging_mixin.py:104} INFO - A2ZINFRA.BO
[2021-07-13 09:11:31,775] {logging_mixin.py:104} INFO - [<selenium.webdriver.remote.webelement.WebElement (session="158e0803-fa75-491c-a148-d310e70cef39", element="14796c6d-f657-4d9e-b7a7-88e08ffc6512")>]
[2021-07-13 09:11:31,873] {logging_mixin.py:104} INFO - BBBBBBBBBBBBBBBBBBBBBBBBBBBBBBBBAakash Exploration Services Limited (AAKASH.NS)
[2021-07-13 09:11:31,874] {logging_mixin.py:104} INFO - AAKASH.NS
[2021-07-13 09:12:03,508] {logging_mixin.py:104} INFO - [<selenium.webdriver.remote.webelement.WebElement (session="158e0803-fa75-491c-a148-d310e70cef39", element="6d53a557-f17d-4761-a2b6-4eaf077c26cb")>]
[2021-07-13 09:12:03,543] {logging_mixin.py:104} INFO - BBBBBBBBBBBBBBBBBBBBBBBBBBBBBBBBThe Aaron's Company, Inc. (AAN)
[2021-07-13 09:12:03,544] {logging_mixin.py:104} INFO - AAN
[2021-07-13 09:12:03,549] {taskinstance.py:1481} ERROR - Task failed with exception
Traceback (most recent call last):
  File "/home/airflow/.local/lib/python3.6/site-packages/airflow/models/taskinstance.py", line 1137, in _run_raw_task
    self._prepare_and_execute_task_with_callbacks(context, task)
  File "/home/airflow/.local/lib/python3.6/site-packages/airflow/models/taskinstance.py", line 1311, in _prepare_and_execute_task_with_callbacks
    result = self._execute_task(context, task_copy)
  File "/home/airflow/.local/lib/python3.6/site-packages/airflow/models/taskinstance.py", line 1341, in _execute_task
    result = task_copy.execute(context=context)
  File "/home/airflow/.local/lib/python3.6/site-packages/airflow/operators/python.py", line 150, in execute
    return_value = self.execute_callable()
  File "/home/airflow/.local/lib/python3.6/site-packages/airflow/operators/python.py", line 161, in execute_callable
    return self.python_callable(*self.op_args, **self.op_kwargs)
  File "/opt/airflow/dags/seleniumtest.py", line 68, in extract
    cur.execute("INSERT INTO tickers1 (keyword,companyName) values ('" + ticker + "','" + companyname + "')")
psycopg2.ProgrammingError: syntax error at or near "s"
LINE 1: ...s1 (keyword,companyName) values ('AAN','The Aaron's Company,...
                                                             ^

[2021-07-13 09:12:03,571] {taskinstance.py:1531} INFO - Marking task as UP_FOR_RETRY. dag_id=ticker_yahoo, task_id=extract_task, execution_date=20210713T090609, start_date=20210713T090611, end_date=20210713T091203
[2021-07-13 09:12:03,670] {local_task_job.py:151} INFO - Task exited with return code 1
