[2021-07-16 14:18:55,761] {taskinstance.py:876} INFO - Dependencies all met for <TaskInstance: ticker_yahoo.extract_task 2021-07-16T14:10:39.022312+00:00 [queued]>
[2021-07-16 14:18:55,832] {taskinstance.py:876} INFO - Dependencies all met for <TaskInstance: ticker_yahoo.extract_task 2021-07-16T14:10:39.022312+00:00 [queued]>
[2021-07-16 14:18:55,833] {taskinstance.py:1067} INFO - 
--------------------------------------------------------------------------------
[2021-07-16 14:18:55,834] {taskinstance.py:1068} INFO - Starting attempt 2 of 2
[2021-07-16 14:18:55,835] {taskinstance.py:1069} INFO - 
--------------------------------------------------------------------------------
[2021-07-16 14:18:55,875] {taskinstance.py:1087} INFO - Executing <Task(PythonOperator): extract_task> on 2021-07-16T14:10:39.022312+00:00
[2021-07-16 14:18:55,895] {standard_task_runner.py:52} INFO - Started process 2022 to run task
[2021-07-16 14:18:55,906] {standard_task_runner.py:76} INFO - Running: ['***', 'tasks', 'run', 'ticker_yahoo', 'extract_task', '2021-07-16T14:10:39.022312+00:00', '--job-id', '740', '--pool', 'default_pool', '--raw', '--subdir', 'DAGS_FOLDER/seleniumtest.py', '--cfg-path', '/tmp/tmpiryx3ub5', '--error-file', '/tmp/tmp1gkmq7pi']
[2021-07-16 14:18:55,908] {standard_task_runner.py:77} INFO - Job 740: Subtask extract_task
[2021-07-16 14:18:56,089] {logging_mixin.py:104} INFO - Running <TaskInstance: ticker_yahoo.extract_task 2021-07-16T14:10:39.022312+00:00 [running]> on host 5d5ba9428780
[2021-07-16 14:18:56,366] {taskinstance.py:1282} INFO - Exporting the following env vars:
AIRFLOW_CTX_DAG_OWNER=***
AIRFLOW_CTX_DAG_ID=ticker_yahoo
AIRFLOW_CTX_TASK_ID=extract_task
AIRFLOW_CTX_EXECUTION_DATE=2021-07-16T14:10:39.022312+00:00
AIRFLOW_CTX_DAG_RUN_ID=manual__2021-07-16T14:10:39.022312+00:00
[2021-07-16 14:19:52,103] {logging_mixin.py:104} INFO - comapny name: 20 Microns Limited (20MICRONS.NS)
[2021-07-16 14:19:52,105] {logging_mixin.py:104} INFO - extracted ticker: 20MICRONS.NS
[2021-07-16 14:20:24,807] {logging_mixin.py:104} INFO - comapny name: 21ST CENTURY MANAG (21STCENMGM.NS)
[2021-07-16 14:20:24,811] {logging_mixin.py:104} INFO - extracted ticker: 21STCENMGM.NS
[2021-07-16 14:20:58,605] {logging_mixin.py:104} INFO - comapny name: 3i Infotech Limited (3IINFOTECH.NS)
[2021-07-16 14:20:58,621] {logging_mixin.py:104} INFO - extracted ticker: 3IINFOTECH.NS
[2021-07-16 14:21:34,104] {logging_mixin.py:104} INFO - comapny name: 3M India Limited (3MINDIA.NS)
[2021-07-16 14:21:34,120] {logging_mixin.py:104} INFO - extracted ticker: 3MINDIA.NS
[2021-07-16 14:22:23,295] {logging_mixin.py:104} INFO - comapny name: 3P LAND HOLDINGS L (3PLAND.NS)
[2021-07-16 14:22:23,296] {logging_mixin.py:104} INFO - extracted ticker: 3PLAND.NS
[2021-07-16 14:22:56,917] {logging_mixin.py:104} INFO - comapny name: 5paisa Capital Limited (5PAISA.NS)
[2021-07-16 14:22:56,918] {logging_mixin.py:104} INFO - extracted ticker: 5PAISA.NS
[2021-07-16 14:23:29,122] {logging_mixin.py:104} INFO - comapny name: 63 MOONS TECHNOLOG (63MOONS.NS)
[2021-07-16 14:23:29,125] {logging_mixin.py:104} INFO - extracted ticker: 63MOONS.NS
[2021-07-16 14:24:02,362] {logging_mixin.py:104} INFO - comapny name: A2Z Infra Engineering Limited (A2ZINFRA.NS)
[2021-07-16 14:24:02,363] {logging_mixin.py:104} INFO - extracted ticker: A2ZINFRA.NS
[2021-07-16 14:24:34,999] {logging_mixin.py:104} INFO - comapny name: Aakash Exploration Services Limited (AAKASH.NS)
[2021-07-16 14:24:35,000] {logging_mixin.py:104} INFO - extracted ticker: AAKASH.NS
[2021-07-16 14:25:06,627] {logging_mixin.py:104} INFO - comapny name: The Aaron's Company, Inc. (AAN)
[2021-07-16 14:25:06,629] {logging_mixin.py:104} INFO - extracted ticker: AAN
[2021-07-16 14:25:38,658] {logging_mixin.py:104} INFO - comapny name: Aarti Drugs Limited (AARTIDRUGS.NS)
[2021-07-16 14:25:38,661] {logging_mixin.py:104} INFO - extracted ticker: AARTIDRUGS.NS
[2021-07-16 14:26:11,693] {logging_mixin.py:104} INFO - comapny name: Aarti Industries Limited (AARTIIND.NS)
[2021-07-16 14:26:11,695] {logging_mixin.py:104} INFO - extracted ticker: AARTIIND.NS
[2021-07-16 14:26:44,241] {logging_mixin.py:104} INFO - comapny name: Aarti Surfactants Limited (AARTISURF.NS)
[2021-07-16 14:26:44,244] {logging_mixin.py:104} INFO - extracted ticker: AARTISURF.NS
[2021-07-16 14:27:17,066] {logging_mixin.py:104} INFO - comapny name: Aarvee Denims and Exports Limited (AARVEEDEN.BO)
[2021-07-16 14:27:17,067] {logging_mixin.py:104} INFO - extracted ticker: AARVEEDEN.BO
[2021-07-16 14:27:49,733] {logging_mixin.py:104} INFO - comapny name: Aarvi Encon Limited (AARVI.NS)
[2021-07-16 14:27:49,735] {logging_mixin.py:104} INFO - extracted ticker: AARVI.NS
[2021-07-16 14:28:22,483] {logging_mixin.py:104} INFO - comapny name: Aavas Financiers Limited (AAVAS.NS)
[2021-07-16 14:28:22,484] {logging_mixin.py:104} INFO - extracted ticker: AAVAS.NS
[2021-07-16 14:28:54,131] {logging_mixin.py:104} INFO - comapny name: Automatic Bank Services Limited (ABANF)
[2021-07-16 14:28:54,133] {logging_mixin.py:104} INFO - extracted ticker: ABANF
[2021-07-16 14:29:25,836] {logging_mixin.py:104} INFO - comapny name: ABB Ltd (ABB)
[2021-07-16 14:29:25,854] {logging_mixin.py:104} INFO - extracted ticker: ABB
[2021-07-16 14:29:57,772] {logging_mixin.py:104} INFO - comapny name: Abbott India Limited (ABBOTINDIA.NS)
[2021-07-16 14:29:57,775] {logging_mixin.py:104} INFO - extracted ticker: ABBOTINDIA.NS
[2021-07-16 14:30:00,483] {local_task_job.py:76} ERROR - Received SIGTERM. Terminating subprocesses
[2021-07-16 14:30:00,704] {process_utils.py:100} INFO - Sending Signals.SIGTERM to GPID 2022
[2021-07-16 14:30:01,589] {taskinstance.py:1264} ERROR - Received SIGTERM. Terminating subprocesses.
[2021-07-16 14:30:02,565] {taskinstance.py:1481} ERROR - Task failed with exception
Traceback (most recent call last):
  File "/home/airflow/.local/lib/python3.6/site-packages/airflow/models/taskinstance.py", line 1137, in _run_raw_task
    self._prepare_and_execute_task_with_callbacks(context, task)
  File "/home/airflow/.local/lib/python3.6/site-packages/airflow/models/taskinstance.py", line 1311, in _prepare_and_execute_task_with_callbacks
    result = self._execute_task(context, task_copy)
  File "/home/airflow/.local/lib/python3.6/site-packages/airflow/models/taskinstance.py", line 1341, in _execute_task
    result = task_copy.execute(context=context)
  File "/home/airflow/.local/lib/python3.6/site-packages/airflow/operators/python.py", line 150, in execute
    return_value = self.execute_callable()
  File "/home/airflow/.local/lib/python3.6/site-packages/airflow/operators/python.py", line 161, in execute_callable
    return self.python_callable(*self.op_args, **self.op_kwargs)
  File "/opt/airflow/dags/seleniumtest.py", line 46, in extract
    time.sleep(4)
  File "/home/airflow/.local/lib/python3.6/site-packages/airflow/models/taskinstance.py", line 1266, in signal_handler
    raise AirflowException("Task received SIGTERM signal")
airflow.exceptions.AirflowException: Task received SIGTERM signal
[2021-07-16 14:30:02,679] {taskinstance.py:1531} INFO - Marking task as FAILED. dag_id=ticker_yahoo, task_id=extract_task, execution_date=20210716T141039, start_date=20210716T141855, end_date=20210716T143002
[2021-07-16 14:30:03,133] {process_utils.py:66} INFO - Process psutil.Process(pid=2022, status='terminated', exitcode=1, started='14:18:54') (2022) terminated with exit code 1
