[2021-07-20 09:21:23,981] {taskinstance.py:876} INFO - Dependencies all met for <TaskInstance: ticker_yahoo.extract_task 2021-07-20T07:58:00+00:00 [queued]>
[2021-07-20 09:21:24,163] {taskinstance.py:876} INFO - Dependencies all met for <TaskInstance: ticker_yahoo.extract_task 2021-07-20T07:58:00+00:00 [queued]>
[2021-07-20 09:21:24,174] {taskinstance.py:1067} INFO - 
--------------------------------------------------------------------------------
[2021-07-20 09:21:24,183] {taskinstance.py:1068} INFO - Starting attempt 1 of 2
[2021-07-20 09:21:24,193] {taskinstance.py:1069} INFO - 
--------------------------------------------------------------------------------
[2021-07-20 09:21:24,334] {taskinstance.py:1087} INFO - Executing <Task(PythonOperator): extract_task> on 2021-07-20T07:58:00+00:00
[2021-07-20 09:21:24,416] {standard_task_runner.py:52} INFO - Started process 74 to run task
[2021-07-20 09:21:24,463] {standard_task_runner.py:76} INFO - Running: ['***', 'tasks', 'run', 'ticker_yahoo', 'extract_task', '2021-07-20T07:58:00+00:00', '--job-id', '1721', '--pool', 'default_pool', '--raw', '--subdir', 'DAGS_FOLDER/seleniumtest.py', '--cfg-path', '/tmp/tmpo1mnbi_f', '--error-file', '/tmp/tmpffr8wwjq']
[2021-07-20 09:21:24,483] {standard_task_runner.py:77} INFO - Job 1721: Subtask extract_task
[2021-07-20 09:21:25,900] {logging_mixin.py:104} INFO - Running <TaskInstance: ticker_yahoo.extract_task 2021-07-20T07:58:00+00:00 [running]> on host 13346afafa5b
[2021-07-20 09:21:26,931] {taskinstance.py:1282} INFO - Exporting the following env vars:
AIRFLOW_CTX_DAG_OWNER=***
AIRFLOW_CTX_DAG_ID=ticker_yahoo
AIRFLOW_CTX_TASK_ID=extract_task
AIRFLOW_CTX_EXECUTION_DATE=2021-07-20T07:58:00+00:00
AIRFLOW_CTX_DAG_RUN_ID=scheduled__2021-07-20T07:58:00+00:00
[2021-07-20 09:23:07,284] {logging_mixin.py:104} INFO - comapny name: 20 Microns Limited (20MICRONS.NS)
[2021-07-20 09:23:07,346] {logging_mixin.py:104} INFO - extracted ticker: 20MICRONS.NS
[2021-07-20 09:23:45,061] {logging_mixin.py:104} INFO - comapny name: 21ST CENTURY MANAG (21STCENMGM.NS)
[2021-07-20 09:23:45,065] {logging_mixin.py:104} INFO - extracted ticker: 21STCENMGM.NS
[2021-07-20 09:24:17,531] {logging_mixin.py:104} INFO - comapny name: 3i Infotech Limited (3IINFOTECH.NS)
[2021-07-20 09:24:17,535] {logging_mixin.py:104} INFO - extracted ticker: 3IINFOTECH.NS
[2021-07-20 09:24:49,978] {taskinstance.py:1481} ERROR - Task failed with exception
Traceback (most recent call last):
  File "/home/airflow/.local/lib/python3.6/site-packages/airflow/models/taskinstance.py", line 1137, in _run_raw_task
    self._prepare_and_execute_task_with_callbacks(context, task)
  File "/home/airflow/.local/lib/python3.6/site-packages/airflow/models/taskinstance.py", line 1311, in _prepare_and_execute_task_with_callbacks
    result = self._execute_task(context, task_copy)
  File "/home/airflow/.local/lib/python3.6/site-packages/airflow/models/taskinstance.py", line 1341, in _execute_task
    result = task_copy.execute(context=context)
  File "/home/airflow/.local/lib/python3.6/site-packages/airflow/operators/python.py", line 150, in execute
    return_value = self.execute_callable()
  File "/home/airflow/.local/lib/python3.6/site-packages/airflow/operators/python.py", line 161, in execute_callable
    return self.python_callable(*self.op_args, **self.op_kwargs)
  File "/opt/airflow/dags/seleniumtest.py", line 61, in extract
    ticker = companyname = str(companyname[0].text)
IndexError: list index out of range
[2021-07-20 09:24:50,219] {taskinstance.py:1531} INFO - Marking task as UP_FOR_RETRY. dag_id=ticker_yahoo, task_id=extract_task, execution_date=20210720T075800, start_date=20210720T092124, end_date=20210720T092450
[2021-07-20 09:24:50,916] {local_task_job.py:151} INFO - Task exited with return code 1
