[2021-07-20 09:30:14,859] {taskinstance.py:876} INFO - Dependencies all met for <TaskInstance: ticker_yahoo.extract_task 2021-07-20T07:58:00+00:00 [queued]>
[2021-07-20 09:30:14,961] {taskinstance.py:876} INFO - Dependencies all met for <TaskInstance: ticker_yahoo.extract_task 2021-07-20T07:58:00+00:00 [queued]>
[2021-07-20 09:30:14,963] {taskinstance.py:1067} INFO - 
--------------------------------------------------------------------------------
[2021-07-20 09:30:14,964] {taskinstance.py:1068} INFO - Starting attempt 2 of 2
[2021-07-20 09:30:14,966] {taskinstance.py:1069} INFO - 
--------------------------------------------------------------------------------
[2021-07-20 09:30:15,015] {taskinstance.py:1087} INFO - Executing <Task(PythonOperator): extract_task> on 2021-07-20T07:58:00+00:00
[2021-07-20 09:30:15,088] {standard_task_runner.py:52} INFO - Started process 623 to run task
[2021-07-20 09:30:15,104] {standard_task_runner.py:76} INFO - Running: ['***', 'tasks', 'run', 'ticker_yahoo', 'extract_task', '2021-07-20T07:58:00+00:00', '--job-id', '1769', '--pool', 'default_pool', '--raw', '--subdir', 'DAGS_FOLDER/seleniumtest.py', '--cfg-path', '/tmp/tmpv_52v5xj', '--error-file', '/tmp/tmpmihrev_0']
[2021-07-20 09:30:15,107] {standard_task_runner.py:77} INFO - Job 1769: Subtask extract_task
[2021-07-20 09:30:15,360] {logging_mixin.py:104} INFO - Running <TaskInstance: ticker_yahoo.extract_task 2021-07-20T07:58:00+00:00 [running]> on host 13346afafa5b
[2021-07-20 09:30:15,642] {taskinstance.py:1282} INFO - Exporting the following env vars:
AIRFLOW_CTX_DAG_OWNER=***
AIRFLOW_CTX_DAG_ID=ticker_yahoo
AIRFLOW_CTX_TASK_ID=extract_task
AIRFLOW_CTX_EXECUTION_DATE=2021-07-20T07:58:00+00:00
AIRFLOW_CTX_DAG_RUN_ID=scheduled__2021-07-20T07:58:00+00:00
[2021-07-20 09:31:51,610] {logging_mixin.py:104} INFO - comapny name: 20 Microns Limited (20MICRONS.NS)
[2021-07-20 09:31:51,611] {logging_mixin.py:104} INFO - extracted ticker: 20MICRONS.NS
[2021-07-20 09:32:23,536] {logging_mixin.py:104} INFO - comapny name: 21ST CENTURY MANAG (21STCENMGM.NS)
[2021-07-20 09:32:23,538] {logging_mixin.py:104} INFO - extracted ticker: 21STCENMGM.NS
[2021-07-20 09:32:55,748] {logging_mixin.py:104} INFO - comapny name: 3i Infotech Limited (3IINFOTECH.NS)
[2021-07-20 09:32:55,749] {logging_mixin.py:104} INFO - extracted ticker: 3IINFOTECH.NS
[2021-07-20 09:33:28,268] {logging_mixin.py:104} INFO - comapny name: 3M India Limited (3MINDIA.NS)
[2021-07-20 09:33:28,271] {logging_mixin.py:104} INFO - extracted ticker: 3MINDIA.NS
[2021-07-20 09:34:01,977] {logging_mixin.py:104} INFO - comapny name: 3P LAND HOLDINGS LTD. (3PLAND.BO)
[2021-07-20 09:34:01,982] {logging_mixin.py:104} INFO - extracted ticker: 3PLAND.BO
[2021-07-20 09:34:37,815] {logging_mixin.py:104} INFO - comapny name: 5paisa Capital Limited (5PAISA.NS)
[2021-07-20 09:34:37,816] {logging_mixin.py:104} INFO - extracted ticker: 5PAISA.NS
[2021-07-20 09:35:10,797] {logging_mixin.py:104} INFO - comapny name: 63 MOONS TECHNOLOG (63MOONS.NS)
[2021-07-20 09:35:10,804] {logging_mixin.py:104} INFO - extracted ticker: 63MOONS.NS
[2021-07-20 09:35:44,903] {taskinstance.py:1481} ERROR - Task failed with exception
Traceback (most recent call last):
  File "/home/airflow/.local/lib/python3.6/site-packages/airflow/models/taskinstance.py", line 1137, in _run_raw_task
    self._prepare_and_execute_task_with_callbacks(context, task)
  File "/home/airflow/.local/lib/python3.6/site-packages/airflow/models/taskinstance.py", line 1311, in _prepare_and_execute_task_with_callbacks
    result = self._execute_task(context, task_copy)
  File "/home/airflow/.local/lib/python3.6/site-packages/airflow/models/taskinstance.py", line 1341, in _execute_task
    result = task_copy.execute(context=context)
  File "/home/airflow/.local/lib/python3.6/site-packages/airflow/operators/python.py", line 150, in execute
    return_value = self.execute_callable()
  File "/home/airflow/.local/lib/python3.6/site-packages/airflow/operators/python.py", line 161, in execute_callable
    return self.python_callable(*self.op_args, **self.op_kwargs)
  File "/opt/airflow/dags/seleniumtest.py", line 61, in extract
    ticker = companyname = str(companyname[0].text)
IndexError: list index out of range
[2021-07-20 09:35:50,879] {taskinstance.py:1531} INFO - Marking task as FAILED. dag_id=ticker_yahoo, task_id=extract_task, execution_date=20210720T075800, start_date=20210720T093014, end_date=20210720T093548
[2021-07-20 09:35:55,364] {local_task_job.py:151} INFO - Task exited with return code 1
