[2021-07-16 14:05:28,617] {taskinstance.py:876} INFO - Dependencies all met for <TaskInstance: ticker_yahoo.extract_task 2021-07-16T14:05:23.511839+00:00 [queued]>
[2021-07-16 14:05:28,660] {taskinstance.py:876} INFO - Dependencies all met for <TaskInstance: ticker_yahoo.extract_task 2021-07-16T14:05:23.511839+00:00 [queued]>
[2021-07-16 14:05:28,660] {taskinstance.py:1067} INFO - 
--------------------------------------------------------------------------------
[2021-07-16 14:05:28,661] {taskinstance.py:1068} INFO - Starting attempt 1 of 2
[2021-07-16 14:05:28,662] {taskinstance.py:1069} INFO - 
--------------------------------------------------------------------------------
[2021-07-16 14:05:28,691] {taskinstance.py:1087} INFO - Executing <Task(PythonOperator): extract_task> on 2021-07-16T14:05:23.511839+00:00
[2021-07-16 14:05:28,705] {standard_task_runner.py:52} INFO - Started process 1262 to run task
[2021-07-16 14:05:28,710] {standard_task_runner.py:76} INFO - Running: ['***', 'tasks', 'run', 'ticker_yahoo', 'extract_task', '2021-07-16T14:05:23.511839+00:00', '--job-id', '737', '--pool', 'default_pool', '--raw', '--subdir', 'DAGS_FOLDER/seleniumtest.py', '--cfg-path', '/tmp/tmpqfv6dks2', '--error-file', '/tmp/tmpj5f6l3hv']
[2021-07-16 14:05:28,711] {standard_task_runner.py:77} INFO - Job 737: Subtask extract_task
[2021-07-16 14:05:28,774] {logging_mixin.py:104} INFO - Running <TaskInstance: ticker_yahoo.extract_task 2021-07-16T14:05:23.511839+00:00 [running]> on host 5d5ba9428780
[2021-07-16 14:05:28,878] {taskinstance.py:1282} INFO - Exporting the following env vars:
AIRFLOW_CTX_DAG_OWNER=***
AIRFLOW_CTX_DAG_ID=ticker_yahoo
AIRFLOW_CTX_TASK_ID=extract_task
AIRFLOW_CTX_EXECUTION_DATE=2021-07-16T14:05:23.511839+00:00
AIRFLOW_CTX_DAG_RUN_ID=manual__2021-07-16T14:05:23.511839+00:00
[2021-07-16 14:06:23,342] {logging_mixin.py:104} INFO - [<selenium.webdriver.remote.webelement.WebElement (session="6d29c870-f372-4f27-ae0a-f699adf70a67", element="81e9dcaa-9f1e-49cf-8ca9-4555f6459bad")>]
[2021-07-16 14:06:23,478] {logging_mixin.py:104} INFO - BBBBBBBBBBBBBBBBBBBBBBBBBBBBBBBB20 Microns Limited (20MICRONS.NS)
[2021-07-16 14:06:23,515] {taskinstance.py:1481} ERROR - Task failed with exception
Traceback (most recent call last):
  File "/home/airflow/.local/lib/python3.6/site-packages/airflow/models/taskinstance.py", line 1137, in _run_raw_task
    self._prepare_and_execute_task_with_callbacks(context, task)
  File "/home/airflow/.local/lib/python3.6/site-packages/airflow/models/taskinstance.py", line 1311, in _prepare_and_execute_task_with_callbacks
    result = self._execute_task(context, task_copy)
  File "/home/airflow/.local/lib/python3.6/site-packages/airflow/models/taskinstance.py", line 1341, in _execute_task
    result = task_copy.execute(context=context)
  File "/home/airflow/.local/lib/python3.6/site-packages/airflow/operators/python.py", line 150, in execute
    return_value = self.execute_callable()
  File "/home/airflow/.local/lib/python3.6/site-packages/airflow/operators/python.py", line 161, in execute_callable
    return self.python_callable(*self.op_args, **self.op_kwargs)
  File "/opt/airflow/dags/seleniumtest.py", line 64, in extract
    ticker = ticker[::-1]
UnboundLocalError: local variable 'ticker' referenced before assignment
[2021-07-16 14:06:23,619] {taskinstance.py:1531} INFO - Marking task as UP_FOR_RETRY. dag_id=ticker_yahoo, task_id=extract_task, execution_date=20210716T140523, start_date=20210716T140528, end_date=20210716T140623
[2021-07-16 14:06:23,945] {local_task_job.py:151} INFO - Task exited with return code 1
