[2021-07-12 14:23:12,577] {taskinstance.py:876} INFO - Dependencies all met for <TaskInstance: ticker_yahoo.extract_task 2021-07-12T14:22:39.508834+00:00 [queued]>
[2021-07-12 14:23:12,908] {taskinstance.py:876} INFO - Dependencies all met for <TaskInstance: ticker_yahoo.extract_task 2021-07-12T14:22:39.508834+00:00 [queued]>
[2021-07-12 14:23:12,924] {taskinstance.py:1067} INFO - 
--------------------------------------------------------------------------------
[2021-07-12 14:23:12,940] {taskinstance.py:1068} INFO - Starting attempt 1 of 2
[2021-07-12 14:23:12,956] {taskinstance.py:1069} INFO - 
--------------------------------------------------------------------------------
[2021-07-12 14:23:13,223] {taskinstance.py:1087} INFO - Executing <Task(PythonOperator): extract_task> on 2021-07-12T14:22:39.508834+00:00
[2021-07-12 14:23:13,350] {standard_task_runner.py:52} INFO - Started process 3145 to run task
[2021-07-12 14:23:13,392] {standard_task_runner.py:76} INFO - Running: ['***', 'tasks', 'run', 'ticker_yahoo', 'extract_task', '2021-07-12T14:22:39.508834+00:00', '--job-id', '27', '--pool', 'default_pool', '--raw', '--subdir', 'DAGS_FOLDER/seleniumtest.py', '--cfg-path', '/tmp/tmpawh54x4k', '--error-file', '/tmp/tmp0sv6_wkb']
[2021-07-12 14:23:13,425] {standard_task_runner.py:77} INFO - Job 27: Subtask extract_task
[2021-07-12 14:23:13,782] {logging_mixin.py:104} INFO - Running <TaskInstance: ticker_yahoo.extract_task 2021-07-12T14:22:39.508834+00:00 [running]> on host f29b1d03ad56
[2021-07-12 14:23:14,306] {taskinstance.py:1282} INFO - Exporting the following env vars:
AIRFLOW_CTX_DAG_OWNER=***
AIRFLOW_CTX_DAG_ID=ticker_yahoo
AIRFLOW_CTX_TASK_ID=extract_task
AIRFLOW_CTX_EXECUTION_DATE=2021-07-12T14:22:39.508834+00:00
AIRFLOW_CTX_DAG_RUN_ID=manual__2021-07-12T14:22:39.508834+00:00
[2021-07-12 14:25:25,824] {taskinstance.py:1481} ERROR - Task failed with exception
Traceback (most recent call last):
  File "/home/airflow/.local/lib/python3.6/site-packages/airflow/models/taskinstance.py", line 1137, in _run_raw_task
    self._prepare_and_execute_task_with_callbacks(context, task)
  File "/home/airflow/.local/lib/python3.6/site-packages/airflow/models/taskinstance.py", line 1311, in _prepare_and_execute_task_with_callbacks
    result = self._execute_task(context, task_copy)
  File "/home/airflow/.local/lib/python3.6/site-packages/airflow/models/taskinstance.py", line 1341, in _execute_task
    result = task_copy.execute(context=context)
  File "/home/airflow/.local/lib/python3.6/site-packages/airflow/operators/python.py", line 150, in execute
    return_value = self.execute_callable()
  File "/home/airflow/.local/lib/python3.6/site-packages/airflow/operators/python.py", line 161, in execute_callable
    return self.python_callable(*self.op_args, **self.op_kwargs)
  File "/opt/airflow/dags/seleniumtest.py", line 64, in extract
    cur.execute("INSERT INTO tickers1 values ('" + ticker + "','" + companyname + "')")
psycopg2.DataError: invalid input syntax for type integer: "20MICRONS.NS"
LINE 1: INSERT INTO tickers1 values ('20MICRONS.NS','20 Microns Limi...
                                     ^

[2021-07-12 14:25:25,909] {taskinstance.py:1531} INFO - Marking task as UP_FOR_RETRY. dag_id=ticker_yahoo, task_id=extract_task, execution_date=20210712T142239, start_date=20210712T142312, end_date=20210712T142525
[2021-07-12 14:25:26,146] {local_task_job.py:151} INFO - Task exited with return code 1
