[2021-07-21 11:01:41,797] {scheduler_job.py:182} INFO - Started process (PID=60) to work on /opt/airflow/dags/newdag.py
[2021-07-21 11:01:41,801] {scheduler_job.py:633} INFO - Processing file /opt/airflow/dags/newdag.py for tasks to queue
[2021-07-21 11:01:41,804] {logging_mixin.py:104} INFO - [2021-07-21 11:01:41,803] {dagbag.py:487} INFO - Filling up the DagBag from /opt/airflow/dags/newdag.py
[2021-07-21 11:01:42,027] {logging_mixin.py:104} WARNING - /home/airflow/.local/lib/python3.6/site-packages/airflow/providers/postgres/operators/postgres.py:25 DeprecationWarning: This decorator is deprecated.

In previous versions, all subclasses of BaseOperator must use apply_default decorator for the`default_args` feature to work properly.

In current version, it is optional. The decorator is applied automatically using the metaclass.
[2021-07-21 11:02:00,512] {logging_mixin.py:104} WARNING - [nltk_data] Downloading package vader_lexicon to
[nltk_data]     /home/airflow/nltk_data...
[2021-07-21 11:02:00,565] {logging_mixin.py:104} WARNING - [nltk_data]   Package vader_lexicon is already up-to-date!
[2021-07-21 11:02:10,280] {scheduler_job.py:645} WARNING - No viable dags retrieved from /opt/airflow/dags/newdag.py
[2021-07-21 11:02:10,453] {scheduler_job.py:190} INFO - Processing /opt/airflow/dags/newdag.py took 28.665 seconds
[2021-07-21 11:02:41,575] {scheduler_job.py:182} INFO - Started process (PID=123) to work on /opt/airflow/dags/newdag.py
[2021-07-21 11:02:41,596] {scheduler_job.py:633} INFO - Processing file /opt/airflow/dags/newdag.py for tasks to queue
[2021-07-21 11:02:41,601] {logging_mixin.py:104} INFO - [2021-07-21 11:02:41,600] {dagbag.py:487} INFO - Filling up the DagBag from /opt/airflow/dags/newdag.py
[2021-07-21 11:02:42,121] {logging_mixin.py:104} WARNING - /home/airflow/.local/lib/python3.6/site-packages/airflow/providers/postgres/operators/postgres.py:25 DeprecationWarning: This decorator is deprecated.

In previous versions, all subclasses of BaseOperator must use apply_default decorator for the`default_args` feature to work properly.

In current version, it is optional. The decorator is applied automatically using the metaclass.
[2021-07-21 11:02:47,435] {logging_mixin.py:104} WARNING - [nltk_data] Downloading package vader_lexicon to
[nltk_data]     /home/airflow/nltk_data...
[2021-07-21 11:02:47,454] {logging_mixin.py:104} WARNING - [nltk_data]   Package vader_lexicon is already up-to-date!
[2021-07-21 11:02:52,401] {scheduler_job.py:645} WARNING - No viable dags retrieved from /opt/airflow/dags/newdag.py
[2021-07-21 11:02:52,480] {scheduler_job.py:190} INFO - Processing /opt/airflow/dags/newdag.py took 10.926 seconds
[2021-07-21 11:03:23,403] {scheduler_job.py:182} INFO - Started process (PID=163) to work on /opt/airflow/dags/newdag.py
[2021-07-21 11:03:23,416] {scheduler_job.py:633} INFO - Processing file /opt/airflow/dags/newdag.py for tasks to queue
[2021-07-21 11:03:23,464] {logging_mixin.py:104} INFO - [2021-07-21 11:03:23,456] {dagbag.py:487} INFO - Filling up the DagBag from /opt/airflow/dags/newdag.py
[2021-07-21 11:03:24,779] {logging_mixin.py:104} WARNING - /home/airflow/.local/lib/python3.6/site-packages/airflow/providers/postgres/operators/postgres.py:25 DeprecationWarning: This decorator is deprecated.

In previous versions, all subclasses of BaseOperator must use apply_default decorator for the`default_args` feature to work properly.

In current version, it is optional. The decorator is applied automatically using the metaclass.
[2021-07-21 11:03:41,509] {logging_mixin.py:104} WARNING - [nltk_data] Downloading package vader_lexicon to
[nltk_data]     /home/airflow/nltk_data...
[2021-07-21 11:03:41,528] {logging_mixin.py:104} WARNING - [nltk_data]   Package vader_lexicon is already up-to-date!
[2021-07-21 11:03:48,649] {scheduler_job.py:645} WARNING - No viable dags retrieved from /opt/airflow/dags/newdag.py
[2021-07-21 11:03:48,746] {scheduler_job.py:190} INFO - Processing /opt/airflow/dags/newdag.py took 25.493 seconds
[2021-07-21 11:04:21,677] {scheduler_job.py:182} INFO - Started process (PID=213) to work on /opt/airflow/dags/newdag.py
[2021-07-21 11:04:21,781] {scheduler_job.py:633} INFO - Processing file /opt/airflow/dags/newdag.py for tasks to queue
[2021-07-21 11:04:21,877] {logging_mixin.py:104} INFO - [2021-07-21 11:04:21,877] {dagbag.py:487} INFO - Filling up the DagBag from /opt/airflow/dags/newdag.py
[2021-07-21 11:04:24,273] {logging_mixin.py:104} WARNING - /home/airflow/.local/lib/python3.6/site-packages/airflow/providers/postgres/operators/postgres.py:25 DeprecationWarning: This decorator is deprecated.

In previous versions, all subclasses of BaseOperator must use apply_default decorator for the`default_args` feature to work properly.

In current version, it is optional. The decorator is applied automatically using the metaclass.
[2021-07-21 11:04:52,224] {logging_mixin.py:104} INFO - [2021-07-21 11:04:52,224] {timeout.py:36} ERROR - Process timed out, PID: 213
[2021-07-21 11:04:53,593] {logging_mixin.py:104} INFO - [2021-07-21 11:04:52,272] {dagbag.py:320} ERROR - Failed to import: /opt/airflow/dags/newdag.py
Traceback (most recent call last):
  File "/home/airflow/.local/lib/python3.6/site-packages/airflow/models/dagbag.py", line 317, in _load_modules_from_file
    loader.exec_module(new_module)
  File "<frozen importlib._bootstrap_external>", line 678, in exec_module
  File "<frozen importlib._bootstrap>", line 219, in _call_with_frames_removed
  File "/opt/airflow/dags/newdag.py", line 19, in <module>
    import nltk
  File "/home/airflow/.local/lib/python3.6/site-packages/nltk/__init__.py", line 149, in <module>
    from nltk.translate import *
  File "/home/airflow/.local/lib/python3.6/site-packages/nltk/translate/__init__.py", line 23, in <module>
    from nltk.translate.meteor_score import meteor_score as meteor
  File "/home/airflow/.local/lib/python3.6/site-packages/nltk/translate/meteor_score.py", line 10, in <module>
    from nltk.stem.porter import PorterStemmer
  File "/home/airflow/.local/lib/python3.6/site-packages/nltk/stem/__init__.py", line 29, in <module>
    from nltk.stem.snowball import SnowballStemmer
  File "/home/airflow/.local/lib/python3.6/site-packages/nltk/stem/snowball.py", line 29, in <module>
    from nltk.corpus import stopwords
  File "/home/airflow/.local/lib/python3.6/site-packages/nltk/corpus/__init__.py", line 66, in <module>
    from nltk.corpus.reader import *
  File "/home/airflow/.local/lib/python3.6/site-packages/nltk/corpus/reader/__init__.py", line 91, in <module>
    from nltk.corpus.reader.semcor import *
  File "<frozen importlib._bootstrap>", line 971, in _find_and_load
  File "<frozen importlib._bootstrap>", line 955, in _find_and_load_unlocked
  File "<frozen importlib._bootstrap>", line 665, in _load_unlocked
  File "<frozen importlib._bootstrap_external>", line 674, in exec_module
  File "<frozen importlib._bootstrap_external>", line 764, in get_code
  File "<frozen importlib._bootstrap_external>", line 833, in get_data
  File "/home/airflow/.local/lib/python3.6/site-packages/airflow/utils/timeout.py", line 37, in handle_timeout
    raise AirflowTaskTimeout(self.error_message)
airflow.exceptions.AirflowTaskTimeout: DagBag import timeout for /opt/airflow/dags/newdag.py after 30.0s, PID: 213
[2021-07-21 11:04:53,747] {scheduler_job.py:645} WARNING - No viable dags retrieved from /opt/airflow/dags/newdag.py
[2021-07-21 11:04:54,218] {scheduler_job.py:190} INFO - Processing /opt/airflow/dags/newdag.py took 33.387 seconds
[2021-07-21 11:05:25,424] {scheduler_job.py:182} INFO - Started process (PID=273) to work on /opt/airflow/dags/newdag.py
[2021-07-21 11:05:25,430] {scheduler_job.py:633} INFO - Processing file /opt/airflow/dags/newdag.py for tasks to queue
[2021-07-21 11:05:25,476] {logging_mixin.py:104} INFO - [2021-07-21 11:05:25,476] {dagbag.py:487} INFO - Filling up the DagBag from /opt/airflow/dags/newdag.py
[2021-07-21 11:05:26,152] {logging_mixin.py:104} WARNING - /home/airflow/.local/lib/python3.6/site-packages/airflow/providers/postgres/operators/postgres.py:25 DeprecationWarning: This decorator is deprecated.

In previous versions, all subclasses of BaseOperator must use apply_default decorator for the`default_args` feature to work properly.

In current version, it is optional. The decorator is applied automatically using the metaclass.
[2021-07-21 11:05:42,994] {logging_mixin.py:104} WARNING - [nltk_data] Error loading vader_lexicon: <urlopen error [Errno -3]
[nltk_data]     Temporary failure in name resolution>
[2021-07-21 11:05:48,588] {scheduler_job.py:645} WARNING - No viable dags retrieved from /opt/airflow/dags/newdag.py
[2021-07-21 11:05:48,721] {scheduler_job.py:190} INFO - Processing /opt/airflow/dags/newdag.py took 23.335 seconds
[2021-07-21 11:14:22,135] {scheduler_job.py:182} INFO - Started process (PID=54) to work on /opt/airflow/dags/newdag.py
[2021-07-21 11:14:22,141] {scheduler_job.py:633} INFO - Processing file /opt/airflow/dags/newdag.py for tasks to queue
[2021-07-21 11:14:22,150] {logging_mixin.py:104} INFO - [2021-07-21 11:14:22,148] {dagbag.py:487} INFO - Filling up the DagBag from /opt/airflow/dags/newdag.py
[2021-07-21 11:14:22,243] {logging_mixin.py:104} WARNING - /home/airflow/.local/lib/python3.6/site-packages/airflow/providers/postgres/operators/postgres.py:25 DeprecationWarning: This decorator is deprecated.

In previous versions, all subclasses of BaseOperator must use apply_default decorator for the`default_args` feature to work properly.

In current version, it is optional. The decorator is applied automatically using the metaclass.
[2021-07-21 11:14:28,034] {logging_mixin.py:104} WARNING - [nltk_data] Downloading package vader_lexicon to
[nltk_data]     /home/airflow/nltk_data...
[2021-07-21 11:14:40,393] {scheduler_job.py:645} WARNING - No viable dags retrieved from /opt/airflow/dags/newdag.py
[2021-07-21 11:14:40,413] {scheduler_job.py:190} INFO - Processing /opt/airflow/dags/newdag.py took 18.285 seconds
[2021-07-21 11:15:12,264] {scheduler_job.py:182} INFO - Started process (PID=105) to work on /opt/airflow/dags/newdag.py
[2021-07-21 11:15:12,279] {scheduler_job.py:633} INFO - Processing file /opt/airflow/dags/newdag.py for tasks to queue
[2021-07-21 11:15:12,292] {logging_mixin.py:104} INFO - [2021-07-21 11:15:12,292] {dagbag.py:487} INFO - Filling up the DagBag from /opt/airflow/dags/newdag.py
[2021-07-21 11:15:13,306] {logging_mixin.py:104} WARNING - /home/airflow/.local/lib/python3.6/site-packages/airflow/providers/postgres/operators/postgres.py:25 DeprecationWarning: This decorator is deprecated.

In previous versions, all subclasses of BaseOperator must use apply_default decorator for the`default_args` feature to work properly.

In current version, it is optional. The decorator is applied automatically using the metaclass.
[2021-07-21 11:15:21,945] {logging_mixin.py:104} WARNING - [nltk_data] Downloading package vader_lexicon to
[nltk_data]     /home/airflow/nltk_data...
[2021-07-21 11:15:21,948] {logging_mixin.py:104} WARNING - [nltk_data]   Package vader_lexicon is already up-to-date!
[2021-07-21 11:15:24,391] {scheduler_job.py:645} WARNING - No viable dags retrieved from /opt/airflow/dags/newdag.py
[2021-07-21 11:15:24,440] {scheduler_job.py:190} INFO - Processing /opt/airflow/dags/newdag.py took 13.065 seconds
[2021-07-21 11:15:54,638] {scheduler_job.py:182} INFO - Started process (PID=152) to work on /opt/airflow/dags/newdag.py
[2021-07-21 11:15:54,642] {scheduler_job.py:633} INFO - Processing file /opt/airflow/dags/newdag.py for tasks to queue
[2021-07-21 11:15:54,646] {logging_mixin.py:104} INFO - [2021-07-21 11:15:54,646] {dagbag.py:487} INFO - Filling up the DagBag from /opt/airflow/dags/newdag.py
[2021-07-21 11:15:54,748] {logging_mixin.py:104} WARNING - /home/airflow/.local/lib/python3.6/site-packages/airflow/providers/postgres/operators/postgres.py:25 DeprecationWarning: This decorator is deprecated.

In previous versions, all subclasses of BaseOperator must use apply_default decorator for the`default_args` feature to work properly.

In current version, it is optional. The decorator is applied automatically using the metaclass.
[2021-07-21 11:15:57,105] {logging_mixin.py:104} WARNING - [nltk_data] Downloading package vader_lexicon to
[nltk_data]     /home/airflow/nltk_data...
[2021-07-21 11:15:57,108] {logging_mixin.py:104} WARNING - [nltk_data]   Package vader_lexicon is already up-to-date!
[2021-07-21 11:15:59,011] {scheduler_job.py:645} WARNING - No viable dags retrieved from /opt/airflow/dags/newdag.py
[2021-07-21 11:15:59,044] {scheduler_job.py:190} INFO - Processing /opt/airflow/dags/newdag.py took 4.416 seconds
[2021-07-21 11:16:29,608] {scheduler_job.py:182} INFO - Started process (PID=192) to work on /opt/airflow/dags/newdag.py
[2021-07-21 11:16:29,610] {scheduler_job.py:633} INFO - Processing file /opt/airflow/dags/newdag.py for tasks to queue
[2021-07-21 11:16:29,612] {logging_mixin.py:104} INFO - [2021-07-21 11:16:29,612] {dagbag.py:487} INFO - Filling up the DagBag from /opt/airflow/dags/newdag.py
[2021-07-21 11:16:29,671] {logging_mixin.py:104} WARNING - /home/airflow/.local/lib/python3.6/site-packages/airflow/providers/postgres/operators/postgres.py:25 DeprecationWarning: This decorator is deprecated.

In previous versions, all subclasses of BaseOperator must use apply_default decorator for the`default_args` feature to work properly.

In current version, it is optional. The decorator is applied automatically using the metaclass.
[2021-07-21 11:16:30,919] {logging_mixin.py:104} WARNING - [nltk_data] Downloading package vader_lexicon to
[nltk_data]     /home/airflow/nltk_data...
[2021-07-21 11:16:30,921] {logging_mixin.py:104} WARNING - [nltk_data]   Package vader_lexicon is already up-to-date!
[2021-07-21 11:16:32,107] {scheduler_job.py:645} WARNING - No viable dags retrieved from /opt/airflow/dags/newdag.py
[2021-07-21 11:16:32,139] {scheduler_job.py:190} INFO - Processing /opt/airflow/dags/newdag.py took 2.535 seconds
[2021-07-21 11:17:02,453] {scheduler_job.py:182} INFO - Started process (PID=249) to work on /opt/airflow/dags/newdag.py
[2021-07-21 11:17:02,456] {scheduler_job.py:633} INFO - Processing file /opt/airflow/dags/newdag.py for tasks to queue
[2021-07-21 11:17:02,457] {logging_mixin.py:104} INFO - [2021-07-21 11:17:02,457] {dagbag.py:487} INFO - Filling up the DagBag from /opt/airflow/dags/newdag.py
[2021-07-21 11:17:02,515] {logging_mixin.py:104} WARNING - /home/airflow/.local/lib/python3.6/site-packages/airflow/providers/postgres/operators/postgres.py:25 DeprecationWarning: This decorator is deprecated.

In previous versions, all subclasses of BaseOperator must use apply_default decorator for the`default_args` feature to work properly.

In current version, it is optional. The decorator is applied automatically using the metaclass.
[2021-07-21 11:17:04,259] {logging_mixin.py:104} WARNING - [nltk_data] Downloading package vader_lexicon to
[nltk_data]     /home/airflow/nltk_data...
[2021-07-21 11:17:04,262] {logging_mixin.py:104} WARNING - [nltk_data]   Package vader_lexicon is already up-to-date!
[2021-07-21 11:17:05,724] {scheduler_job.py:645} WARNING - No viable dags retrieved from /opt/airflow/dags/newdag.py
[2021-07-21 11:17:05,782] {scheduler_job.py:190} INFO - Processing /opt/airflow/dags/newdag.py took 3.333 seconds
[2021-07-21 11:17:36,111] {scheduler_job.py:182} INFO - Started process (PID=282) to work on /opt/airflow/dags/newdag.py
[2021-07-21 11:17:36,114] {scheduler_job.py:633} INFO - Processing file /opt/airflow/dags/newdag.py for tasks to queue
[2021-07-21 11:17:36,312] {logging_mixin.py:104} INFO - [2021-07-21 11:17:36,312] {dagbag.py:487} INFO - Filling up the DagBag from /opt/airflow/dags/newdag.py
[2021-07-21 11:17:36,949] {logging_mixin.py:104} WARNING - /home/airflow/.local/lib/python3.6/site-packages/airflow/providers/postgres/operators/postgres.py:25 DeprecationWarning: This decorator is deprecated.

In previous versions, all subclasses of BaseOperator must use apply_default decorator for the`default_args` feature to work properly.

In current version, it is optional. The decorator is applied automatically using the metaclass.
[2021-07-21 11:17:43,663] {logging_mixin.py:104} WARNING - [nltk_data] Downloading package vader_lexicon to
[nltk_data]     /home/airflow/nltk_data...
[2021-07-21 11:17:43,674] {logging_mixin.py:104} WARNING - [nltk_data]   Package vader_lexicon is already up-to-date!
[2021-07-21 11:17:46,243] {scheduler_job.py:645} WARNING - No viable dags retrieved from /opt/airflow/dags/newdag.py
[2021-07-21 11:17:46,593] {scheduler_job.py:190} INFO - Processing /opt/airflow/dags/newdag.py took 10.488 seconds
[2021-07-21 11:18:17,570] {scheduler_job.py:182} INFO - Started process (PID=326) to work on /opt/airflow/dags/newdag.py
[2021-07-21 11:18:17,682] {scheduler_job.py:633} INFO - Processing file /opt/airflow/dags/newdag.py for tasks to queue
[2021-07-21 11:18:17,760] {logging_mixin.py:104} INFO - [2021-07-21 11:18:17,759] {dagbag.py:487} INFO - Filling up the DagBag from /opt/airflow/dags/newdag.py
[2021-07-21 11:18:18,433] {logging_mixin.py:104} WARNING - /home/airflow/.local/lib/python3.6/site-packages/airflow/providers/postgres/operators/postgres.py:25 DeprecationWarning: This decorator is deprecated.

In previous versions, all subclasses of BaseOperator must use apply_default decorator for the`default_args` feature to work properly.

In current version, it is optional. The decorator is applied automatically using the metaclass.
[2021-07-21 11:18:24,114] {logging_mixin.py:104} WARNING - [nltk_data] Downloading package vader_lexicon to
[nltk_data]     /home/airflow/nltk_data...
[2021-07-21 11:18:24,117] {logging_mixin.py:104} WARNING - [nltk_data]   Package vader_lexicon is already up-to-date!
[2021-07-21 11:18:27,142] {scheduler_job.py:645} WARNING - No viable dags retrieved from /opt/airflow/dags/newdag.py
[2021-07-21 11:18:27,191] {scheduler_job.py:190} INFO - Processing /opt/airflow/dags/newdag.py took 9.630 seconds
[2021-07-21 11:18:57,374] {scheduler_job.py:182} INFO - Started process (PID=347) to work on /opt/airflow/dags/newdag.py
[2021-07-21 11:18:57,378] {scheduler_job.py:633} INFO - Processing file /opt/airflow/dags/newdag.py for tasks to queue
[2021-07-21 11:18:57,381] {logging_mixin.py:104} INFO - [2021-07-21 11:18:57,381] {dagbag.py:487} INFO - Filling up the DagBag from /opt/airflow/dags/newdag.py
[2021-07-21 11:18:57,458] {logging_mixin.py:104} WARNING - /home/airflow/.local/lib/python3.6/site-packages/airflow/providers/postgres/operators/postgres.py:25 DeprecationWarning: This decorator is deprecated.

In previous versions, all subclasses of BaseOperator must use apply_default decorator for the`default_args` feature to work properly.

In current version, it is optional. The decorator is applied automatically using the metaclass.
[2021-07-21 11:18:58,948] {logging_mixin.py:104} WARNING - [nltk_data] Downloading package vader_lexicon to
[nltk_data]     /home/airflow/nltk_data...
[2021-07-21 11:18:58,949] {logging_mixin.py:104} WARNING - [nltk_data]   Package vader_lexicon is already up-to-date!
[2021-07-21 11:18:59,864] {scheduler_job.py:645} WARNING - No viable dags retrieved from /opt/airflow/dags/newdag.py
[2021-07-21 11:18:59,883] {scheduler_job.py:190} INFO - Processing /opt/airflow/dags/newdag.py took 2.514 seconds
[2021-07-21 11:19:30,099] {scheduler_job.py:182} INFO - Started process (PID=385) to work on /opt/airflow/dags/newdag.py
[2021-07-21 11:19:30,101] {scheduler_job.py:633} INFO - Processing file /opt/airflow/dags/newdag.py for tasks to queue
[2021-07-21 11:19:30,103] {logging_mixin.py:104} INFO - [2021-07-21 11:19:30,103] {dagbag.py:487} INFO - Filling up the DagBag from /opt/airflow/dags/newdag.py
[2021-07-21 11:19:30,178] {logging_mixin.py:104} WARNING - /home/airflow/.local/lib/python3.6/site-packages/airflow/providers/postgres/operators/postgres.py:25 DeprecationWarning: This decorator is deprecated.

In previous versions, all subclasses of BaseOperator must use apply_default decorator for the`default_args` feature to work properly.

In current version, it is optional. The decorator is applied automatically using the metaclass.
[2021-07-21 11:19:32,189] {logging_mixin.py:104} WARNING - [nltk_data] Downloading package vader_lexicon to
[nltk_data]     /home/airflow/nltk_data...
[2021-07-21 11:19:32,190] {logging_mixin.py:104} WARNING - [nltk_data]   Package vader_lexicon is already up-to-date!
[2021-07-21 11:19:33,210] {scheduler_job.py:645} WARNING - No viable dags retrieved from /opt/airflow/dags/newdag.py
[2021-07-21 11:19:33,270] {scheduler_job.py:190} INFO - Processing /opt/airflow/dags/newdag.py took 3.175 seconds
[2021-07-21 11:20:03,508] {scheduler_job.py:182} INFO - Started process (PID=425) to work on /opt/airflow/dags/newdag.py
[2021-07-21 11:20:03,512] {scheduler_job.py:633} INFO - Processing file /opt/airflow/dags/newdag.py for tasks to queue
[2021-07-21 11:20:03,514] {logging_mixin.py:104} INFO - [2021-07-21 11:20:03,514] {dagbag.py:487} INFO - Filling up the DagBag from /opt/airflow/dags/newdag.py
[2021-07-21 11:20:03,574] {logging_mixin.py:104} WARNING - /home/airflow/.local/lib/python3.6/site-packages/airflow/providers/postgres/operators/postgres.py:25 DeprecationWarning: This decorator is deprecated.

In previous versions, all subclasses of BaseOperator must use apply_default decorator for the`default_args` feature to work properly.

In current version, it is optional. The decorator is applied automatically using the metaclass.
[2021-07-21 11:20:04,895] {logging_mixin.py:104} WARNING - [nltk_data] Downloading package vader_lexicon to
[nltk_data]     /home/airflow/nltk_data...
[2021-07-21 11:20:04,896] {logging_mixin.py:104} WARNING - [nltk_data]   Package vader_lexicon is already up-to-date!
[2021-07-21 11:20:05,944] {scheduler_job.py:645} WARNING - No viable dags retrieved from /opt/airflow/dags/newdag.py
[2021-07-21 11:20:05,967] {scheduler_job.py:190} INFO - Processing /opt/airflow/dags/newdag.py took 2.465 seconds
[2021-07-21 11:20:36,465] {scheduler_job.py:182} INFO - Started process (PID=476) to work on /opt/airflow/dags/newdag.py
[2021-07-21 11:20:36,467] {scheduler_job.py:633} INFO - Processing file /opt/airflow/dags/newdag.py for tasks to queue
[2021-07-21 11:20:36,469] {logging_mixin.py:104} INFO - [2021-07-21 11:20:36,469] {dagbag.py:487} INFO - Filling up the DagBag from /opt/airflow/dags/newdag.py
[2021-07-21 11:20:36,521] {logging_mixin.py:104} WARNING - /home/airflow/.local/lib/python3.6/site-packages/airflow/providers/postgres/operators/postgres.py:25 DeprecationWarning: This decorator is deprecated.

In previous versions, all subclasses of BaseOperator must use apply_default decorator for the`default_args` feature to work properly.

In current version, it is optional. The decorator is applied automatically using the metaclass.
[2021-07-21 11:20:37,717] {logging_mixin.py:104} WARNING - [nltk_data] Downloading package vader_lexicon to
[nltk_data]     /home/airflow/nltk_data...
[2021-07-21 11:20:37,719] {logging_mixin.py:104} WARNING - [nltk_data]   Package vader_lexicon is already up-to-date!
[2021-07-21 11:20:39,306] {scheduler_job.py:645} WARNING - No viable dags retrieved from /opt/airflow/dags/newdag.py
[2021-07-21 11:20:39,350] {scheduler_job.py:190} INFO - Processing /opt/airflow/dags/newdag.py took 2.890 seconds
[2021-07-21 11:21:10,264] {scheduler_job.py:182} INFO - Started process (PID=516) to work on /opt/airflow/dags/newdag.py
[2021-07-21 11:21:10,268] {scheduler_job.py:633} INFO - Processing file /opt/airflow/dags/newdag.py for tasks to queue
[2021-07-21 11:21:10,270] {logging_mixin.py:104} INFO - [2021-07-21 11:21:10,269] {dagbag.py:487} INFO - Filling up the DagBag from /opt/airflow/dags/newdag.py
[2021-07-21 11:21:10,368] {logging_mixin.py:104} WARNING - /home/airflow/.local/lib/python3.6/site-packages/airflow/providers/postgres/operators/postgres.py:25 DeprecationWarning: This decorator is deprecated.

In previous versions, all subclasses of BaseOperator must use apply_default decorator for the`default_args` feature to work properly.

In current version, it is optional. The decorator is applied automatically using the metaclass.
[2021-07-21 11:21:12,857] {logging_mixin.py:104} WARNING - [nltk_data] Downloading package vader_lexicon to
[nltk_data]     /home/airflow/nltk_data...
[2021-07-21 11:21:12,859] {logging_mixin.py:104} WARNING - [nltk_data]   Package vader_lexicon is already up-to-date!
[2021-07-21 11:21:14,607] {scheduler_job.py:645} WARNING - No viable dags retrieved from /opt/airflow/dags/newdag.py
[2021-07-21 11:21:14,635] {scheduler_job.py:190} INFO - Processing /opt/airflow/dags/newdag.py took 4.376 seconds
[2021-07-21 11:21:45,425] {scheduler_job.py:182} INFO - Started process (PID=563) to work on /opt/airflow/dags/newdag.py
[2021-07-21 11:21:45,427] {scheduler_job.py:633} INFO - Processing file /opt/airflow/dags/newdag.py for tasks to queue
[2021-07-21 11:21:45,429] {logging_mixin.py:104} INFO - [2021-07-21 11:21:45,429] {dagbag.py:487} INFO - Filling up the DagBag from /opt/airflow/dags/newdag.py
[2021-07-21 11:21:45,492] {logging_mixin.py:104} WARNING - /home/airflow/.local/lib/python3.6/site-packages/airflow/providers/postgres/operators/postgres.py:25 DeprecationWarning: This decorator is deprecated.

In previous versions, all subclasses of BaseOperator must use apply_default decorator for the`default_args` feature to work properly.

In current version, it is optional. The decorator is applied automatically using the metaclass.
[2021-07-21 11:21:49,494] {logging_mixin.py:104} WARNING - [nltk_data] Downloading package vader_lexicon to
[nltk_data]     /home/airflow/nltk_data...
[2021-07-21 11:21:49,496] {logging_mixin.py:104} WARNING - [nltk_data]   Package vader_lexicon is already up-to-date!
[2021-07-21 11:21:50,576] {scheduler_job.py:645} WARNING - No viable dags retrieved from /opt/airflow/dags/newdag.py
[2021-07-21 11:21:50,607] {scheduler_job.py:190} INFO - Processing /opt/airflow/dags/newdag.py took 5.186 seconds
[2021-07-21 11:22:20,783] {scheduler_job.py:182} INFO - Started process (PID=603) to work on /opt/airflow/dags/newdag.py
[2021-07-21 11:22:20,786] {scheduler_job.py:633} INFO - Processing file /opt/airflow/dags/newdag.py for tasks to queue
[2021-07-21 11:22:20,790] {logging_mixin.py:104} INFO - [2021-07-21 11:22:20,789] {dagbag.py:487} INFO - Filling up the DagBag from /opt/airflow/dags/newdag.py
[2021-07-21 11:22:20,914] {logging_mixin.py:104} WARNING - /home/airflow/.local/lib/python3.6/site-packages/airflow/providers/postgres/operators/postgres.py:25 DeprecationWarning: This decorator is deprecated.

In previous versions, all subclasses of BaseOperator must use apply_default decorator for the`default_args` feature to work properly.

In current version, it is optional. The decorator is applied automatically using the metaclass.
[2021-07-21 11:22:22,582] {logging_mixin.py:104} WARNING - [nltk_data] Downloading package vader_lexicon to
[nltk_data]     /home/airflow/nltk_data...
[2021-07-21 11:22:22,583] {logging_mixin.py:104} WARNING - [nltk_data]   Package vader_lexicon is already up-to-date!
[2021-07-21 11:22:24,146] {scheduler_job.py:645} WARNING - No viable dags retrieved from /opt/airflow/dags/newdag.py
[2021-07-21 11:22:24,183] {scheduler_job.py:190} INFO - Processing /opt/airflow/dags/newdag.py took 3.405 seconds
[2021-07-21 11:22:54,926] {scheduler_job.py:182} INFO - Started process (PID=642) to work on /opt/airflow/dags/newdag.py
[2021-07-21 11:22:54,931] {scheduler_job.py:633} INFO - Processing file /opt/airflow/dags/newdag.py for tasks to queue
[2021-07-21 11:22:54,933] {logging_mixin.py:104} INFO - [2021-07-21 11:22:54,933] {dagbag.py:487} INFO - Filling up the DagBag from /opt/airflow/dags/newdag.py
[2021-07-21 11:22:55,013] {logging_mixin.py:104} WARNING - /home/airflow/.local/lib/python3.6/site-packages/airflow/providers/postgres/operators/postgres.py:25 DeprecationWarning: This decorator is deprecated.

In previous versions, all subclasses of BaseOperator must use apply_default decorator for the`default_args` feature to work properly.

In current version, it is optional. The decorator is applied automatically using the metaclass.
[2021-07-21 11:23:05,275] {logging_mixin.py:104} WARNING - [nltk_data] Downloading package vader_lexicon to
[nltk_data]     /home/airflow/nltk_data...
[2021-07-21 11:23:05,277] {logging_mixin.py:104} WARNING - [nltk_data]   Package vader_lexicon is already up-to-date!
[2021-07-21 11:23:10,916] {scheduler_job.py:645} WARNING - No viable dags retrieved from /opt/airflow/dags/newdag.py
[2021-07-21 11:23:11,012] {scheduler_job.py:190} INFO - Processing /opt/airflow/dags/newdag.py took 16.095 seconds
[2021-07-21 11:23:43,213] {scheduler_job.py:182} INFO - Started process (PID=692) to work on /opt/airflow/dags/newdag.py
[2021-07-21 11:23:43,220] {scheduler_job.py:633} INFO - Processing file /opt/airflow/dags/newdag.py for tasks to queue
[2021-07-21 11:23:43,222] {logging_mixin.py:104} INFO - [2021-07-21 11:23:43,222] {dagbag.py:487} INFO - Filling up the DagBag from /opt/airflow/dags/newdag.py
[2021-07-21 11:23:43,563] {logging_mixin.py:104} WARNING - /home/airflow/.local/lib/python3.6/site-packages/airflow/providers/postgres/operators/postgres.py:25 DeprecationWarning: This decorator is deprecated.

In previous versions, all subclasses of BaseOperator must use apply_default decorator for the`default_args` feature to work properly.

In current version, it is optional. The decorator is applied automatically using the metaclass.
[2021-07-21 11:23:45,919] {logging_mixin.py:104} WARNING - [nltk_data] Downloading package vader_lexicon to
[nltk_data]     /home/airflow/nltk_data...
[2021-07-21 11:23:45,920] {logging_mixin.py:104} WARNING - [nltk_data]   Package vader_lexicon is already up-to-date!
[2021-07-21 11:23:47,346] {scheduler_job.py:645} WARNING - No viable dags retrieved from /opt/airflow/dags/newdag.py
[2021-07-21 11:23:47,369] {scheduler_job.py:190} INFO - Processing /opt/airflow/dags/newdag.py took 4.161 seconds
[2021-07-21 11:24:17,846] {scheduler_job.py:182} INFO - Started process (PID=735) to work on /opt/airflow/dags/newdag.py
[2021-07-21 11:24:17,850] {scheduler_job.py:633} INFO - Processing file /opt/airflow/dags/newdag.py for tasks to queue
[2021-07-21 11:24:17,852] {logging_mixin.py:104} INFO - [2021-07-21 11:24:17,852] {dagbag.py:487} INFO - Filling up the DagBag from /opt/airflow/dags/newdag.py
[2021-07-21 11:24:18,008] {logging_mixin.py:104} WARNING - /home/airflow/.local/lib/python3.6/site-packages/airflow/providers/postgres/operators/postgres.py:25 DeprecationWarning: This decorator is deprecated.

In previous versions, all subclasses of BaseOperator must use apply_default decorator for the`default_args` feature to work properly.

In current version, it is optional. The decorator is applied automatically using the metaclass.
[2021-07-21 11:24:21,920] {logging_mixin.py:104} WARNING - [nltk_data] Downloading package vader_lexicon to
[nltk_data]     /home/airflow/nltk_data...
[2021-07-21 11:24:21,922] {logging_mixin.py:104} WARNING - [nltk_data]   Package vader_lexicon is already up-to-date!
[2021-07-21 11:24:24,137] {scheduler_job.py:645} WARNING - No viable dags retrieved from /opt/airflow/dags/newdag.py
[2021-07-21 11:24:24,178] {scheduler_job.py:190} INFO - Processing /opt/airflow/dags/newdag.py took 6.348 seconds
[2021-07-21 11:24:55,999] {scheduler_job.py:182} INFO - Started process (PID=764) to work on /opt/airflow/dags/newdag.py
[2021-07-21 11:24:56,003] {scheduler_job.py:633} INFO - Processing file /opt/airflow/dags/newdag.py for tasks to queue
[2021-07-21 11:24:56,006] {logging_mixin.py:104} INFO - [2021-07-21 11:24:56,006] {dagbag.py:487} INFO - Filling up the DagBag from /opt/airflow/dags/newdag.py
[2021-07-21 11:24:56,876] {logging_mixin.py:104} WARNING - /home/airflow/.local/lib/python3.6/site-packages/airflow/providers/postgres/operators/postgres.py:25 DeprecationWarning: This decorator is deprecated.

In previous versions, all subclasses of BaseOperator must use apply_default decorator for the`default_args` feature to work properly.

In current version, it is optional. The decorator is applied automatically using the metaclass.
[2021-07-21 11:25:16,585] {logging_mixin.py:104} WARNING - [nltk_data] Downloading package vader_lexicon to
[nltk_data]     /home/airflow/nltk_data...
[2021-07-21 11:25:16,591] {logging_mixin.py:104} WARNING - [nltk_data]   Package vader_lexicon is already up-to-date!
[2021-07-21 11:25:21,254] {scheduler_job.py:645} WARNING - No viable dags retrieved from /opt/airflow/dags/newdag.py
[2021-07-21 11:25:21,308] {scheduler_job.py:190} INFO - Processing /opt/airflow/dags/newdag.py took 25.980 seconds
[2021-07-21 11:25:52,167] {scheduler_job.py:182} INFO - Started process (PID=805) to work on /opt/airflow/dags/newdag.py
[2021-07-21 11:25:52,180] {scheduler_job.py:633} INFO - Processing file /opt/airflow/dags/newdag.py for tasks to queue
[2021-07-21 11:25:52,229] {logging_mixin.py:104} INFO - [2021-07-21 11:25:52,220] {dagbag.py:487} INFO - Filling up the DagBag from /opt/airflow/dags/newdag.py
[2021-07-21 11:25:52,728] {logging_mixin.py:104} WARNING - /home/airflow/.local/lib/python3.6/site-packages/airflow/providers/postgres/operators/postgres.py:25 DeprecationWarning: This decorator is deprecated.

In previous versions, all subclasses of BaseOperator must use apply_default decorator for the`default_args` feature to work properly.

In current version, it is optional. The decorator is applied automatically using the metaclass.
[2021-07-21 11:26:14,826] {logging_mixin.py:104} WARNING - [nltk_data] Downloading package vader_lexicon to
[nltk_data]     /home/airflow/nltk_data...
[2021-07-21 11:26:15,036] {logging_mixin.py:104} WARNING - [nltk_data]   Package vader_lexicon is already up-to-date!
[2021-07-21 11:26:17,724] {scheduler_job.py:645} WARNING - No viable dags retrieved from /opt/airflow/dags/newdag.py
[2021-07-21 11:26:17,812] {scheduler_job.py:190} INFO - Processing /opt/airflow/dags/newdag.py took 25.703 seconds
[2021-07-21 11:26:48,131] {scheduler_job.py:182} INFO - Started process (PID=853) to work on /opt/airflow/dags/newdag.py
[2021-07-21 11:26:48,134] {scheduler_job.py:633} INFO - Processing file /opt/airflow/dags/newdag.py for tasks to queue
[2021-07-21 11:26:48,136] {logging_mixin.py:104} INFO - [2021-07-21 11:26:48,135] {dagbag.py:487} INFO - Filling up the DagBag from /opt/airflow/dags/newdag.py
[2021-07-21 11:26:48,198] {logging_mixin.py:104} WARNING - /home/airflow/.local/lib/python3.6/site-packages/airflow/providers/postgres/operators/postgres.py:25 DeprecationWarning: This decorator is deprecated.

In previous versions, all subclasses of BaseOperator must use apply_default decorator for the`default_args` feature to work properly.

In current version, it is optional. The decorator is applied automatically using the metaclass.
[2021-07-21 11:26:49,404] {logging_mixin.py:104} WARNING - [nltk_data] Downloading package vader_lexicon to
[nltk_data]     /home/airflow/nltk_data...
[2021-07-21 11:26:49,406] {logging_mixin.py:104} WARNING - [nltk_data]   Package vader_lexicon is already up-to-date!
[2021-07-21 11:26:50,674] {scheduler_job.py:645} WARNING - No viable dags retrieved from /opt/airflow/dags/newdag.py
[2021-07-21 11:26:50,704] {scheduler_job.py:190} INFO - Processing /opt/airflow/dags/newdag.py took 2.577 seconds
[2021-07-21 11:27:21,542] {scheduler_job.py:182} INFO - Started process (PID=910) to work on /opt/airflow/dags/newdag.py
[2021-07-21 11:27:21,546] {scheduler_job.py:633} INFO - Processing file /opt/airflow/dags/newdag.py for tasks to queue
[2021-07-21 11:27:21,552] {logging_mixin.py:104} INFO - [2021-07-21 11:27:21,550] {dagbag.py:487} INFO - Filling up the DagBag from /opt/airflow/dags/newdag.py
[2021-07-21 11:27:21,650] {logging_mixin.py:104} WARNING - /home/airflow/.local/lib/python3.6/site-packages/airflow/providers/postgres/operators/postgres.py:25 DeprecationWarning: This decorator is deprecated.

In previous versions, all subclasses of BaseOperator must use apply_default decorator for the`default_args` feature to work properly.

In current version, it is optional. The decorator is applied automatically using the metaclass.
[2021-07-21 11:27:22,953] {logging_mixin.py:104} WARNING - [nltk_data] Downloading package vader_lexicon to
[nltk_data]     /home/airflow/nltk_data...
[2021-07-21 11:27:23,336] {logging_mixin.py:104} WARNING - [nltk_data]   Package vader_lexicon is already up-to-date!
[2021-07-21 11:27:24,254] {scheduler_job.py:645} WARNING - No viable dags retrieved from /opt/airflow/dags/newdag.py
[2021-07-21 11:27:24,277] {scheduler_job.py:190} INFO - Processing /opt/airflow/dags/newdag.py took 2.744 seconds
[2021-07-21 11:27:55,011] {scheduler_job.py:182} INFO - Started process (PID=950) to work on /opt/airflow/dags/newdag.py
[2021-07-21 11:27:55,013] {scheduler_job.py:633} INFO - Processing file /opt/airflow/dags/newdag.py for tasks to queue
[2021-07-21 11:27:55,015] {logging_mixin.py:104} INFO - [2021-07-21 11:27:55,014] {dagbag.py:487} INFO - Filling up the DagBag from /opt/airflow/dags/newdag.py
[2021-07-21 11:27:55,069] {logging_mixin.py:104} WARNING - /home/airflow/.local/lib/python3.6/site-packages/airflow/providers/postgres/operators/postgres.py:25 DeprecationWarning: This decorator is deprecated.

In previous versions, all subclasses of BaseOperator must use apply_default decorator for the`default_args` feature to work properly.

In current version, it is optional. The decorator is applied automatically using the metaclass.
[2021-07-21 11:27:56,255] {logging_mixin.py:104} WARNING - [nltk_data] Downloading package vader_lexicon to
[nltk_data]     /home/airflow/nltk_data...
[2021-07-21 11:27:56,256] {logging_mixin.py:104} WARNING - [nltk_data]   Package vader_lexicon is already up-to-date!
[2021-07-21 11:27:57,396] {scheduler_job.py:645} WARNING - No viable dags retrieved from /opt/airflow/dags/newdag.py
[2021-07-21 11:27:57,431] {scheduler_job.py:190} INFO - Processing /opt/airflow/dags/newdag.py took 2.427 seconds
[2021-07-21 11:28:27,571] {scheduler_job.py:182} INFO - Started process (PID=991) to work on /opt/airflow/dags/newdag.py
[2021-07-21 11:28:27,575] {scheduler_job.py:633} INFO - Processing file /opt/airflow/dags/newdag.py for tasks to queue
[2021-07-21 11:28:27,578] {logging_mixin.py:104} INFO - [2021-07-21 11:28:27,577] {dagbag.py:487} INFO - Filling up the DagBag from /opt/airflow/dags/newdag.py
[2021-07-21 11:28:27,689] {logging_mixin.py:104} WARNING - /home/airflow/.local/lib/python3.6/site-packages/airflow/providers/postgres/operators/postgres.py:25 DeprecationWarning: This decorator is deprecated.

In previous versions, all subclasses of BaseOperator must use apply_default decorator for the`default_args` feature to work properly.

In current version, it is optional. The decorator is applied automatically using the metaclass.
[2021-07-21 11:28:29,448] {logging_mixin.py:104} WARNING - [nltk_data] Downloading package vader_lexicon to
[nltk_data]     /home/airflow/nltk_data...
[2021-07-21 11:28:29,451] {logging_mixin.py:104} WARNING - [nltk_data]   Package vader_lexicon is already up-to-date!
[2021-07-21 11:28:30,309] {scheduler_job.py:645} WARNING - No viable dags retrieved from /opt/airflow/dags/newdag.py
[2021-07-21 11:28:30,341] {scheduler_job.py:190} INFO - Processing /opt/airflow/dags/newdag.py took 2.779 seconds
[2021-07-21 11:29:01,055] {scheduler_job.py:182} INFO - Started process (PID=1030) to work on /opt/airflow/dags/newdag.py
[2021-07-21 11:29:01,064] {scheduler_job.py:633} INFO - Processing file /opt/airflow/dags/newdag.py for tasks to queue
[2021-07-21 11:29:01,085] {logging_mixin.py:104} INFO - [2021-07-21 11:29:01,085] {dagbag.py:487} INFO - Filling up the DagBag from /opt/airflow/dags/newdag.py
[2021-07-21 11:29:20,343] {logging_mixin.py:104} WARNING - /home/airflow/.local/lib/python3.6/site-packages/airflow/providers/postgres/operators/postgres.py:25 DeprecationWarning: This decorator is deprecated.

In previous versions, all subclasses of BaseOperator must use apply_default decorator for the`default_args` feature to work properly.

In current version, it is optional. The decorator is applied automatically using the metaclass.
[2021-07-21 11:29:34,693] {logging_mixin.py:104} INFO - [2021-07-21 11:29:34,693] {timeout.py:36} ERROR - Process timed out, PID: 1030
[2021-07-21 11:29:36,733] {logging_mixin.py:104} INFO - [2021-07-21 11:29:35,645] {dagbag.py:320} ERROR - Failed to import: /opt/airflow/dags/newdag.py
Traceback (most recent call last):
  File "/home/airflow/.local/lib/python3.6/site-packages/airflow/models/dagbag.py", line 317, in _load_modules_from_file
    loader.exec_module(new_module)
  File "<frozen importlib._bootstrap_external>", line 678, in exec_module
  File "<frozen importlib._bootstrap>", line 219, in _call_with_frames_removed
  File "/opt/airflow/dags/newdag.py", line 12, in <module>
    import pandas as pd
  File "/home/airflow/.local/lib/python3.6/site-packages/pandas/__init__.py", line 30, in <module>
    from pandas._libs import hashtable as _hashtable, lib as _lib, tslib as _tslib
  File "/home/airflow/.local/lib/python3.6/site-packages/pandas/_libs/__init__.py", line 13, in <module>
    from pandas._libs.interval import Interval
  File "pandas/_libs/interval.pyx", line 1, in init pandas._libs.interval
  File "pandas/_libs/hashtable.pyx", line 1, in init pandas._libs.hashtable
  File "<frozen importlib._bootstrap>", line 416, in parent
  File "/home/airflow/.local/lib/python3.6/site-packages/airflow/utils/timeout.py", line 37, in handle_timeout
    raise AirflowTaskTimeout(self.error_message)
airflow.exceptions.AirflowTaskTimeout: DagBag import timeout for /opt/airflow/dags/newdag.py after 30.0s, PID: 1030
[2021-07-21 11:29:36,770] {scheduler_job.py:645} WARNING - No viable dags retrieved from /opt/airflow/dags/newdag.py
[2021-07-21 11:29:36,932] {scheduler_job.py:190} INFO - Processing /opt/airflow/dags/newdag.py took 35.906 seconds
[2021-07-21 11:30:07,131] {scheduler_job.py:182} INFO - Started process (PID=1077) to work on /opt/airflow/dags/newdag.py
[2021-07-21 11:30:07,137] {scheduler_job.py:633} INFO - Processing file /opt/airflow/dags/newdag.py for tasks to queue
[2021-07-21 11:30:07,142] {logging_mixin.py:104} INFO - [2021-07-21 11:30:07,141] {dagbag.py:487} INFO - Filling up the DagBag from /opt/airflow/dags/newdag.py
[2021-07-21 11:30:07,244] {logging_mixin.py:104} WARNING - /home/airflow/.local/lib/python3.6/site-packages/airflow/providers/postgres/operators/postgres.py:25 DeprecationWarning: This decorator is deprecated.

In previous versions, all subclasses of BaseOperator must use apply_default decorator for the`default_args` feature to work properly.

In current version, it is optional. The decorator is applied automatically using the metaclass.
[2021-07-21 11:30:09,900] {logging_mixin.py:104} WARNING - [nltk_data] Downloading package vader_lexicon to
[nltk_data]     /home/airflow/nltk_data...
[2021-07-21 11:30:09,902] {logging_mixin.py:104} WARNING - [nltk_data]   Package vader_lexicon is already up-to-date!
[2021-07-21 11:30:11,785] {scheduler_job.py:645} WARNING - No viable dags retrieved from /opt/airflow/dags/newdag.py
[2021-07-21 11:30:13,433] {scheduler_job.py:190} INFO - Processing /opt/airflow/dags/newdag.py took 6.307 seconds
[2021-07-21 11:30:43,986] {scheduler_job.py:182} INFO - Started process (PID=1115) to work on /opt/airflow/dags/newdag.py
[2021-07-21 11:30:43,991] {scheduler_job.py:633} INFO - Processing file /opt/airflow/dags/newdag.py for tasks to queue
[2021-07-21 11:30:43,994] {logging_mixin.py:104} INFO - [2021-07-21 11:30:43,994] {dagbag.py:487} INFO - Filling up the DagBag from /opt/airflow/dags/newdag.py
[2021-07-21 11:30:44,120] {logging_mixin.py:104} WARNING - /home/airflow/.local/lib/python3.6/site-packages/airflow/providers/postgres/operators/postgres.py:25 DeprecationWarning: This decorator is deprecated.

In previous versions, all subclasses of BaseOperator must use apply_default decorator for the`default_args` feature to work properly.

In current version, it is optional. The decorator is applied automatically using the metaclass.
[2021-07-21 11:30:45,748] {logging_mixin.py:104} WARNING - [nltk_data] Downloading package vader_lexicon to
[nltk_data]     /home/airflow/nltk_data...
[2021-07-21 11:30:45,750] {logging_mixin.py:104} WARNING - [nltk_data]   Package vader_lexicon is already up-to-date!
[2021-07-21 11:30:47,256] {scheduler_job.py:645} WARNING - No viable dags retrieved from /opt/airflow/dags/newdag.py
[2021-07-21 11:30:47,296] {scheduler_job.py:190} INFO - Processing /opt/airflow/dags/newdag.py took 3.317 seconds
[2021-07-21 11:31:17,618] {scheduler_job.py:182} INFO - Started process (PID=1162) to work on /opt/airflow/dags/newdag.py
[2021-07-21 11:31:17,621] {scheduler_job.py:633} INFO - Processing file /opt/airflow/dags/newdag.py for tasks to queue
[2021-07-21 11:31:17,622] {logging_mixin.py:104} INFO - [2021-07-21 11:31:17,622] {dagbag.py:487} INFO - Filling up the DagBag from /opt/airflow/dags/newdag.py
[2021-07-21 11:31:17,690] {logging_mixin.py:104} WARNING - /home/airflow/.local/lib/python3.6/site-packages/airflow/providers/postgres/operators/postgres.py:25 DeprecationWarning: This decorator is deprecated.

In previous versions, all subclasses of BaseOperator must use apply_default decorator for the`default_args` feature to work properly.

In current version, it is optional. The decorator is applied automatically using the metaclass.
[2021-07-21 11:31:19,626] {logging_mixin.py:104} WARNING - [nltk_data] Downloading package vader_lexicon to
[nltk_data]     /home/airflow/nltk_data...
[2021-07-21 11:31:19,629] {logging_mixin.py:104} WARNING - [nltk_data]   Package vader_lexicon is already up-to-date!
[2021-07-21 11:31:21,760] {scheduler_job.py:645} WARNING - No viable dags retrieved from /opt/airflow/dags/newdag.py
[2021-07-21 11:31:21,814] {scheduler_job.py:190} INFO - Processing /opt/airflow/dags/newdag.py took 4.202 seconds
[2021-07-21 11:31:52,748] {scheduler_job.py:182} INFO - Started process (PID=1207) to work on /opt/airflow/dags/newdag.py
[2021-07-21 11:31:52,759] {scheduler_job.py:633} INFO - Processing file /opt/airflow/dags/newdag.py for tasks to queue
[2021-07-21 11:31:52,762] {logging_mixin.py:104} INFO - [2021-07-21 11:31:52,762] {dagbag.py:487} INFO - Filling up the DagBag from /opt/airflow/dags/newdag.py
[2021-07-21 11:31:59,454] {logging_mixin.py:104} WARNING - /home/airflow/.local/lib/python3.6/site-packages/airflow/providers/postgres/operators/postgres.py:25 DeprecationWarning: This decorator is deprecated.

In previous versions, all subclasses of BaseOperator must use apply_default decorator for the`default_args` feature to work properly.

In current version, it is optional. The decorator is applied automatically using the metaclass.
[2021-07-21 11:32:21,409] {logging_mixin.py:104} WARNING - [nltk_data] Downloading package vader_lexicon to
[nltk_data]     /home/airflow/nltk_data...
[2021-07-21 11:32:21,411] {logging_mixin.py:104} WARNING - [nltk_data]   Package vader_lexicon is already up-to-date!
[2021-07-21 11:32:22,811] {logging_mixin.py:104} INFO - [2021-07-21 11:32:22,810] {timeout.py:36} ERROR - Process timed out, PID: 1207
[2021-07-21 11:32:26,515] {logging_mixin.py:104} INFO - [2021-07-21 11:32:22,813] {dagbag.py:320} ERROR - Failed to import: /opt/airflow/dags/newdag.py
Traceback (most recent call last):
  File "/home/airflow/.local/lib/python3.6/site-packages/airflow/models/dagbag.py", line 317, in _load_modules_from_file
    loader.exec_module(new_module)
  File "<frozen importlib._bootstrap_external>", line 678, in exec_module
  File "<frozen importlib._bootstrap>", line 219, in _call_with_frames_removed
  File "/opt/airflow/dags/newdag.py", line 24, in <module>
    from GoogleNews import GoogleNews
  File "/home/airflow/.local/lib/python3.6/site-packages/GoogleNews/__init__.py", line 5, in <module>
    import dateparser, copy
  File "/home/airflow/.local/lib/python3.6/site-packages/dateparser/__init__.py", line 3, in <module>
    from .date import DateDataParser
  File "/home/airflow/.local/lib/python3.6/site-packages/dateparser/date.py", line 9, in <module>
    from dateparser.date_parser import date_parser
  File "/home/airflow/.local/lib/python3.6/site-packages/dateparser/date_parser.py", line 3, in <module>
    from .timezone_parser import pop_tz_offset_from_string
  File "/home/airflow/.local/lib/python3.6/site-packages/dateparser/timezone_parser.py", line 87, in <module>
    _tz_offsets = list(build_tz_offsets(_search_regex_parts))
  File "/home/airflow/.local/lib/python3.6/site-packages/dateparser/timezone_parser.py", line 71, in build_tz_offsets
    yield get_offset(tz_obj, regex)
  File "/home/airflow/.local/lib/python3.6/site-packages/dateparser/timezone_parser.py", line 62, in get_offset
    'regex': re.compile(re.sub(repl, replw, regex % tz_obj[0]), re.IGNORECASE),
  File "/home/airflow/.local/lib/python3.6/site-packages/regex/regex.py", line 351, in compile
    return _compile(pattern, flags, ignore_unused, kwargs, _cache_all)
  File "/home/airflow/.local/lib/python3.6/site-packages/regex/regex.py", line 577, in _compile
    parsed = parsed.optimise(info, reverse)
  File "/home/airflow/.local/lib/python3.6/site-packages/regex/_regex_core.py", line 3378, in optimise
    s = s.optimise(info, reverse)
  File "/home/airflow/.local/lib/python3.6/site-packages/regex/_regex_core.py", line 2939, in optimise
    subpattern = self.subpattern.optimise(info, reverse)
  File "/home/airflow/.local/lib/python3.6/site-packages/regex/_regex_core.py", line 2016, in optimise
    branches = Branch._flatten_branches(info, reverse, self.branches)
  File "/home/airflow/.local/lib/python3.6/site-packages/regex/_regex_core.py", line 2111, in _flatten_branches
    new_branches.append(b)
  File "/home/airflow/.local/lib/python3.6/site-packages/airflow/utils/timeout.py", line 37, in handle_timeout
    raise AirflowTaskTimeout(self.error_message)
airflow.exceptions.AirflowTaskTimeout: DagBag import timeout for /opt/airflow/dags/newdag.py after 30.0s, PID: 1207
[2021-07-21 11:32:27,024] {scheduler_job.py:645} WARNING - No viable dags retrieved from /opt/airflow/dags/newdag.py
[2021-07-21 11:32:28,511] {scheduler_job.py:190} INFO - Processing /opt/airflow/dags/newdag.py took 36.080 seconds
[2021-07-21 11:32:59,163] {scheduler_job.py:182} INFO - Started process (PID=1270) to work on /opt/airflow/dags/newdag.py
[2021-07-21 11:32:59,180] {scheduler_job.py:633} INFO - Processing file /opt/airflow/dags/newdag.py for tasks to queue
[2021-07-21 11:32:59,182] {logging_mixin.py:104} INFO - [2021-07-21 11:32:59,181] {dagbag.py:487} INFO - Filling up the DagBag from /opt/airflow/dags/newdag.py
[2021-07-21 11:32:59,500] {logging_mixin.py:104} WARNING - /home/airflow/.local/lib/python3.6/site-packages/airflow/providers/postgres/operators/postgres.py:25 DeprecationWarning: This decorator is deprecated.

In previous versions, all subclasses of BaseOperator must use apply_default decorator for the`default_args` feature to work properly.

In current version, it is optional. The decorator is applied automatically using the metaclass.
[2021-07-21 11:33:01,560] {logging_mixin.py:104} WARNING - [nltk_data] Downloading package vader_lexicon to
[nltk_data]     /home/airflow/nltk_data...
[2021-07-21 11:33:01,562] {logging_mixin.py:104} WARNING - [nltk_data]   Package vader_lexicon is already up-to-date!
[2021-07-21 11:33:03,684] {scheduler_job.py:645} WARNING - No viable dags retrieved from /opt/airflow/dags/newdag.py
[2021-07-21 11:33:04,276] {scheduler_job.py:190} INFO - Processing /opt/airflow/dags/newdag.py took 5.118 seconds
[2021-07-21 11:33:34,565] {scheduler_job.py:182} INFO - Started process (PID=1291) to work on /opt/airflow/dags/newdag.py
[2021-07-21 11:33:34,570] {scheduler_job.py:633} INFO - Processing file /opt/airflow/dags/newdag.py for tasks to queue
[2021-07-21 11:33:34,573] {logging_mixin.py:104} INFO - [2021-07-21 11:33:34,572] {dagbag.py:487} INFO - Filling up the DagBag from /opt/airflow/dags/newdag.py
[2021-07-21 11:33:34,656] {logging_mixin.py:104} WARNING - /home/airflow/.local/lib/python3.6/site-packages/airflow/providers/postgres/operators/postgres.py:25 DeprecationWarning: This decorator is deprecated.

In previous versions, all subclasses of BaseOperator must use apply_default decorator for the`default_args` feature to work properly.

In current version, it is optional. The decorator is applied automatically using the metaclass.
[2021-07-21 11:33:37,383] {logging_mixin.py:104} WARNING - [nltk_data] Downloading package vader_lexicon to
[nltk_data]     /home/airflow/nltk_data...
[2021-07-21 11:33:37,385] {logging_mixin.py:104} WARNING - [nltk_data]   Package vader_lexicon is already up-to-date!
[2021-07-21 11:33:39,322] {scheduler_job.py:645} WARNING - No viable dags retrieved from /opt/airflow/dags/newdag.py
[2021-07-21 11:33:39,362] {scheduler_job.py:190} INFO - Processing /opt/airflow/dags/newdag.py took 4.804 seconds
[2021-07-21 11:34:09,443] {scheduler_job.py:182} INFO - Started process (PID=1332) to work on /opt/airflow/dags/newdag.py
[2021-07-21 11:34:09,447] {scheduler_job.py:633} INFO - Processing file /opt/airflow/dags/newdag.py for tasks to queue
[2021-07-21 11:34:09,450] {logging_mixin.py:104} INFO - [2021-07-21 11:34:09,450] {dagbag.py:487} INFO - Filling up the DagBag from /opt/airflow/dags/newdag.py
[2021-07-21 11:34:09,632] {logging_mixin.py:104} WARNING - /home/airflow/.local/lib/python3.6/site-packages/airflow/providers/postgres/operators/postgres.py:25 DeprecationWarning: This decorator is deprecated.

In previous versions, all subclasses of BaseOperator must use apply_default decorator for the`default_args` feature to work properly.

In current version, it is optional. The decorator is applied automatically using the metaclass.
[2021-07-21 11:34:11,491] {logging_mixin.py:104} WARNING - [nltk_data] Downloading package vader_lexicon to
[nltk_data]     /home/airflow/nltk_data...
[2021-07-21 11:34:11,493] {logging_mixin.py:104} WARNING - [nltk_data]   Package vader_lexicon is already up-to-date!
[2021-07-21 11:34:12,914] {scheduler_job.py:645} WARNING - No viable dags retrieved from /opt/airflow/dags/newdag.py
[2021-07-21 11:34:12,968] {scheduler_job.py:190} INFO - Processing /opt/airflow/dags/newdag.py took 3.535 seconds
[2021-07-21 11:34:43,396] {scheduler_job.py:182} INFO - Started process (PID=1377) to work on /opt/airflow/dags/newdag.py
[2021-07-21 11:34:43,399] {scheduler_job.py:633} INFO - Processing file /opt/airflow/dags/newdag.py for tasks to queue
[2021-07-21 11:34:43,401] {logging_mixin.py:104} INFO - [2021-07-21 11:34:43,400] {dagbag.py:487} INFO - Filling up the DagBag from /opt/airflow/dags/newdag.py
[2021-07-21 11:34:43,491] {logging_mixin.py:104} WARNING - /home/airflow/.local/lib/python3.6/site-packages/airflow/providers/postgres/operators/postgres.py:25 DeprecationWarning: This decorator is deprecated.

In previous versions, all subclasses of BaseOperator must use apply_default decorator for the`default_args` feature to work properly.

In current version, it is optional. The decorator is applied automatically using the metaclass.
[2021-07-21 11:34:45,572] {logging_mixin.py:104} WARNING - [nltk_data] Downloading package vader_lexicon to
[nltk_data]     /home/airflow/nltk_data...
[2021-07-21 11:34:45,600] {logging_mixin.py:104} WARNING - [nltk_data]   Package vader_lexicon is already up-to-date!
[2021-07-21 11:34:48,508] {scheduler_job.py:645} WARNING - No viable dags retrieved from /opt/airflow/dags/newdag.py
[2021-07-21 11:34:48,552] {scheduler_job.py:190} INFO - Processing /opt/airflow/dags/newdag.py took 5.161 seconds
[2021-07-21 11:35:19,081] {scheduler_job.py:182} INFO - Started process (PID=1409) to work on /opt/airflow/dags/newdag.py
[2021-07-21 11:35:19,085] {scheduler_job.py:633} INFO - Processing file /opt/airflow/dags/newdag.py for tasks to queue
[2021-07-21 11:35:19,106] {logging_mixin.py:104} INFO - [2021-07-21 11:35:19,106] {dagbag.py:487} INFO - Filling up the DagBag from /opt/airflow/dags/newdag.py
[2021-07-21 11:35:19,238] {logging_mixin.py:104} WARNING - /home/airflow/.local/lib/python3.6/site-packages/airflow/providers/postgres/operators/postgres.py:25 DeprecationWarning: This decorator is deprecated.

In previous versions, all subclasses of BaseOperator must use apply_default decorator for the`default_args` feature to work properly.

In current version, it is optional. The decorator is applied automatically using the metaclass.
[2021-07-21 11:35:23,128] {logging_mixin.py:104} WARNING - [nltk_data] Downloading package vader_lexicon to
[nltk_data]     /home/airflow/nltk_data...
[2021-07-21 11:35:23,133] {logging_mixin.py:104} WARNING - [nltk_data]   Package vader_lexicon is already up-to-date!
[2021-07-21 11:35:25,862] {scheduler_job.py:645} WARNING - No viable dags retrieved from /opt/airflow/dags/newdag.py
[2021-07-21 11:35:25,913] {scheduler_job.py:190} INFO - Processing /opt/airflow/dags/newdag.py took 6.840 seconds
[2021-07-21 11:35:56,218] {scheduler_job.py:182} INFO - Started process (PID=1444) to work on /opt/airflow/dags/newdag.py
[2021-07-21 11:35:56,223] {scheduler_job.py:633} INFO - Processing file /opt/airflow/dags/newdag.py for tasks to queue
[2021-07-21 11:35:56,227] {logging_mixin.py:104} INFO - [2021-07-21 11:35:56,226] {dagbag.py:487} INFO - Filling up the DagBag from /opt/airflow/dags/newdag.py
[2021-07-21 11:35:56,434] {logging_mixin.py:104} WARNING - /home/airflow/.local/lib/python3.6/site-packages/airflow/providers/postgres/operators/postgres.py:25 DeprecationWarning: This decorator is deprecated.

In previous versions, all subclasses of BaseOperator must use apply_default decorator for the`default_args` feature to work properly.

In current version, it is optional. The decorator is applied automatically using the metaclass.
[2021-07-21 11:35:59,653] {logging_mixin.py:104} WARNING - [nltk_data] Downloading package vader_lexicon to
[nltk_data]     /home/airflow/nltk_data...
[2021-07-21 11:35:59,655] {logging_mixin.py:104} WARNING - [nltk_data]   Package vader_lexicon is already up-to-date!
[2021-07-21 11:36:01,230] {scheduler_job.py:645} WARNING - No viable dags retrieved from /opt/airflow/dags/newdag.py
[2021-07-21 11:36:01,263] {scheduler_job.py:190} INFO - Processing /opt/airflow/dags/newdag.py took 5.053 seconds
[2021-07-21 11:36:31,534] {scheduler_job.py:182} INFO - Started process (PID=1484) to work on /opt/airflow/dags/newdag.py
[2021-07-21 11:36:31,548] {scheduler_job.py:633} INFO - Processing file /opt/airflow/dags/newdag.py for tasks to queue
[2021-07-21 11:36:31,551] {logging_mixin.py:104} INFO - [2021-07-21 11:36:31,551] {dagbag.py:487} INFO - Filling up the DagBag from /opt/airflow/dags/newdag.py
[2021-07-21 11:36:31,664] {logging_mixin.py:104} WARNING - /home/airflow/.local/lib/python3.6/site-packages/airflow/providers/postgres/operators/postgres.py:25 DeprecationWarning: This decorator is deprecated.

In previous versions, all subclasses of BaseOperator must use apply_default decorator for the`default_args` feature to work properly.

In current version, it is optional. The decorator is applied automatically using the metaclass.
[2021-07-21 11:36:33,416] {logging_mixin.py:104} WARNING - [nltk_data] Downloading package vader_lexicon to
[nltk_data]     /home/airflow/nltk_data...
[2021-07-21 11:36:33,418] {logging_mixin.py:104} WARNING - [nltk_data]   Package vader_lexicon is already up-to-date!
[2021-07-21 11:36:35,319] {scheduler_job.py:645} WARNING - No viable dags retrieved from /opt/airflow/dags/newdag.py
[2021-07-21 11:36:35,350] {scheduler_job.py:190} INFO - Processing /opt/airflow/dags/newdag.py took 3.822 seconds
[2021-07-21 11:37:05,633] {scheduler_job.py:182} INFO - Started process (PID=1523) to work on /opt/airflow/dags/newdag.py
[2021-07-21 11:37:05,636] {scheduler_job.py:633} INFO - Processing file /opt/airflow/dags/newdag.py for tasks to queue
[2021-07-21 11:37:05,638] {logging_mixin.py:104} INFO - [2021-07-21 11:37:05,638] {dagbag.py:487} INFO - Filling up the DagBag from /opt/airflow/dags/newdag.py
[2021-07-21 11:37:05,728] {logging_mixin.py:104} WARNING - /home/airflow/.local/lib/python3.6/site-packages/airflow/providers/postgres/operators/postgres.py:25 DeprecationWarning: This decorator is deprecated.

In previous versions, all subclasses of BaseOperator must use apply_default decorator for the`default_args` feature to work properly.

In current version, it is optional. The decorator is applied automatically using the metaclass.
[2021-07-21 11:37:07,970] {logging_mixin.py:104} WARNING - [nltk_data] Downloading package vader_lexicon to
[nltk_data]     /home/airflow/nltk_data...
[2021-07-21 11:37:07,973] {logging_mixin.py:104} WARNING - [nltk_data]   Package vader_lexicon is already up-to-date!
[2021-07-21 11:37:09,986] {scheduler_job.py:645} WARNING - No viable dags retrieved from /opt/airflow/dags/newdag.py
[2021-07-21 11:37:10,031] {scheduler_job.py:190} INFO - Processing /opt/airflow/dags/newdag.py took 4.403 seconds
[2021-07-21 11:37:40,123] {scheduler_job.py:182} INFO - Started process (PID=1562) to work on /opt/airflow/dags/newdag.py
[2021-07-21 11:37:40,126] {scheduler_job.py:633} INFO - Processing file /opt/airflow/dags/newdag.py for tasks to queue
[2021-07-21 11:37:40,129] {logging_mixin.py:104} INFO - [2021-07-21 11:37:40,128] {dagbag.py:487} INFO - Filling up the DagBag from /opt/airflow/dags/newdag.py
[2021-07-21 11:37:41,915] {logging_mixin.py:104} WARNING - /home/airflow/.local/lib/python3.6/site-packages/airflow/providers/postgres/operators/postgres.py:25 DeprecationWarning: This decorator is deprecated.

In previous versions, all subclasses of BaseOperator must use apply_default decorator for the`default_args` feature to work properly.

In current version, it is optional. The decorator is applied automatically using the metaclass.
[2021-07-21 11:37:55,567] {logging_mixin.py:104} WARNING - [nltk_data] Downloading package vader_lexicon to
[nltk_data]     /home/airflow/nltk_data...
[2021-07-21 11:37:55,579] {logging_mixin.py:104} WARNING - [nltk_data]   Package vader_lexicon is already up-to-date!
[2021-07-21 11:37:58,786] {scheduler_job.py:645} WARNING - No viable dags retrieved from /opt/airflow/dags/newdag.py
[2021-07-21 11:37:58,878] {scheduler_job.py:190} INFO - Processing /opt/airflow/dags/newdag.py took 18.759 seconds
[2021-07-21 11:38:29,656] {scheduler_job.py:182} INFO - Started process (PID=1608) to work on /opt/airflow/dags/newdag.py
[2021-07-21 11:38:29,663] {scheduler_job.py:633} INFO - Processing file /opt/airflow/dags/newdag.py for tasks to queue
[2021-07-21 11:38:29,665] {logging_mixin.py:104} INFO - [2021-07-21 11:38:29,665] {dagbag.py:487} INFO - Filling up the DagBag from /opt/airflow/dags/newdag.py
[2021-07-21 11:38:29,875] {logging_mixin.py:104} WARNING - /home/airflow/.local/lib/python3.6/site-packages/airflow/providers/postgres/operators/postgres.py:25 DeprecationWarning: This decorator is deprecated.

In previous versions, all subclasses of BaseOperator must use apply_default decorator for the`default_args` feature to work properly.

In current version, it is optional. The decorator is applied automatically using the metaclass.
[2021-07-21 11:38:32,612] {logging_mixin.py:104} WARNING - [nltk_data] Downloading package vader_lexicon to
[nltk_data]     /home/airflow/nltk_data...
[2021-07-21 11:38:32,615] {logging_mixin.py:104} WARNING - [nltk_data]   Package vader_lexicon is already up-to-date!
[2021-07-21 11:38:34,851] {scheduler_job.py:645} WARNING - No viable dags retrieved from /opt/airflow/dags/newdag.py
[2021-07-21 11:38:34,910] {scheduler_job.py:190} INFO - Processing /opt/airflow/dags/newdag.py took 5.260 seconds
[2021-07-21 11:39:05,090] {scheduler_job.py:182} INFO - Started process (PID=1654) to work on /opt/airflow/dags/newdag.py
[2021-07-21 11:39:05,093] {scheduler_job.py:633} INFO - Processing file /opt/airflow/dags/newdag.py for tasks to queue
[2021-07-21 11:39:05,096] {logging_mixin.py:104} INFO - [2021-07-21 11:39:05,096] {dagbag.py:487} INFO - Filling up the DagBag from /opt/airflow/dags/newdag.py
[2021-07-21 11:39:05,228] {logging_mixin.py:104} WARNING - /home/airflow/.local/lib/python3.6/site-packages/airflow/providers/postgres/operators/postgres.py:25 DeprecationWarning: This decorator is deprecated.

In previous versions, all subclasses of BaseOperator must use apply_default decorator for the`default_args` feature to work properly.

In current version, it is optional. The decorator is applied automatically using the metaclass.
[2021-07-21 11:39:08,070] {logging_mixin.py:104} WARNING - [nltk_data] Downloading package vader_lexicon to
[nltk_data]     /home/airflow/nltk_data...
[2021-07-21 11:39:08,077] {logging_mixin.py:104} WARNING - [nltk_data]   Package vader_lexicon is already up-to-date!
[2021-07-21 11:39:11,338] {scheduler_job.py:645} WARNING - No viable dags retrieved from /opt/airflow/dags/newdag.py
[2021-07-21 11:39:11,431] {scheduler_job.py:190} INFO - Processing /opt/airflow/dags/newdag.py took 6.349 seconds
[2021-07-21 11:39:41,793] {scheduler_job.py:182} INFO - Started process (PID=1680) to work on /opt/airflow/dags/newdag.py
[2021-07-21 11:39:41,795] {scheduler_job.py:633} INFO - Processing file /opt/airflow/dags/newdag.py for tasks to queue
[2021-07-21 11:39:41,798] {logging_mixin.py:104} INFO - [2021-07-21 11:39:41,798] {dagbag.py:487} INFO - Filling up the DagBag from /opt/airflow/dags/newdag.py
[2021-07-21 11:39:41,863] {logging_mixin.py:104} WARNING - /home/airflow/.local/lib/python3.6/site-packages/airflow/providers/postgres/operators/postgres.py:25 DeprecationWarning: This decorator is deprecated.

In previous versions, all subclasses of BaseOperator must use apply_default decorator for the`default_args` feature to work properly.

In current version, it is optional. The decorator is applied automatically using the metaclass.
[2021-07-21 11:39:44,783] {logging_mixin.py:104} WARNING - [nltk_data] Downloading package vader_lexicon to
[nltk_data]     /home/airflow/nltk_data...
[2021-07-21 11:39:44,785] {logging_mixin.py:104} WARNING - [nltk_data]   Package vader_lexicon is already up-to-date!
[2021-07-21 11:39:46,381] {scheduler_job.py:645} WARNING - No viable dags retrieved from /opt/airflow/dags/newdag.py
[2021-07-21 11:39:46,418] {scheduler_job.py:190} INFO - Processing /opt/airflow/dags/newdag.py took 4.630 seconds
[2021-07-21 11:40:16,619] {scheduler_job.py:182} INFO - Started process (PID=1718) to work on /opt/airflow/dags/newdag.py
[2021-07-21 11:40:16,621] {scheduler_job.py:633} INFO - Processing file /opt/airflow/dags/newdag.py for tasks to queue
[2021-07-21 11:40:16,623] {logging_mixin.py:104} INFO - [2021-07-21 11:40:16,623] {dagbag.py:487} INFO - Filling up the DagBag from /opt/airflow/dags/newdag.py
[2021-07-21 11:40:16,698] {logging_mixin.py:104} WARNING - /home/airflow/.local/lib/python3.6/site-packages/airflow/providers/postgres/operators/postgres.py:25 DeprecationWarning: This decorator is deprecated.

In previous versions, all subclasses of BaseOperator must use apply_default decorator for the`default_args` feature to work properly.

In current version, it is optional. The decorator is applied automatically using the metaclass.
[2021-07-21 11:40:18,650] {logging_mixin.py:104} WARNING - [nltk_data] Downloading package vader_lexicon to
[nltk_data]     /home/airflow/nltk_data...
[2021-07-21 11:40:18,651] {logging_mixin.py:104} WARNING - [nltk_data]   Package vader_lexicon is already up-to-date!
[2021-07-21 11:40:19,993] {scheduler_job.py:645} WARNING - No viable dags retrieved from /opt/airflow/dags/newdag.py
[2021-07-21 11:40:20,012] {scheduler_job.py:190} INFO - Processing /opt/airflow/dags/newdag.py took 3.398 seconds
[2021-07-21 11:40:50,236] {scheduler_job.py:182} INFO - Started process (PID=1758) to work on /opt/airflow/dags/newdag.py
[2021-07-21 11:40:50,240] {scheduler_job.py:633} INFO - Processing file /opt/airflow/dags/newdag.py for tasks to queue
[2021-07-21 11:40:50,273] {logging_mixin.py:104} INFO - [2021-07-21 11:40:50,272] {dagbag.py:487} INFO - Filling up the DagBag from /opt/airflow/dags/newdag.py
[2021-07-21 11:40:50,844] {logging_mixin.py:104} WARNING - /home/airflow/.local/lib/python3.6/site-packages/airflow/providers/postgres/operators/postgres.py:25 DeprecationWarning: This decorator is deprecated.

In previous versions, all subclasses of BaseOperator must use apply_default decorator for the`default_args` feature to work properly.

In current version, it is optional. The decorator is applied automatically using the metaclass.
[2021-07-21 11:40:53,852] {logging_mixin.py:104} WARNING - [nltk_data] Downloading package vader_lexicon to
[nltk_data]     /home/airflow/nltk_data...
[2021-07-21 11:40:53,854] {logging_mixin.py:104} WARNING - [nltk_data]   Package vader_lexicon is already up-to-date!
[2021-07-21 11:40:55,858] {scheduler_job.py:645} WARNING - No viable dags retrieved from /opt/airflow/dags/newdag.py
[2021-07-21 11:40:55,943] {scheduler_job.py:190} INFO - Processing /opt/airflow/dags/newdag.py took 5.719 seconds
[2021-07-21 11:41:26,499] {scheduler_job.py:182} INFO - Started process (PID=1796) to work on /opt/airflow/dags/newdag.py
[2021-07-21 11:41:26,506] {scheduler_job.py:633} INFO - Processing file /opt/airflow/dags/newdag.py for tasks to queue
[2021-07-21 11:41:26,517] {logging_mixin.py:104} INFO - [2021-07-21 11:41:26,516] {dagbag.py:487} INFO - Filling up the DagBag from /opt/airflow/dags/newdag.py
[2021-07-21 11:41:26,855] {logging_mixin.py:104} WARNING - /home/airflow/.local/lib/python3.6/site-packages/airflow/providers/postgres/operators/postgres.py:25 DeprecationWarning: This decorator is deprecated.

In previous versions, all subclasses of BaseOperator must use apply_default decorator for the`default_args` feature to work properly.

In current version, it is optional. The decorator is applied automatically using the metaclass.
[2021-07-21 11:41:29,814] {logging_mixin.py:104} WARNING - [nltk_data] Downloading package vader_lexicon to
[nltk_data]     /home/airflow/nltk_data...
[2021-07-21 11:41:29,816] {logging_mixin.py:104} WARNING - [nltk_data]   Package vader_lexicon is already up-to-date!
[2021-07-21 11:41:31,860] {scheduler_job.py:645} WARNING - No viable dags retrieved from /opt/airflow/dags/newdag.py
[2021-07-21 11:41:31,905] {scheduler_job.py:190} INFO - Processing /opt/airflow/dags/newdag.py took 5.415 seconds
[2021-07-21 11:42:02,659] {scheduler_job.py:182} INFO - Started process (PID=1818) to work on /opt/airflow/dags/newdag.py
[2021-07-21 11:42:02,667] {scheduler_job.py:633} INFO - Processing file /opt/airflow/dags/newdag.py for tasks to queue
[2021-07-21 11:42:02,671] {logging_mixin.py:104} INFO - [2021-07-21 11:42:02,670] {dagbag.py:487} INFO - Filling up the DagBag from /opt/airflow/dags/newdag.py
[2021-07-21 11:42:02,790] {logging_mixin.py:104} WARNING - /home/airflow/.local/lib/python3.6/site-packages/airflow/providers/postgres/operators/postgres.py:25 DeprecationWarning: This decorator is deprecated.

In previous versions, all subclasses of BaseOperator must use apply_default decorator for the`default_args` feature to work properly.

In current version, it is optional. The decorator is applied automatically using the metaclass.
[2021-07-21 11:42:05,077] {logging_mixin.py:104} WARNING - [nltk_data] Downloading package vader_lexicon to
[nltk_data]     /home/airflow/nltk_data...
[2021-07-21 11:42:05,081] {logging_mixin.py:104} WARNING - [nltk_data]   Package vader_lexicon is already up-to-date!
[2021-07-21 11:42:07,253] {scheduler_job.py:645} WARNING - No viable dags retrieved from /opt/airflow/dags/newdag.py
[2021-07-21 11:42:07,310] {scheduler_job.py:190} INFO - Processing /opt/airflow/dags/newdag.py took 4.671 seconds
[2021-07-21 11:42:37,549] {scheduler_job.py:182} INFO - Started process (PID=1847) to work on /opt/airflow/dags/newdag.py
[2021-07-21 11:42:37,552] {scheduler_job.py:633} INFO - Processing file /opt/airflow/dags/newdag.py for tasks to queue
[2021-07-21 11:42:37,555] {logging_mixin.py:104} INFO - [2021-07-21 11:42:37,554] {dagbag.py:487} INFO - Filling up the DagBag from /opt/airflow/dags/newdag.py
[2021-07-21 11:42:37,673] {logging_mixin.py:104} WARNING - /home/airflow/.local/lib/python3.6/site-packages/airflow/providers/postgres/operators/postgres.py:25 DeprecationWarning: This decorator is deprecated.

In previous versions, all subclasses of BaseOperator must use apply_default decorator for the`default_args` feature to work properly.

In current version, it is optional. The decorator is applied automatically using the metaclass.
[2021-07-21 11:42:39,795] {logging_mixin.py:104} WARNING - [nltk_data] Downloading package vader_lexicon to
[nltk_data]     /home/airflow/nltk_data...
[2021-07-21 11:42:39,797] {logging_mixin.py:104} WARNING - [nltk_data]   Package vader_lexicon is already up-to-date!
[2021-07-21 11:42:41,122] {scheduler_job.py:645} WARNING - No viable dags retrieved from /opt/airflow/dags/newdag.py
[2021-07-21 11:42:41,171] {scheduler_job.py:190} INFO - Processing /opt/airflow/dags/newdag.py took 3.632 seconds
[2021-07-21 11:43:12,021] {scheduler_job.py:182} INFO - Started process (PID=1894) to work on /opt/airflow/dags/newdag.py
[2021-07-21 11:43:12,033] {scheduler_job.py:633} INFO - Processing file /opt/airflow/dags/newdag.py for tasks to queue
[2021-07-21 11:43:12,036] {logging_mixin.py:104} INFO - [2021-07-21 11:43:12,035] {dagbag.py:487} INFO - Filling up the DagBag from /opt/airflow/dags/newdag.py
[2021-07-21 11:43:12,154] {logging_mixin.py:104} WARNING - /home/airflow/.local/lib/python3.6/site-packages/airflow/providers/postgres/operators/postgres.py:25 DeprecationWarning: This decorator is deprecated.

In previous versions, all subclasses of BaseOperator must use apply_default decorator for the`default_args` feature to work properly.

In current version, it is optional. The decorator is applied automatically using the metaclass.
[2021-07-21 11:43:19,796] {logging_mixin.py:104} WARNING - [nltk_data] Downloading package vader_lexicon to
[nltk_data]     /home/airflow/nltk_data...
[2021-07-21 11:43:19,798] {logging_mixin.py:104} WARNING - [nltk_data]   Package vader_lexicon is already up-to-date!
[2021-07-21 11:43:21,420] {scheduler_job.py:645} WARNING - No viable dags retrieved from /opt/airflow/dags/newdag.py
[2021-07-21 11:43:21,468] {scheduler_job.py:190} INFO - Processing /opt/airflow/dags/newdag.py took 9.467 seconds
[2021-07-21 11:43:52,541] {scheduler_job.py:182} INFO - Started process (PID=1916) to work on /opt/airflow/dags/newdag.py
[2021-07-21 11:43:52,590] {scheduler_job.py:633} INFO - Processing file /opt/airflow/dags/newdag.py for tasks to queue
[2021-07-21 11:43:52,607] {logging_mixin.py:104} INFO - [2021-07-21 11:43:52,607] {dagbag.py:487} INFO - Filling up the DagBag from /opt/airflow/dags/newdag.py
[2021-07-21 11:43:52,862] {logging_mixin.py:104} WARNING - /home/airflow/.local/lib/python3.6/site-packages/airflow/providers/postgres/operators/postgres.py:25 DeprecationWarning: This decorator is deprecated.

In previous versions, all subclasses of BaseOperator must use apply_default decorator for the`default_args` feature to work properly.

In current version, it is optional. The decorator is applied automatically using the metaclass.
[2021-07-21 11:43:55,424] {logging_mixin.py:104} WARNING - [nltk_data] Downloading package vader_lexicon to
[nltk_data]     /home/airflow/nltk_data...
[2021-07-21 11:43:55,429] {logging_mixin.py:104} WARNING - [nltk_data]   Package vader_lexicon is already up-to-date!
[2021-07-21 11:43:57,485] {scheduler_job.py:645} WARNING - No viable dags retrieved from /opt/airflow/dags/newdag.py
[2021-07-21 11:43:57,521] {scheduler_job.py:190} INFO - Processing /opt/airflow/dags/newdag.py took 4.998 seconds
[2021-07-21 11:44:28,224] {scheduler_job.py:182} INFO - Started process (PID=1961) to work on /opt/airflow/dags/newdag.py
[2021-07-21 11:44:28,227] {scheduler_job.py:633} INFO - Processing file /opt/airflow/dags/newdag.py for tasks to queue
[2021-07-21 11:44:28,229] {logging_mixin.py:104} INFO - [2021-07-21 11:44:28,228] {dagbag.py:487} INFO - Filling up the DagBag from /opt/airflow/dags/newdag.py
[2021-07-21 11:44:28,309] {logging_mixin.py:104} WARNING - /home/airflow/.local/lib/python3.6/site-packages/airflow/providers/postgres/operators/postgres.py:25 DeprecationWarning: This decorator is deprecated.

In previous versions, all subclasses of BaseOperator must use apply_default decorator for the`default_args` feature to work properly.

In current version, it is optional. The decorator is applied automatically using the metaclass.
[2021-07-21 11:44:30,841] {logging_mixin.py:104} WARNING - [nltk_data] Downloading package vader_lexicon to
[nltk_data]     /home/airflow/nltk_data...
[2021-07-21 11:44:30,844] {logging_mixin.py:104} WARNING - [nltk_data]   Package vader_lexicon is already up-to-date!
[2021-07-21 11:44:33,296] {scheduler_job.py:645} WARNING - No viable dags retrieved from /opt/airflow/dags/newdag.py
[2021-07-21 11:44:33,358] {scheduler_job.py:190} INFO - Processing /opt/airflow/dags/newdag.py took 5.140 seconds
[2021-07-21 11:45:03,772] {scheduler_job.py:182} INFO - Started process (PID=1993) to work on /opt/airflow/dags/newdag.py
[2021-07-21 11:45:03,776] {scheduler_job.py:633} INFO - Processing file /opt/airflow/dags/newdag.py for tasks to queue
[2021-07-21 11:45:03,782] {logging_mixin.py:104} INFO - [2021-07-21 11:45:03,781] {dagbag.py:487} INFO - Filling up the DagBag from /opt/airflow/dags/newdag.py
[2021-07-21 11:45:03,973] {logging_mixin.py:104} WARNING - /home/airflow/.local/lib/python3.6/site-packages/airflow/providers/postgres/operators/postgres.py:25 DeprecationWarning: This decorator is deprecated.

In previous versions, all subclasses of BaseOperator must use apply_default decorator for the`default_args` feature to work properly.

In current version, it is optional. The decorator is applied automatically using the metaclass.
[2021-07-21 11:45:11,363] {logging_mixin.py:104} WARNING - [nltk_data] Downloading package vader_lexicon to
[nltk_data]     /home/airflow/nltk_data...
[2021-07-21 11:45:11,365] {logging_mixin.py:104} WARNING - [nltk_data]   Package vader_lexicon is already up-to-date!
[2021-07-21 11:45:13,682] {scheduler_job.py:645} WARNING - No viable dags retrieved from /opt/airflow/dags/newdag.py
[2021-07-21 11:45:13,738] {scheduler_job.py:190} INFO - Processing /opt/airflow/dags/newdag.py took 9.977 seconds
[2021-07-21 11:45:44,720] {scheduler_job.py:182} INFO - Started process (PID=2033) to work on /opt/airflow/dags/newdag.py
[2021-07-21 11:45:44,742] {scheduler_job.py:633} INFO - Processing file /opt/airflow/dags/newdag.py for tasks to queue
[2021-07-21 11:45:44,755] {logging_mixin.py:104} INFO - [2021-07-21 11:45:44,755] {dagbag.py:487} INFO - Filling up the DagBag from /opt/airflow/dags/newdag.py
[2021-07-21 11:45:45,057] {logging_mixin.py:104} WARNING - /home/airflow/.local/lib/python3.6/site-packages/airflow/providers/postgres/operators/postgres.py:25 DeprecationWarning: This decorator is deprecated.

In previous versions, all subclasses of BaseOperator must use apply_default decorator for the`default_args` feature to work properly.

In current version, it is optional. The decorator is applied automatically using the metaclass.
[2021-07-21 11:45:49,485] {logging_mixin.py:104} WARNING - [nltk_data] Downloading package vader_lexicon to
[nltk_data]     /home/airflow/nltk_data...
[2021-07-21 11:45:49,488] {logging_mixin.py:104} WARNING - [nltk_data]   Package vader_lexicon is already up-to-date!
[2021-07-21 11:45:53,001] {scheduler_job.py:645} WARNING - No viable dags retrieved from /opt/airflow/dags/newdag.py
[2021-07-21 11:45:53,058] {scheduler_job.py:190} INFO - Processing /opt/airflow/dags/newdag.py took 8.356 seconds
[2021-07-21 11:46:23,217] {scheduler_job.py:182} INFO - Started process (PID=2062) to work on /opt/airflow/dags/newdag.py
[2021-07-21 11:46:23,220] {scheduler_job.py:633} INFO - Processing file /opt/airflow/dags/newdag.py for tasks to queue
[2021-07-21 11:46:23,222] {logging_mixin.py:104} INFO - [2021-07-21 11:46:23,222] {dagbag.py:487} INFO - Filling up the DagBag from /opt/airflow/dags/newdag.py
[2021-07-21 11:46:23,337] {logging_mixin.py:104} WARNING - /home/airflow/.local/lib/python3.6/site-packages/airflow/providers/postgres/operators/postgres.py:25 DeprecationWarning: This decorator is deprecated.

In previous versions, all subclasses of BaseOperator must use apply_default decorator for the`default_args` feature to work properly.

In current version, it is optional. The decorator is applied automatically using the metaclass.
[2021-07-21 11:46:25,784] {logging_mixin.py:104} WARNING - [nltk_data] Downloading package vader_lexicon to
[nltk_data]     /home/airflow/nltk_data...
[2021-07-21 11:46:25,788] {logging_mixin.py:104} WARNING - [nltk_data]   Package vader_lexicon is already up-to-date!
