[2021-07-21 11:01:38,781] {scheduler_job.py:182} INFO - Started process (PID=58) to work on /opt/airflow/dags/POSTGRESRSERS.py
[2021-07-21 11:01:38,785] {scheduler_job.py:633} INFO - Processing file /opt/airflow/dags/POSTGRESRSERS.py for tasks to queue
[2021-07-21 11:01:38,788] {logging_mixin.py:104} INFO - [2021-07-21 11:01:38,788] {dagbag.py:487} INFO - Filling up the DagBag from /opt/airflow/dags/POSTGRESRSERS.py
[2021-07-21 11:01:39,372] {logging_mixin.py:104} WARNING - /home/airflow/.local/lib/python3.6/site-packages/airflow/providers/postgres/operators/postgres.py:25 DeprecationWarning: This decorator is deprecated.

In previous versions, all subclasses of BaseOperator must use apply_default decorator for the`default_args` feature to work properly.

In current version, it is optional. The decorator is applied automatically using the metaclass.
[2021-07-21 11:02:00,585] {logging_mixin.py:104} WARNING - [nltk_data] Downloading package vader_lexicon to
[nltk_data]     /home/airflow/nltk_data...
[2021-07-21 11:02:00,684] {logging_mixin.py:104} WARNING - [nltk_data]   Package vader_lexicon is already up-to-date!
[2021-07-21 11:02:08,825] {logging_mixin.py:104} INFO - [2021-07-21 11:02:08,824] {timeout.py:36} ERROR - Process timed out, PID: 58
[2021-07-21 11:02:09,324] {logging_mixin.py:104} INFO - [2021-07-21 11:02:08,840] {dagbag.py:320} ERROR - Failed to import: /opt/airflow/dags/POSTGRESRSERS.py
Traceback (most recent call last):
  File "/home/airflow/.local/lib/python3.6/site-packages/airflow/models/dagbag.py", line 317, in _load_modules_from_file
    loader.exec_module(new_module)
  File "<frozen importlib._bootstrap_external>", line 678, in exec_module
  File "<frozen importlib._bootstrap>", line 219, in _call_with_frames_removed
  File "/opt/airflow/dags/POSTGRESRSERS.py", line 26, in <module>
    from GoogleNews import GoogleNews
  File "/home/airflow/.local/lib/python3.6/site-packages/GoogleNews/__init__.py", line 6, in <module>
    from bs4 import BeautifulSoup as Soup, ResultSet
  File "/home/airflow/.local/lib/python3.6/site-packages/bs4/__init__.py", line 32, in <module>
    from .builder import builder_registry, ParserRejectedMarkup
  File "/home/airflow/.local/lib/python3.6/site-packages/bs4/builder/__init__.py", line 7, in <module>
    from bs4.element import (
  File "/home/airflow/.local/lib/python3.6/site-packages/bs4/element.py", line 12, in <module>
    import soupsieve
  File "/home/airflow/.local/lib/python3.6/site-packages/soupsieve/__init__.py", line 29, in <module>
    from . import css_parser as cp
  File "/home/airflow/.local/lib/python3.6/site-packages/soupsieve/css_parser.py", line 420, in <module>
    class CSSParser(object):
  File "/home/airflow/.local/lib/python3.6/site-packages/soupsieve/css_parser.py", line 441, in CSSParser
    SelectorPattern("pseudo_element", PAT_PSEUDO_ELEMENT),
  File "/home/airflow/.local/lib/python3.6/site-packages/soupsieve/css_parser.py", line 301, in __init__
    self.re_pattern = re.compile(pattern, re.I | re.X | re.U)
  File "/usr/local/lib/python3.6/re.py", line 233, in compile
    return _compile(pattern, flags)
  File "/usr/local/lib/python3.6/re.py", line 301, in _compile
    p = sre_compile.compile(pattern, flags)
  File "/usr/local/lib/python3.6/sre_compile.py", line 566, in compile
    code = _code(p, flags)
  File "/usr/local/lib/python3.6/sre_compile.py", line 551, in _code
    _compile(code, p.data, flags)
  File "/usr/local/lib/python3.6/sre_compile.py", line 146, in _compile
    _compile(code, p, (flags | add_flags) & ~del_flags)
  File "/usr/local/lib/python3.6/sre_compile.py", line 146, in _compile
    _compile(code, p, (flags | add_flags) & ~del_flags)
  File "/usr/local/lib/python3.6/sre_compile.py", line 134, in _compile
    _compile(code, av[2], flags)
  File "/usr/local/lib/python3.6/sre_compile.py", line 146, in _compile
    _compile(code, p, (flags | add_flags) & ~del_flags)
  File "/usr/local/lib/python3.6/sre_compile.py", line 187, in _compile
    _compile(code, av, flags)
  File "/usr/local/lib/python3.6/sre_compile.py", line 75, in _compile
    not (flags & SRE_FLAG_ASCII)):
  File "/usr/local/lib/python3.6/enum.py", line 806, in __and__
    return self.__class__(self._value_ & self.__class__(other)._value_)
  File "/home/airflow/.local/lib/python3.6/site-packages/airflow/utils/timeout.py", line 37, in handle_timeout
    raise AirflowTaskTimeout(self.error_message)
airflow.exceptions.AirflowTaskTimeout: DagBag import timeout for /opt/airflow/dags/POSTGRESRSERS.py after 30.0s, PID: 58
[2021-07-21 11:02:09,421] {scheduler_job.py:645} WARNING - No viable dags retrieved from /opt/airflow/dags/POSTGRESRSERS.py
[2021-07-21 11:02:09,683] {scheduler_job.py:190} INFO - Processing /opt/airflow/dags/POSTGRESRSERS.py took 30.910 seconds
[2021-07-21 11:02:40,383] {scheduler_job.py:182} INFO - Started process (PID=122) to work on /opt/airflow/dags/POSTGRESRSERS.py
[2021-07-21 11:02:40,390] {scheduler_job.py:633} INFO - Processing file /opt/airflow/dags/POSTGRESRSERS.py for tasks to queue
[2021-07-21 11:02:40,394] {logging_mixin.py:104} INFO - [2021-07-21 11:02:40,393] {dagbag.py:487} INFO - Filling up the DagBag from /opt/airflow/dags/POSTGRESRSERS.py
[2021-07-21 11:02:40,878] {logging_mixin.py:104} WARNING - /home/airflow/.local/lib/python3.6/site-packages/airflow/providers/postgres/operators/postgres.py:25 DeprecationWarning: This decorator is deprecated.

In previous versions, all subclasses of BaseOperator must use apply_default decorator for the`default_args` feature to work properly.

In current version, it is optional. The decorator is applied automatically using the metaclass.
[2021-07-21 11:02:46,428] {logging_mixin.py:104} WARNING - [nltk_data] Downloading package vader_lexicon to
[nltk_data]     /home/airflow/nltk_data...
[2021-07-21 11:02:46,450] {logging_mixin.py:104} WARNING - [nltk_data]   Package vader_lexicon is already up-to-date!
[2021-07-21 11:02:51,910] {scheduler_job.py:643} INFO - DAG(s) dict_keys(['psotgrressdftest']) retrieved from /opt/airflow/dags/POSTGRESRSERS.py
[2021-07-21 11:02:52,044] {logging_mixin.py:104} INFO - [2021-07-21 11:02:52,043] {dag.py:1832} INFO - Sync 1 DAGs
[2021-07-21 11:02:52,175] {logging_mixin.py:104} INFO - [2021-07-21 11:02:52,174] {dag.py:2305} INFO - Setting next_dagrun for psotgrressdftest to None
[2021-07-21 11:02:52,262] {scheduler_job.py:190} INFO - Processing /opt/airflow/dags/POSTGRESRSERS.py took 11.890 seconds
[2021-07-21 11:03:23,087] {scheduler_job.py:182} INFO - Started process (PID=162) to work on /opt/airflow/dags/POSTGRESRSERS.py
[2021-07-21 11:03:23,154] {scheduler_job.py:633} INFO - Processing file /opt/airflow/dags/POSTGRESRSERS.py for tasks to queue
[2021-07-21 11:03:23,186] {logging_mixin.py:104} INFO - [2021-07-21 11:03:23,177] {dagbag.py:487} INFO - Filling up the DagBag from /opt/airflow/dags/POSTGRESRSERS.py
[2021-07-21 11:03:24,409] {logging_mixin.py:104} WARNING - /home/airflow/.local/lib/python3.6/site-packages/airflow/providers/postgres/operators/postgres.py:25 DeprecationWarning: This decorator is deprecated.

In previous versions, all subclasses of BaseOperator must use apply_default decorator for the`default_args` feature to work properly.

In current version, it is optional. The decorator is applied automatically using the metaclass.
[2021-07-21 11:03:42,445] {logging_mixin.py:104} WARNING - [nltk_data] Downloading package vader_lexicon to
[nltk_data]     /home/airflow/nltk_data...
[2021-07-21 11:03:42,463] {logging_mixin.py:104} WARNING - [nltk_data]   Package vader_lexicon is already up-to-date!
[2021-07-21 11:03:50,718] {scheduler_job.py:643} INFO - DAG(s) dict_keys(['psotgrressdftest']) retrieved from /opt/airflow/dags/POSTGRESRSERS.py
[2021-07-21 11:03:51,010] {logging_mixin.py:104} INFO - [2021-07-21 11:03:51,010] {dag.py:1832} INFO - Sync 1 DAGs
[2021-07-21 11:03:51,224] {logging_mixin.py:104} INFO - [2021-07-21 11:03:51,224] {dag.py:2305} INFO - Setting next_dagrun for psotgrressdftest to None
[2021-07-21 11:03:51,368] {scheduler_job.py:190} INFO - Processing /opt/airflow/dags/POSTGRESRSERS.py took 28.384 seconds
[2021-07-21 11:04:22,577] {scheduler_job.py:182} INFO - Started process (PID=215) to work on /opt/airflow/dags/POSTGRESRSERS.py
[2021-07-21 11:04:22,628] {scheduler_job.py:633} INFO - Processing file /opt/airflow/dags/POSTGRESRSERS.py for tasks to queue
[2021-07-21 11:04:22,652] {logging_mixin.py:104} INFO - [2021-07-21 11:04:22,651] {dagbag.py:487} INFO - Filling up the DagBag from /opt/airflow/dags/POSTGRESRSERS.py
[2021-07-21 11:04:24,264] {logging_mixin.py:104} WARNING - /home/airflow/.local/lib/python3.6/site-packages/airflow/providers/postgres/operators/postgres.py:25 DeprecationWarning: This decorator is deprecated.

In previous versions, all subclasses of BaseOperator must use apply_default decorator for the`default_args` feature to work properly.

In current version, it is optional. The decorator is applied automatically using the metaclass.
[2021-07-21 11:04:53,616] {logging_mixin.py:104} INFO - [2021-07-21 11:04:53,616] {timeout.py:36} ERROR - Process timed out, PID: 215
[2021-07-21 11:04:54,388] {logging_mixin.py:104} INFO - [2021-07-21 11:04:53,630] {dagbag.py:320} ERROR - Failed to import: /opt/airflow/dags/POSTGRESRSERS.py
Traceback (most recent call last):
  File "/home/airflow/.local/lib/python3.6/site-packages/airflow/models/dagbag.py", line 317, in _load_modules_from_file
    loader.exec_module(new_module)
  File "<frozen importlib._bootstrap_external>", line 678, in exec_module
  File "<frozen importlib._bootstrap>", line 219, in _call_with_frames_removed
  File "/opt/airflow/dags/POSTGRESRSERS.py", line 21, in <module>
    import nltk
  File "/home/airflow/.local/lib/python3.6/site-packages/nltk/__init__.py", line 149, in <module>
    from nltk.translate import *
  File "/home/airflow/.local/lib/python3.6/site-packages/nltk/translate/__init__.py", line 30, in <module>
    from nltk.translate.gleu_score import sentence_gleu as gleu
  File "<frozen importlib._bootstrap>", line 971, in _find_and_load
  File "<frozen importlib._bootstrap>", line 955, in _find_and_load_unlocked
  File "<frozen importlib._bootstrap>", line 665, in _load_unlocked
  File "<frozen importlib._bootstrap_external>", line 674, in exec_module
  File "<frozen importlib._bootstrap_external>", line 764, in get_code
  File "<frozen importlib._bootstrap_external>", line 832, in get_data
  File "/home/airflow/.local/lib/python3.6/site-packages/airflow/utils/timeout.py", line 37, in handle_timeout
    raise AirflowTaskTimeout(self.error_message)
airflow.exceptions.AirflowTaskTimeout: DagBag import timeout for /opt/airflow/dags/POSTGRESRSERS.py after 30.0s, PID: 215
[2021-07-21 11:04:54,442] {scheduler_job.py:645} WARNING - No viable dags retrieved from /opt/airflow/dags/POSTGRESRSERS.py
[2021-07-21 11:04:55,085] {scheduler_job.py:190} INFO - Processing /opt/airflow/dags/POSTGRESRSERS.py took 32.545 seconds
[2021-07-21 11:05:26,277] {scheduler_job.py:182} INFO - Started process (PID=274) to work on /opt/airflow/dags/POSTGRESRSERS.py
[2021-07-21 11:05:26,295] {scheduler_job.py:633} INFO - Processing file /opt/airflow/dags/POSTGRESRSERS.py for tasks to queue
[2021-07-21 11:05:26,317] {logging_mixin.py:104} INFO - [2021-07-21 11:05:26,305] {dagbag.py:487} INFO - Filling up the DagBag from /opt/airflow/dags/POSTGRESRSERS.py
[2021-07-21 11:05:27,014] {logging_mixin.py:104} WARNING - /home/airflow/.local/lib/python3.6/site-packages/airflow/providers/postgres/operators/postgres.py:25 DeprecationWarning: This decorator is deprecated.

In previous versions, all subclasses of BaseOperator must use apply_default decorator for the`default_args` feature to work properly.

In current version, it is optional. The decorator is applied automatically using the metaclass.
[2021-07-21 11:05:43,147] {logging_mixin.py:104} WARNING - [nltk_data] Error loading vader_lexicon: <urlopen error [Errno -3]
[nltk_data]     Temporary failure in name resolution>
[2021-07-21 11:05:48,781] {scheduler_job.py:643} INFO - DAG(s) dict_keys(['psotgrressdftest']) retrieved from /opt/airflow/dags/POSTGRESRSERS.py
[2021-07-21 11:05:48,991] {logging_mixin.py:104} INFO - [2021-07-21 11:05:48,990] {dag.py:1832} INFO - Sync 1 DAGs
[2021-07-21 11:05:49,096] {logging_mixin.py:104} INFO - [2021-07-21 11:05:49,095] {dag.py:2305} INFO - Setting next_dagrun for psotgrressdftest to None
[2021-07-21 11:05:49,244] {scheduler_job.py:190} INFO - Processing /opt/airflow/dags/POSTGRESRSERS.py took 22.987 seconds
[2021-07-21 11:14:18,783] {scheduler_job.py:182} INFO - Started process (PID=52) to work on /opt/airflow/dags/POSTGRESRSERS.py
[2021-07-21 11:14:18,786] {scheduler_job.py:633} INFO - Processing file /opt/airflow/dags/POSTGRESRSERS.py for tasks to queue
[2021-07-21 11:14:18,789] {logging_mixin.py:104} INFO - [2021-07-21 11:14:18,789] {dagbag.py:487} INFO - Filling up the DagBag from /opt/airflow/dags/POSTGRESRSERS.py
[2021-07-21 11:14:18,968] {logging_mixin.py:104} WARNING - /home/airflow/.local/lib/python3.6/site-packages/airflow/providers/postgres/operators/postgres.py:25 DeprecationWarning: This decorator is deprecated.

In previous versions, all subclasses of BaseOperator must use apply_default decorator for the`default_args` feature to work properly.

In current version, it is optional. The decorator is applied automatically using the metaclass.
[2021-07-21 11:14:28,072] {logging_mixin.py:104} WARNING - [nltk_data] Downloading package vader_lexicon to
[nltk_data]     /home/airflow/nltk_data...
[2021-07-21 11:14:40,409] {scheduler_job.py:643} INFO - DAG(s) dict_keys(['psotgrressdftest']) retrieved from /opt/airflow/dags/POSTGRESRSERS.py
[2021-07-21 11:14:40,459] {logging_mixin.py:104} INFO - [2021-07-21 11:14:40,458] {dag.py:1832} INFO - Sync 1 DAGs
[2021-07-21 11:14:40,490] {logging_mixin.py:104} INFO - [2021-07-21 11:14:40,490] {dag.py:2305} INFO - Setting next_dagrun for psotgrressdftest to None
[2021-07-21 11:14:40,515] {scheduler_job.py:190} INFO - Processing /opt/airflow/dags/POSTGRESRSERS.py took 21.744 seconds
[2021-07-21 11:15:12,244] {scheduler_job.py:182} INFO - Started process (PID=104) to work on /opt/airflow/dags/POSTGRESRSERS.py
[2021-07-21 11:15:12,274] {scheduler_job.py:633} INFO - Processing file /opt/airflow/dags/POSTGRESRSERS.py for tasks to queue
[2021-07-21 11:15:12,279] {logging_mixin.py:104} INFO - [2021-07-21 11:15:12,277] {dagbag.py:487} INFO - Filling up the DagBag from /opt/airflow/dags/POSTGRESRSERS.py
[2021-07-21 11:15:13,230] {logging_mixin.py:104} WARNING - /home/airflow/.local/lib/python3.6/site-packages/airflow/providers/postgres/operators/postgres.py:25 DeprecationWarning: This decorator is deprecated.

In previous versions, all subclasses of BaseOperator must use apply_default decorator for the`default_args` feature to work properly.

In current version, it is optional. The decorator is applied automatically using the metaclass.
[2021-07-21 11:15:21,619] {logging_mixin.py:104} WARNING - [nltk_data] Downloading package vader_lexicon to
[nltk_data]     /home/airflow/nltk_data...
[2021-07-21 11:15:21,645] {logging_mixin.py:104} WARNING - [nltk_data]   Package vader_lexicon is already up-to-date!
[2021-07-21 11:15:24,065] {scheduler_job.py:643} INFO - DAG(s) dict_keys(['psotgrressdftest']) retrieved from /opt/airflow/dags/POSTGRESRSERS.py
[2021-07-21 11:15:24,250] {logging_mixin.py:104} INFO - [2021-07-21 11:15:24,249] {dag.py:1832} INFO - Sync 1 DAGs
[2021-07-21 11:15:24,294] {logging_mixin.py:104} INFO - [2021-07-21 11:15:24,293] {dag.py:2305} INFO - Setting next_dagrun for psotgrressdftest to None
[2021-07-21 11:15:24,356] {scheduler_job.py:190} INFO - Processing /opt/airflow/dags/POSTGRESRSERS.py took 12.120 seconds
[2021-07-21 11:15:54,630] {scheduler_job.py:182} INFO - Started process (PID=151) to work on /opt/airflow/dags/POSTGRESRSERS.py
[2021-07-21 11:15:54,634] {scheduler_job.py:633} INFO - Processing file /opt/airflow/dags/POSTGRESRSERS.py for tasks to queue
[2021-07-21 11:15:54,636] {logging_mixin.py:104} INFO - [2021-07-21 11:15:54,635] {dagbag.py:487} INFO - Filling up the DagBag from /opt/airflow/dags/POSTGRESRSERS.py
[2021-07-21 11:15:54,727] {logging_mixin.py:104} WARNING - /home/airflow/.local/lib/python3.6/site-packages/airflow/providers/postgres/operators/postgres.py:25 DeprecationWarning: This decorator is deprecated.

In previous versions, all subclasses of BaseOperator must use apply_default decorator for the`default_args` feature to work properly.

In current version, it is optional. The decorator is applied automatically using the metaclass.
[2021-07-21 11:15:56,767] {logging_mixin.py:104} WARNING - [nltk_data] Downloading package vader_lexicon to
[nltk_data]     /home/airflow/nltk_data...
[2021-07-21 11:15:56,770] {logging_mixin.py:104} WARNING - [nltk_data]   Package vader_lexicon is already up-to-date!
[2021-07-21 11:15:58,891] {scheduler_job.py:643} INFO - DAG(s) dict_keys(['psotgrressdftest']) retrieved from /opt/airflow/dags/POSTGRESRSERS.py
[2021-07-21 11:15:58,957] {logging_mixin.py:104} INFO - [2021-07-21 11:15:58,957] {dag.py:1832} INFO - Sync 1 DAGs
[2021-07-21 11:15:58,998] {logging_mixin.py:104} INFO - [2021-07-21 11:15:58,998] {dag.py:2305} INFO - Setting next_dagrun for psotgrressdftest to None
[2021-07-21 11:15:59,021] {scheduler_job.py:190} INFO - Processing /opt/airflow/dags/POSTGRESRSERS.py took 4.396 seconds
[2021-07-21 11:16:29,606] {scheduler_job.py:182} INFO - Started process (PID=191) to work on /opt/airflow/dags/POSTGRESRSERS.py
[2021-07-21 11:16:29,610] {scheduler_job.py:633} INFO - Processing file /opt/airflow/dags/POSTGRESRSERS.py for tasks to queue
[2021-07-21 11:16:29,611] {logging_mixin.py:104} INFO - [2021-07-21 11:16:29,611] {dagbag.py:487} INFO - Filling up the DagBag from /opt/airflow/dags/POSTGRESRSERS.py
[2021-07-21 11:16:29,670] {logging_mixin.py:104} WARNING - /home/airflow/.local/lib/python3.6/site-packages/airflow/providers/postgres/operators/postgres.py:25 DeprecationWarning: This decorator is deprecated.

In previous versions, all subclasses of BaseOperator must use apply_default decorator for the`default_args` feature to work properly.

In current version, it is optional. The decorator is applied automatically using the metaclass.
[2021-07-21 11:16:30,918] {logging_mixin.py:104} WARNING - [nltk_data] Downloading package vader_lexicon to
[nltk_data]     /home/airflow/nltk_data...
[2021-07-21 11:16:30,919] {logging_mixin.py:104} WARNING - [nltk_data]   Package vader_lexicon is already up-to-date!
[2021-07-21 11:16:32,181] {scheduler_job.py:643} INFO - DAG(s) dict_keys(['psotgrressdftest']) retrieved from /opt/airflow/dags/POSTGRESRSERS.py
[2021-07-21 11:16:32,271] {logging_mixin.py:104} INFO - [2021-07-21 11:16:32,271] {dag.py:1832} INFO - Sync 1 DAGs
[2021-07-21 11:16:32,314] {logging_mixin.py:104} INFO - [2021-07-21 11:16:32,313] {dag.py:2305} INFO - Setting next_dagrun for psotgrressdftest to None
[2021-07-21 11:16:32,366] {scheduler_job.py:190} INFO - Processing /opt/airflow/dags/POSTGRESRSERS.py took 2.764 seconds
[2021-07-21 11:17:02,453] {scheduler_job.py:182} INFO - Started process (PID=248) to work on /opt/airflow/dags/POSTGRESRSERS.py
[2021-07-21 11:17:02,455] {scheduler_job.py:633} INFO - Processing file /opt/airflow/dags/POSTGRESRSERS.py for tasks to queue
[2021-07-21 11:17:02,457] {logging_mixin.py:104} INFO - [2021-07-21 11:17:02,456] {dagbag.py:487} INFO - Filling up the DagBag from /opt/airflow/dags/POSTGRESRSERS.py
[2021-07-21 11:17:02,532] {logging_mixin.py:104} WARNING - /home/airflow/.local/lib/python3.6/site-packages/airflow/providers/postgres/operators/postgres.py:25 DeprecationWarning: This decorator is deprecated.

In previous versions, all subclasses of BaseOperator must use apply_default decorator for the`default_args` feature to work properly.

In current version, it is optional. The decorator is applied automatically using the metaclass.
[2021-07-21 11:17:04,066] {logging_mixin.py:104} WARNING - [nltk_data] Downloading package vader_lexicon to
[nltk_data]     /home/airflow/nltk_data...
[2021-07-21 11:17:04,069] {logging_mixin.py:104} WARNING - [nltk_data]   Package vader_lexicon is already up-to-date!
[2021-07-21 11:17:05,489] {scheduler_job.py:643} INFO - DAG(s) dict_keys(['psotgrressdftest']) retrieved from /opt/airflow/dags/POSTGRESRSERS.py
[2021-07-21 11:17:05,536] {logging_mixin.py:104} INFO - [2021-07-21 11:17:05,535] {dag.py:1832} INFO - Sync 1 DAGs
[2021-07-21 11:17:05,562] {logging_mixin.py:104} INFO - [2021-07-21 11:17:05,561] {dag.py:2305} INFO - Setting next_dagrun for psotgrressdftest to None
[2021-07-21 11:17:05,585] {scheduler_job.py:190} INFO - Processing /opt/airflow/dags/POSTGRESRSERS.py took 3.137 seconds
[2021-07-21 11:17:35,691] {scheduler_job.py:182} INFO - Started process (PID=281) to work on /opt/airflow/dags/POSTGRESRSERS.py
[2021-07-21 11:17:35,694] {scheduler_job.py:633} INFO - Processing file /opt/airflow/dags/POSTGRESRSERS.py for tasks to queue
[2021-07-21 11:17:35,698] {logging_mixin.py:104} INFO - [2021-07-21 11:17:35,698] {dagbag.py:487} INFO - Filling up the DagBag from /opt/airflow/dags/POSTGRESRSERS.py
[2021-07-21 11:17:35,843] {logging_mixin.py:104} WARNING - /home/airflow/.local/lib/python3.6/site-packages/airflow/providers/postgres/operators/postgres.py:25 DeprecationWarning: This decorator is deprecated.

In previous versions, all subclasses of BaseOperator must use apply_default decorator for the`default_args` feature to work properly.

In current version, it is optional. The decorator is applied automatically using the metaclass.
[2021-07-21 11:17:42,522] {logging_mixin.py:104} WARNING - [nltk_data] Downloading package vader_lexicon to
[nltk_data]     /home/airflow/nltk_data...
[2021-07-21 11:17:42,727] {logging_mixin.py:104} WARNING - [nltk_data]   Package vader_lexicon is already up-to-date!
[2021-07-21 11:17:46,925] {scheduler_job.py:643} INFO - DAG(s) dict_keys(['psotgrressdftest']) retrieved from /opt/airflow/dags/POSTGRESRSERS.py
[2021-07-21 11:17:46,961] {logging_mixin.py:104} INFO - [2021-07-21 11:17:46,961] {dag.py:1832} INFO - Sync 1 DAGs
[2021-07-21 11:17:46,997] {logging_mixin.py:104} INFO - [2021-07-21 11:17:46,997] {dag.py:2305} INFO - Setting next_dagrun for psotgrressdftest to None
[2021-07-21 11:17:47,531] {scheduler_job.py:190} INFO - Processing /opt/airflow/dags/POSTGRESRSERS.py took 11.851 seconds
[2021-07-21 11:18:18,087] {scheduler_job.py:182} INFO - Started process (PID=327) to work on /opt/airflow/dags/POSTGRESRSERS.py
[2021-07-21 11:18:18,100] {scheduler_job.py:633} INFO - Processing file /opt/airflow/dags/POSTGRESRSERS.py for tasks to queue
[2021-07-21 11:18:18,103] {logging_mixin.py:104} INFO - [2021-07-21 11:18:18,103] {dagbag.py:487} INFO - Filling up the DagBag from /opt/airflow/dags/POSTGRESRSERS.py
[2021-07-21 11:18:18,787] {logging_mixin.py:104} WARNING - /home/airflow/.local/lib/python3.6/site-packages/airflow/providers/postgres/operators/postgres.py:25 DeprecationWarning: This decorator is deprecated.

In previous versions, all subclasses of BaseOperator must use apply_default decorator for the`default_args` feature to work properly.

In current version, it is optional. The decorator is applied automatically using the metaclass.
[2021-07-21 11:18:24,247] {logging_mixin.py:104} WARNING - [nltk_data] Downloading package vader_lexicon to
[nltk_data]     /home/airflow/nltk_data...
[2021-07-21 11:18:24,272] {logging_mixin.py:104} WARNING - [nltk_data]   Package vader_lexicon is already up-to-date!
[2021-07-21 11:18:27,429] {scheduler_job.py:643} INFO - DAG(s) dict_keys(['psotgrressdftest']) retrieved from /opt/airflow/dags/POSTGRESRSERS.py
[2021-07-21 11:18:27,528] {logging_mixin.py:104} INFO - [2021-07-21 11:18:27,527] {dag.py:1832} INFO - Sync 1 DAGs
[2021-07-21 11:18:27,599] {logging_mixin.py:104} INFO - [2021-07-21 11:18:27,599] {dag.py:2305} INFO - Setting next_dagrun for psotgrressdftest to None
[2021-07-21 11:18:34,789] {scheduler_job.py:190} INFO - Processing /opt/airflow/dags/POSTGRESRSERS.py took 16.708 seconds
[2021-07-21 11:19:05,006] {scheduler_job.py:182} INFO - Started process (PID=359) to work on /opt/airflow/dags/POSTGRESRSERS.py
[2021-07-21 11:19:05,008] {scheduler_job.py:633} INFO - Processing file /opt/airflow/dags/POSTGRESRSERS.py for tasks to queue
[2021-07-21 11:19:05,009] {logging_mixin.py:104} INFO - [2021-07-21 11:19:05,009] {dagbag.py:487} INFO - Filling up the DagBag from /opt/airflow/dags/POSTGRESRSERS.py
[2021-07-21 11:19:05,200] {logging_mixin.py:104} WARNING - /home/airflow/.local/lib/python3.6/site-packages/airflow/providers/postgres/operators/postgres.py:25 DeprecationWarning: This decorator is deprecated.

In previous versions, all subclasses of BaseOperator must use apply_default decorator for the`default_args` feature to work properly.

In current version, it is optional. The decorator is applied automatically using the metaclass.
[2021-07-21 11:19:07,008] {logging_mixin.py:104} WARNING - [nltk_data] Downloading package vader_lexicon to
[nltk_data]     /home/airflow/nltk_data...
[2021-07-21 11:19:07,010] {logging_mixin.py:104} WARNING - [nltk_data]   Package vader_lexicon is already up-to-date!
[2021-07-21 11:19:09,333] {scheduler_job.py:643} INFO - DAG(s) dict_keys(['psotgrressdftest']) retrieved from /opt/airflow/dags/POSTGRESRSERS.py
[2021-07-21 11:19:09,413] {logging_mixin.py:104} INFO - [2021-07-21 11:19:09,412] {dag.py:1832} INFO - Sync 1 DAGs
[2021-07-21 11:19:09,447] {logging_mixin.py:104} INFO - [2021-07-21 11:19:09,447] {dag.py:2305} INFO - Setting next_dagrun for psotgrressdftest to None
[2021-07-21 11:19:09,473] {scheduler_job.py:190} INFO - Processing /opt/airflow/dags/POSTGRESRSERS.py took 4.472 seconds
[2021-07-21 11:19:39,564] {scheduler_job.py:182} INFO - Started process (PID=398) to work on /opt/airflow/dags/POSTGRESRSERS.py
[2021-07-21 11:19:39,569] {scheduler_job.py:633} INFO - Processing file /opt/airflow/dags/POSTGRESRSERS.py for tasks to queue
[2021-07-21 11:19:39,572] {logging_mixin.py:104} INFO - [2021-07-21 11:19:39,571] {dagbag.py:487} INFO - Filling up the DagBag from /opt/airflow/dags/POSTGRESRSERS.py
[2021-07-21 11:19:40,378] {logging_mixin.py:104} WARNING - /home/airflow/.local/lib/python3.6/site-packages/airflow/providers/postgres/operators/postgres.py:25 DeprecationWarning: This decorator is deprecated.

In previous versions, all subclasses of BaseOperator must use apply_default decorator for the`default_args` feature to work properly.

In current version, it is optional. The decorator is applied automatically using the metaclass.
[2021-07-21 11:19:42,483] {logging_mixin.py:104} WARNING - [nltk_data] Downloading package vader_lexicon to
[nltk_data]     /home/airflow/nltk_data...
[2021-07-21 11:19:42,485] {logging_mixin.py:104} WARNING - [nltk_data]   Package vader_lexicon is already up-to-date!
[2021-07-21 11:19:43,973] {scheduler_job.py:643} INFO - DAG(s) dict_keys(['psotgrressdftest']) retrieved from /opt/airflow/dags/POSTGRESRSERS.py
[2021-07-21 11:19:44,066] {logging_mixin.py:104} INFO - [2021-07-21 11:19:44,066] {dag.py:1832} INFO - Sync 1 DAGs
[2021-07-21 11:19:44,105] {logging_mixin.py:104} INFO - [2021-07-21 11:19:44,104] {dag.py:2305} INFO - Setting next_dagrun for psotgrressdftest to None
[2021-07-21 11:19:44,130] {scheduler_job.py:190} INFO - Processing /opt/airflow/dags/POSTGRESRSERS.py took 4.578 seconds
[2021-07-21 11:20:14,259] {scheduler_job.py:182} INFO - Started process (PID=446) to work on /opt/airflow/dags/POSTGRESRSERS.py
[2021-07-21 11:20:14,261] {scheduler_job.py:633} INFO - Processing file /opt/airflow/dags/POSTGRESRSERS.py for tasks to queue
[2021-07-21 11:20:14,262] {logging_mixin.py:104} INFO - [2021-07-21 11:20:14,262] {dagbag.py:487} INFO - Filling up the DagBag from /opt/airflow/dags/POSTGRESRSERS.py
[2021-07-21 11:20:14,316] {logging_mixin.py:104} WARNING - /home/airflow/.local/lib/python3.6/site-packages/airflow/providers/postgres/operators/postgres.py:25 DeprecationWarning: This decorator is deprecated.

In previous versions, all subclasses of BaseOperator must use apply_default decorator for the`default_args` feature to work properly.

In current version, it is optional. The decorator is applied automatically using the metaclass.
[2021-07-21 11:20:15,405] {logging_mixin.py:104} WARNING - [nltk_data] Downloading package vader_lexicon to
[nltk_data]     /home/airflow/nltk_data...
[2021-07-21 11:20:15,409] {logging_mixin.py:104} WARNING - [nltk_data]   Package vader_lexicon is already up-to-date!
[2021-07-21 11:20:16,567] {scheduler_job.py:643} INFO - DAG(s) dict_keys(['psotgrressdftest']) retrieved from /opt/airflow/dags/POSTGRESRSERS.py
[2021-07-21 11:20:16,624] {logging_mixin.py:104} INFO - [2021-07-21 11:20:16,624] {dag.py:1832} INFO - Sync 1 DAGs
[2021-07-21 11:20:16,657] {logging_mixin.py:104} INFO - [2021-07-21 11:20:16,656] {dag.py:2305} INFO - Setting next_dagrun for psotgrressdftest to None
[2021-07-21 11:20:16,678] {scheduler_job.py:190} INFO - Processing /opt/airflow/dags/POSTGRESRSERS.py took 2.422 seconds
[2021-07-21 11:20:47,462] {scheduler_job.py:182} INFO - Started process (PID=486) to work on /opt/airflow/dags/POSTGRESRSERS.py
[2021-07-21 11:20:47,465] {scheduler_job.py:633} INFO - Processing file /opt/airflow/dags/POSTGRESRSERS.py for tasks to queue
[2021-07-21 11:20:47,468] {logging_mixin.py:104} INFO - [2021-07-21 11:20:47,468] {dagbag.py:487} INFO - Filling up the DagBag from /opt/airflow/dags/POSTGRESRSERS.py
[2021-07-21 11:20:47,561] {logging_mixin.py:104} WARNING - /home/airflow/.local/lib/python3.6/site-packages/airflow/providers/postgres/operators/postgres.py:25 DeprecationWarning: This decorator is deprecated.

In previous versions, all subclasses of BaseOperator must use apply_default decorator for the`default_args` feature to work properly.

In current version, it is optional. The decorator is applied automatically using the metaclass.
[2021-07-21 11:20:49,650] {logging_mixin.py:104} WARNING - [nltk_data] Downloading package vader_lexicon to
[nltk_data]     /home/airflow/nltk_data...
[2021-07-21 11:20:49,651] {logging_mixin.py:104} WARNING - [nltk_data]   Package vader_lexicon is already up-to-date!
[2021-07-21 11:20:51,817] {scheduler_job.py:643} INFO - DAG(s) dict_keys(['psotgrressdftest']) retrieved from /opt/airflow/dags/POSTGRESRSERS.py
[2021-07-21 11:20:51,909] {logging_mixin.py:104} INFO - [2021-07-21 11:20:51,909] {dag.py:1832} INFO - Sync 1 DAGs
[2021-07-21 11:20:51,965] {logging_mixin.py:104} INFO - [2021-07-21 11:20:51,964] {dag.py:2305} INFO - Setting next_dagrun for psotgrressdftest to None
[2021-07-21 11:20:52,012] {scheduler_job.py:190} INFO - Processing /opt/airflow/dags/POSTGRESRSERS.py took 4.560 seconds
[2021-07-21 11:21:22,814] {scheduler_job.py:182} INFO - Started process (PID=526) to work on /opt/airflow/dags/POSTGRESRSERS.py
[2021-07-21 11:21:22,817] {scheduler_job.py:633} INFO - Processing file /opt/airflow/dags/POSTGRESRSERS.py for tasks to queue
[2021-07-21 11:21:22,818] {logging_mixin.py:104} INFO - [2021-07-21 11:21:22,818] {dagbag.py:487} INFO - Filling up the DagBag from /opt/airflow/dags/POSTGRESRSERS.py
[2021-07-21 11:21:22,893] {logging_mixin.py:104} WARNING - /home/airflow/.local/lib/python3.6/site-packages/airflow/providers/postgres/operators/postgres.py:25 DeprecationWarning: This decorator is deprecated.

In previous versions, all subclasses of BaseOperator must use apply_default decorator for the`default_args` feature to work properly.

In current version, it is optional. The decorator is applied automatically using the metaclass.
[2021-07-21 11:21:25,369] {logging_mixin.py:104} WARNING - [nltk_data] Downloading package vader_lexicon to
[nltk_data]     /home/airflow/nltk_data...
[2021-07-21 11:21:25,371] {logging_mixin.py:104} WARNING - [nltk_data]   Package vader_lexicon is already up-to-date!
[2021-07-21 11:21:26,640] {scheduler_job.py:643} INFO - DAG(s) dict_keys(['psotgrressdftest']) retrieved from /opt/airflow/dags/POSTGRESRSERS.py
[2021-07-21 11:21:26,674] {logging_mixin.py:104} INFO - [2021-07-21 11:21:26,674] {dag.py:1832} INFO - Sync 1 DAGs
[2021-07-21 11:21:26,726] {logging_mixin.py:104} INFO - [2021-07-21 11:21:26,725] {dag.py:2305} INFO - Setting next_dagrun for psotgrressdftest to None
[2021-07-21 11:21:26,746] {scheduler_job.py:190} INFO - Processing /opt/airflow/dags/POSTGRESRSERS.py took 3.935 seconds
[2021-07-21 11:21:57,683] {scheduler_job.py:182} INFO - Started process (PID=582) to work on /opt/airflow/dags/POSTGRESRSERS.py
[2021-07-21 11:21:57,685] {scheduler_job.py:633} INFO - Processing file /opt/airflow/dags/POSTGRESRSERS.py for tasks to queue
[2021-07-21 11:21:57,687] {logging_mixin.py:104} INFO - [2021-07-21 11:21:57,687] {dagbag.py:487} INFO - Filling up the DagBag from /opt/airflow/dags/POSTGRESRSERS.py
[2021-07-21 11:21:57,742] {logging_mixin.py:104} WARNING - /home/airflow/.local/lib/python3.6/site-packages/airflow/providers/postgres/operators/postgres.py:25 DeprecationWarning: This decorator is deprecated.

In previous versions, all subclasses of BaseOperator must use apply_default decorator for the`default_args` feature to work properly.

In current version, it is optional. The decorator is applied automatically using the metaclass.
[2021-07-21 11:21:59,021] {logging_mixin.py:104} WARNING - [nltk_data] Downloading package vader_lexicon to
[nltk_data]     /home/airflow/nltk_data...
[2021-07-21 11:21:59,023] {logging_mixin.py:104} WARNING - [nltk_data]   Package vader_lexicon is already up-to-date!
[2021-07-21 11:21:59,891] {scheduler_job.py:643} INFO - DAG(s) dict_keys(['psotgrressdftest']) retrieved from /opt/airflow/dags/POSTGRESRSERS.py
[2021-07-21 11:21:59,931] {logging_mixin.py:104} INFO - [2021-07-21 11:21:59,930] {dag.py:1832} INFO - Sync 1 DAGs
[2021-07-21 11:21:59,955] {logging_mixin.py:104} INFO - [2021-07-21 11:21:59,955] {dag.py:2305} INFO - Setting next_dagrun for psotgrressdftest to None
[2021-07-21 11:21:59,978] {scheduler_job.py:190} INFO - Processing /opt/airflow/dags/POSTGRESRSERS.py took 2.298 seconds
[2021-07-21 11:22:30,335] {scheduler_job.py:182} INFO - Started process (PID=621) to work on /opt/airflow/dags/POSTGRESRSERS.py
[2021-07-21 11:22:30,339] {scheduler_job.py:633} INFO - Processing file /opt/airflow/dags/POSTGRESRSERS.py for tasks to queue
[2021-07-21 11:22:30,342] {logging_mixin.py:104} INFO - [2021-07-21 11:22:30,341] {dagbag.py:487} INFO - Filling up the DagBag from /opt/airflow/dags/POSTGRESRSERS.py
[2021-07-21 11:22:30,413] {logging_mixin.py:104} WARNING - /home/airflow/.local/lib/python3.6/site-packages/airflow/providers/postgres/operators/postgres.py:25 DeprecationWarning: This decorator is deprecated.

In previous versions, all subclasses of BaseOperator must use apply_default decorator for the`default_args` feature to work properly.

In current version, it is optional. The decorator is applied automatically using the metaclass.
[2021-07-21 11:22:31,583] {logging_mixin.py:104} WARNING - [nltk_data] Downloading package vader_lexicon to
[nltk_data]     /home/airflow/nltk_data...
[2021-07-21 11:22:31,584] {logging_mixin.py:104} WARNING - [nltk_data]   Package vader_lexicon is already up-to-date!
[2021-07-21 11:22:32,387] {scheduler_job.py:643} INFO - DAG(s) dict_keys(['psotgrressdftest']) retrieved from /opt/airflow/dags/POSTGRESRSERS.py
[2021-07-21 11:22:32,427] {logging_mixin.py:104} INFO - [2021-07-21 11:22:32,427] {dag.py:1832} INFO - Sync 1 DAGs
[2021-07-21 11:22:32,447] {logging_mixin.py:104} INFO - [2021-07-21 11:22:32,447] {dag.py:2305} INFO - Setting next_dagrun for psotgrressdftest to None
[2021-07-21 11:22:32,462] {scheduler_job.py:190} INFO - Processing /opt/airflow/dags/POSTGRESRSERS.py took 2.135 seconds
[2021-07-21 11:23:03,720] {scheduler_job.py:182} INFO - Started process (PID=643) to work on /opt/airflow/dags/POSTGRESRSERS.py
[2021-07-21 11:23:03,726] {scheduler_job.py:633} INFO - Processing file /opt/airflow/dags/POSTGRESRSERS.py for tasks to queue
[2021-07-21 11:23:03,729] {logging_mixin.py:104} INFO - [2021-07-21 11:23:03,729] {dagbag.py:487} INFO - Filling up the DagBag from /opt/airflow/dags/POSTGRESRSERS.py
[2021-07-21 11:23:03,898] {logging_mixin.py:104} WARNING - /home/airflow/.local/lib/python3.6/site-packages/airflow/providers/postgres/operators/postgres.py:25 DeprecationWarning: This decorator is deprecated.

In previous versions, all subclasses of BaseOperator must use apply_default decorator for the`default_args` feature to work properly.

In current version, it is optional. The decorator is applied automatically using the metaclass.
[2021-07-21 11:23:15,504] {logging_mixin.py:104} WARNING - [nltk_data] Downloading package vader_lexicon to
[nltk_data]     /home/airflow/nltk_data...
[2021-07-21 11:23:15,505] {logging_mixin.py:104} WARNING - [nltk_data]   Package vader_lexicon is already up-to-date!
[2021-07-21 11:23:22,681] {scheduler_job.py:643} INFO - DAG(s) dict_keys(['psotgrressdftest']) retrieved from /opt/airflow/dags/POSTGRESRSERS.py
[2021-07-21 11:23:22,748] {logging_mixin.py:104} INFO - [2021-07-21 11:23:22,748] {dag.py:1832} INFO - Sync 1 DAGs
[2021-07-21 11:23:22,793] {logging_mixin.py:104} INFO - [2021-07-21 11:23:22,792] {dag.py:2305} INFO - Setting next_dagrun for psotgrressdftest to None
[2021-07-21 11:23:23,019] {scheduler_job.py:190} INFO - Processing /opt/airflow/dags/POSTGRESRSERS.py took 19.304 seconds
[2021-07-21 11:23:53,486] {scheduler_job.py:182} INFO - Started process (PID=703) to work on /opt/airflow/dags/POSTGRESRSERS.py
[2021-07-21 11:23:53,488] {scheduler_job.py:633} INFO - Processing file /opt/airflow/dags/POSTGRESRSERS.py for tasks to queue
[2021-07-21 11:23:53,489] {logging_mixin.py:104} INFO - [2021-07-21 11:23:53,489] {dagbag.py:487} INFO - Filling up the DagBag from /opt/airflow/dags/POSTGRESRSERS.py
[2021-07-21 11:23:53,544] {logging_mixin.py:104} WARNING - /home/airflow/.local/lib/python3.6/site-packages/airflow/providers/postgres/operators/postgres.py:25 DeprecationWarning: This decorator is deprecated.

In previous versions, all subclasses of BaseOperator must use apply_default decorator for the`default_args` feature to work properly.

In current version, it is optional. The decorator is applied automatically using the metaclass.
[2021-07-21 11:23:54,901] {logging_mixin.py:104} WARNING - [nltk_data] Downloading package vader_lexicon to
[nltk_data]     /home/airflow/nltk_data...
[2021-07-21 11:23:54,903] {logging_mixin.py:104} WARNING - [nltk_data]   Package vader_lexicon is already up-to-date!
[2021-07-21 11:23:56,371] {scheduler_job.py:643} INFO - DAG(s) dict_keys(['psotgrressdftest']) retrieved from /opt/airflow/dags/POSTGRESRSERS.py
[2021-07-21 11:23:56,445] {logging_mixin.py:104} INFO - [2021-07-21 11:23:56,445] {dag.py:1832} INFO - Sync 1 DAGs
[2021-07-21 11:23:56,493] {logging_mixin.py:104} INFO - [2021-07-21 11:23:56,493] {dag.py:2305} INFO - Setting next_dagrun for psotgrressdftest to None
[2021-07-21 11:23:56,514] {scheduler_job.py:190} INFO - Processing /opt/airflow/dags/POSTGRESRSERS.py took 3.033 seconds
[2021-07-21 11:24:26,869] {scheduler_job.py:182} INFO - Started process (PID=744) to work on /opt/airflow/dags/POSTGRESRSERS.py
[2021-07-21 11:24:26,881] {scheduler_job.py:633} INFO - Processing file /opt/airflow/dags/POSTGRESRSERS.py for tasks to queue
[2021-07-21 11:24:26,887] {logging_mixin.py:104} INFO - [2021-07-21 11:24:26,885] {dagbag.py:487} INFO - Filling up the DagBag from /opt/airflow/dags/POSTGRESRSERS.py
[2021-07-21 11:24:27,089] {logging_mixin.py:104} WARNING - /home/airflow/.local/lib/python3.6/site-packages/airflow/providers/postgres/operators/postgres.py:25 DeprecationWarning: This decorator is deprecated.

In previous versions, all subclasses of BaseOperator must use apply_default decorator for the`default_args` feature to work properly.

In current version, it is optional. The decorator is applied automatically using the metaclass.
[2021-07-21 11:24:31,156] {logging_mixin.py:104} WARNING - [nltk_data] Downloading package vader_lexicon to
[nltk_data]     /home/airflow/nltk_data...
[2021-07-21 11:24:31,159] {logging_mixin.py:104} WARNING - [nltk_data]   Package vader_lexicon is already up-to-date!
[2021-07-21 11:24:32,700] {scheduler_job.py:643} INFO - DAG(s) dict_keys(['psotgrressdftest']) retrieved from /opt/airflow/dags/POSTGRESRSERS.py
[2021-07-21 11:24:32,751] {logging_mixin.py:104} INFO - [2021-07-21 11:24:32,750] {dag.py:1832} INFO - Sync 1 DAGs
[2021-07-21 11:24:32,792] {logging_mixin.py:104} INFO - [2021-07-21 11:24:32,791] {dag.py:2305} INFO - Setting next_dagrun for psotgrressdftest to None
[2021-07-21 11:24:34,806] {scheduler_job.py:190} INFO - Processing /opt/airflow/dags/POSTGRESRSERS.py took 7.959 seconds
[2021-07-21 11:25:16,571] {scheduler_job.py:182} INFO - Started process (PID=773) to work on /opt/airflow/dags/POSTGRESRSERS.py
[2021-07-21 11:25:16,579] {scheduler_job.py:633} INFO - Processing file /opt/airflow/dags/POSTGRESRSERS.py for tasks to queue
[2021-07-21 11:25:16,582] {logging_mixin.py:104} INFO - [2021-07-21 11:25:16,582] {dagbag.py:487} INFO - Filling up the DagBag from /opt/airflow/dags/POSTGRESRSERS.py
[2021-07-21 11:25:21,230] {logging_mixin.py:104} WARNING - /home/airflow/.local/lib/python3.6/site-packages/airflow/providers/postgres/operators/postgres.py:25 DeprecationWarning: This decorator is deprecated.

In previous versions, all subclasses of BaseOperator must use apply_default decorator for the`default_args` feature to work properly.

In current version, it is optional. The decorator is applied automatically using the metaclass.
[2021-07-21 11:25:23,460] {logging_mixin.py:104} WARNING - [nltk_data] Downloading package vader_lexicon to
[nltk_data]     /home/airflow/nltk_data...
[2021-07-21 11:25:23,462] {logging_mixin.py:104} WARNING - [nltk_data]   Package vader_lexicon is already up-to-date!
[2021-07-21 11:25:24,620] {scheduler_job.py:643} INFO - DAG(s) dict_keys(['psotgrressdftest']) retrieved from /opt/airflow/dags/POSTGRESRSERS.py
[2021-07-21 11:25:24,679] {logging_mixin.py:104} INFO - [2021-07-21 11:25:24,679] {dag.py:1832} INFO - Sync 1 DAGs
[2021-07-21 11:25:24,724] {logging_mixin.py:104} INFO - [2021-07-21 11:25:24,724] {dag.py:2305} INFO - Setting next_dagrun for psotgrressdftest to None
[2021-07-21 11:25:24,747] {scheduler_job.py:190} INFO - Processing /opt/airflow/dags/POSTGRESRSERS.py took 8.185 seconds
[2021-07-21 11:26:15,130] {scheduler_job.py:182} INFO - Started process (PID=814) to work on /opt/airflow/dags/POSTGRESRSERS.py
[2021-07-21 11:26:15,139] {scheduler_job.py:633} INFO - Processing file /opt/airflow/dags/POSTGRESRSERS.py for tasks to queue
[2021-07-21 11:26:15,142] {logging_mixin.py:104} INFO - [2021-07-21 11:26:15,142] {dagbag.py:487} INFO - Filling up the DagBag from /opt/airflow/dags/POSTGRESRSERS.py
[2021-07-21 11:26:15,337] {logging_mixin.py:104} WARNING - /home/airflow/.local/lib/python3.6/site-packages/airflow/providers/postgres/operators/postgres.py:25 DeprecationWarning: This decorator is deprecated.

In previous versions, all subclasses of BaseOperator must use apply_default decorator for the`default_args` feature to work properly.

In current version, it is optional. The decorator is applied automatically using the metaclass.
[2021-07-21 11:26:17,573] {logging_mixin.py:104} WARNING - [nltk_data] Downloading package vader_lexicon to
[nltk_data]     /home/airflow/nltk_data...
[2021-07-21 11:26:17,578] {logging_mixin.py:104} WARNING - [nltk_data]   Package vader_lexicon is already up-to-date!
[2021-07-21 11:26:19,778] {scheduler_job.py:643} INFO - DAG(s) dict_keys(['psotgrressdftest']) retrieved from /opt/airflow/dags/POSTGRESRSERS.py
[2021-07-21 11:26:19,830] {logging_mixin.py:104} INFO - [2021-07-21 11:26:19,829] {dag.py:1832} INFO - Sync 1 DAGs
[2021-07-21 11:26:19,875] {logging_mixin.py:104} INFO - [2021-07-21 11:26:19,875] {dag.py:2305} INFO - Setting next_dagrun for psotgrressdftest to None
[2021-07-21 11:26:19,918] {scheduler_job.py:190} INFO - Processing /opt/airflow/dags/POSTGRESRSERS.py took 4.797 seconds
[2021-07-21 11:26:50,194] {scheduler_job.py:182} INFO - Started process (PID=865) to work on /opt/airflow/dags/POSTGRESRSERS.py
[2021-07-21 11:26:50,202] {scheduler_job.py:633} INFO - Processing file /opt/airflow/dags/POSTGRESRSERS.py for tasks to queue
[2021-07-21 11:26:50,205] {logging_mixin.py:104} INFO - [2021-07-21 11:26:50,204] {dagbag.py:487} INFO - Filling up the DagBag from /opt/airflow/dags/POSTGRESRSERS.py
[2021-07-21 11:26:50,404] {logging_mixin.py:104} WARNING - /home/airflow/.local/lib/python3.6/site-packages/airflow/providers/postgres/operators/postgres.py:25 DeprecationWarning: This decorator is deprecated.

In previous versions, all subclasses of BaseOperator must use apply_default decorator for the`default_args` feature to work properly.

In current version, it is optional. The decorator is applied automatically using the metaclass.
[2021-07-21 11:26:51,876] {logging_mixin.py:104} WARNING - [nltk_data] Downloading package vader_lexicon to
[nltk_data]     /home/airflow/nltk_data...
[2021-07-21 11:26:51,877] {logging_mixin.py:104} WARNING - [nltk_data]   Package vader_lexicon is already up-to-date!
[2021-07-21 11:26:53,329] {scheduler_job.py:643} INFO - DAG(s) dict_keys(['psotgrressdftest']) retrieved from /opt/airflow/dags/POSTGRESRSERS.py
[2021-07-21 11:26:53,365] {logging_mixin.py:104} INFO - [2021-07-21 11:26:53,365] {dag.py:1832} INFO - Sync 1 DAGs
[2021-07-21 11:26:53,395] {logging_mixin.py:104} INFO - [2021-07-21 11:26:53,394] {dag.py:2305} INFO - Setting next_dagrun for psotgrressdftest to None
[2021-07-21 11:26:53,413] {scheduler_job.py:190} INFO - Processing /opt/airflow/dags/POSTGRESRSERS.py took 3.228 seconds
[2021-07-21 11:27:23,554] {scheduler_job.py:182} INFO - Started process (PID=911) to work on /opt/airflow/dags/POSTGRESRSERS.py
[2021-07-21 11:27:23,556] {scheduler_job.py:633} INFO - Processing file /opt/airflow/dags/POSTGRESRSERS.py for tasks to queue
[2021-07-21 11:27:23,559] {logging_mixin.py:104} INFO - [2021-07-21 11:27:23,558] {dagbag.py:487} INFO - Filling up the DagBag from /opt/airflow/dags/POSTGRESRSERS.py
[2021-07-21 11:27:23,634] {logging_mixin.py:104} WARNING - /home/airflow/.local/lib/python3.6/site-packages/airflow/providers/postgres/operators/postgres.py:25 DeprecationWarning: This decorator is deprecated.

In previous versions, all subclasses of BaseOperator must use apply_default decorator for the`default_args` feature to work properly.

In current version, it is optional. The decorator is applied automatically using the metaclass.
[2021-07-21 11:27:25,378] {logging_mixin.py:104} WARNING - [nltk_data] Downloading package vader_lexicon to
[nltk_data]     /home/airflow/nltk_data...
[2021-07-21 11:27:25,379] {logging_mixin.py:104} WARNING - [nltk_data]   Package vader_lexicon is already up-to-date!
[2021-07-21 11:27:26,325] {scheduler_job.py:643} INFO - DAG(s) dict_keys(['psotgrressdftest']) retrieved from /opt/airflow/dags/POSTGRESRSERS.py
[2021-07-21 11:27:26,449] {logging_mixin.py:104} INFO - [2021-07-21 11:27:26,449] {dag.py:1832} INFO - Sync 1 DAGs
[2021-07-21 11:27:26,473] {logging_mixin.py:104} INFO - [2021-07-21 11:27:26,473] {dag.py:2305} INFO - Setting next_dagrun for psotgrressdftest to None
[2021-07-21 11:27:26,615] {scheduler_job.py:190} INFO - Processing /opt/airflow/dags/POSTGRESRSERS.py took 3.067 seconds
[2021-07-21 11:27:57,057] {scheduler_job.py:182} INFO - Started process (PID=951) to work on /opt/airflow/dags/POSTGRESRSERS.py
[2021-07-21 11:27:57,062] {scheduler_job.py:633} INFO - Processing file /opt/airflow/dags/POSTGRESRSERS.py for tasks to queue
[2021-07-21 11:27:57,064] {logging_mixin.py:104} INFO - [2021-07-21 11:27:57,063] {dagbag.py:487} INFO - Filling up the DagBag from /opt/airflow/dags/POSTGRESRSERS.py
[2021-07-21 11:27:57,223] {logging_mixin.py:104} WARNING - /home/airflow/.local/lib/python3.6/site-packages/airflow/providers/postgres/operators/postgres.py:25 DeprecationWarning: This decorator is deprecated.

In previous versions, all subclasses of BaseOperator must use apply_default decorator for the`default_args` feature to work properly.

In current version, it is optional. The decorator is applied automatically using the metaclass.
[2021-07-21 11:27:58,569] {logging_mixin.py:104} WARNING - [nltk_data] Downloading package vader_lexicon to
[nltk_data]     /home/airflow/nltk_data...
[2021-07-21 11:27:58,571] {logging_mixin.py:104} WARNING - [nltk_data]   Package vader_lexicon is already up-to-date!
[2021-07-21 11:27:59,852] {scheduler_job.py:643} INFO - DAG(s) dict_keys(['psotgrressdftest']) retrieved from /opt/airflow/dags/POSTGRESRSERS.py
[2021-07-21 11:27:59,891] {logging_mixin.py:104} INFO - [2021-07-21 11:27:59,891] {dag.py:1832} INFO - Sync 1 DAGs
[2021-07-21 11:27:59,924] {logging_mixin.py:104} INFO - [2021-07-21 11:27:59,924] {dag.py:2305} INFO - Setting next_dagrun for psotgrressdftest to None
[2021-07-21 11:27:59,946] {scheduler_job.py:190} INFO - Processing /opt/airflow/dags/POSTGRESRSERS.py took 2.897 seconds
[2021-07-21 11:28:30,188] {scheduler_job.py:182} INFO - Started process (PID=992) to work on /opt/airflow/dags/POSTGRESRSERS.py
[2021-07-21 11:28:30,190] {scheduler_job.py:633} INFO - Processing file /opt/airflow/dags/POSTGRESRSERS.py for tasks to queue
[2021-07-21 11:28:30,191] {logging_mixin.py:104} INFO - [2021-07-21 11:28:30,191] {dagbag.py:487} INFO - Filling up the DagBag from /opt/airflow/dags/POSTGRESRSERS.py
[2021-07-21 11:28:30,248] {logging_mixin.py:104} WARNING - /home/airflow/.local/lib/python3.6/site-packages/airflow/providers/postgres/operators/postgres.py:25 DeprecationWarning: This decorator is deprecated.

In previous versions, all subclasses of BaseOperator must use apply_default decorator for the`default_args` feature to work properly.

In current version, it is optional. The decorator is applied automatically using the metaclass.
[2021-07-21 11:28:31,261] {logging_mixin.py:104} WARNING - [nltk_data] Downloading package vader_lexicon to
[nltk_data]     /home/airflow/nltk_data...
[2021-07-21 11:28:31,262] {logging_mixin.py:104} WARNING - [nltk_data]   Package vader_lexicon is already up-to-date!
[2021-07-21 11:28:32,751] {scheduler_job.py:643} INFO - DAG(s) dict_keys(['psotgrressdftest']) retrieved from /opt/airflow/dags/POSTGRESRSERS.py
[2021-07-21 11:28:32,835] {logging_mixin.py:104} INFO - [2021-07-21 11:28:32,835] {dag.py:1832} INFO - Sync 1 DAGs
[2021-07-21 11:28:32,879] {logging_mixin.py:104} INFO - [2021-07-21 11:28:32,879] {dag.py:2305} INFO - Setting next_dagrun for psotgrressdftest to None
[2021-07-21 11:28:32,916] {scheduler_job.py:190} INFO - Processing /opt/airflow/dags/POSTGRESRSERS.py took 2.732 seconds
[2021-07-21 11:29:37,032] {scheduler_job.py:182} INFO - Started process (PID=1047) to work on /opt/airflow/dags/POSTGRESRSERS.py
[2021-07-21 11:29:37,045] {scheduler_job.py:633} INFO - Processing file /opt/airflow/dags/POSTGRESRSERS.py for tasks to queue
[2021-07-21 11:29:37,061] {logging_mixin.py:104} INFO - [2021-07-21 11:29:37,055] {dagbag.py:487} INFO - Filling up the DagBag from /opt/airflow/dags/POSTGRESRSERS.py
[2021-07-21 11:29:37,219] {logging_mixin.py:104} WARNING - /home/airflow/.local/lib/python3.6/site-packages/airflow/providers/postgres/operators/postgres.py:25 DeprecationWarning: This decorator is deprecated.

In previous versions, all subclasses of BaseOperator must use apply_default decorator for the`default_args` feature to work properly.

In current version, it is optional. The decorator is applied automatically using the metaclass.
[2021-07-21 11:29:44,916] {logging_mixin.py:104} WARNING - [nltk_data] Downloading package vader_lexicon to
[nltk_data]     /home/airflow/nltk_data...
[2021-07-21 11:29:44,923] {logging_mixin.py:104} WARNING - [nltk_data]   Package vader_lexicon is already up-to-date!
[2021-07-21 11:29:53,622] {scheduler_job.py:643} INFO - DAG(s) dict_keys(['psotgrressdftest']) retrieved from /opt/airflow/dags/POSTGRESRSERS.py
[2021-07-21 11:29:53,685] {logging_mixin.py:104} INFO - [2021-07-21 11:29:53,684] {dag.py:1832} INFO - Sync 1 DAGs
[2021-07-21 11:29:53,757] {logging_mixin.py:104} INFO - [2021-07-21 11:29:53,755] {dag.py:2305} INFO - Setting next_dagrun for psotgrressdftest to None
[2021-07-21 11:29:53,833] {scheduler_job.py:190} INFO - Processing /opt/airflow/dags/POSTGRESRSERS.py took 16.810 seconds
[2021-07-21 11:30:24,774] {scheduler_job.py:182} INFO - Started process (PID=1097) to work on /opt/airflow/dags/POSTGRESRSERS.py
[2021-07-21 11:30:24,778] {scheduler_job.py:633} INFO - Processing file /opt/airflow/dags/POSTGRESRSERS.py for tasks to queue
[2021-07-21 11:30:24,781] {logging_mixin.py:104} INFO - [2021-07-21 11:30:24,780] {dagbag.py:487} INFO - Filling up the DagBag from /opt/airflow/dags/POSTGRESRSERS.py
[2021-07-21 11:30:24,980] {logging_mixin.py:104} WARNING - /home/airflow/.local/lib/python3.6/site-packages/airflow/providers/postgres/operators/postgres.py:25 DeprecationWarning: This decorator is deprecated.

In previous versions, all subclasses of BaseOperator must use apply_default decorator for the`default_args` feature to work properly.

In current version, it is optional. The decorator is applied automatically using the metaclass.
[2021-07-21 11:30:27,240] {logging_mixin.py:104} WARNING - [nltk_data] Downloading package vader_lexicon to
[nltk_data]     /home/airflow/nltk_data...
[2021-07-21 11:30:27,241] {logging_mixin.py:104} WARNING - [nltk_data]   Package vader_lexicon is already up-to-date!
[2021-07-21 11:30:28,497] {scheduler_job.py:643} INFO - DAG(s) dict_keys(['psotgrressdftest']) retrieved from /opt/airflow/dags/POSTGRESRSERS.py
[2021-07-21 11:30:28,533] {logging_mixin.py:104} INFO - [2021-07-21 11:30:28,533] {dag.py:1832} INFO - Sync 1 DAGs
[2021-07-21 11:30:28,566] {logging_mixin.py:104} INFO - [2021-07-21 11:30:28,566] {dag.py:2305} INFO - Setting next_dagrun for psotgrressdftest to None
[2021-07-21 11:30:30,537] {scheduler_job.py:190} INFO - Processing /opt/airflow/dags/POSTGRESRSERS.py took 5.771 seconds
[2021-07-21 11:31:01,440] {scheduler_job.py:182} INFO - Started process (PID=1136) to work on /opt/airflow/dags/POSTGRESRSERS.py
[2021-07-21 11:31:01,444] {scheduler_job.py:633} INFO - Processing file /opt/airflow/dags/POSTGRESRSERS.py for tasks to queue
[2021-07-21 11:31:01,447] {logging_mixin.py:104} INFO - [2021-07-21 11:31:01,447] {dagbag.py:487} INFO - Filling up the DagBag from /opt/airflow/dags/POSTGRESRSERS.py
[2021-07-21 11:31:01,658] {logging_mixin.py:104} WARNING - /home/airflow/.local/lib/python3.6/site-packages/airflow/providers/postgres/operators/postgres.py:25 DeprecationWarning: This decorator is deprecated.

In previous versions, all subclasses of BaseOperator must use apply_default decorator for the`default_args` feature to work properly.

In current version, it is optional. The decorator is applied automatically using the metaclass.
[2021-07-21 11:31:03,725] {logging_mixin.py:104} WARNING - [nltk_data] Downloading package vader_lexicon to
[nltk_data]     /home/airflow/nltk_data...
[2021-07-21 11:31:03,727] {logging_mixin.py:104} WARNING - [nltk_data]   Package vader_lexicon is already up-to-date!
[2021-07-21 11:31:04,889] {scheduler_job.py:643} INFO - DAG(s) dict_keys(['psotgrressdftest']) retrieved from /opt/airflow/dags/POSTGRESRSERS.py
[2021-07-21 11:31:04,918] {logging_mixin.py:104} INFO - [2021-07-21 11:31:04,918] {dag.py:1832} INFO - Sync 1 DAGs
[2021-07-21 11:31:04,939] {logging_mixin.py:104} INFO - [2021-07-21 11:31:04,939] {dag.py:2305} INFO - Setting next_dagrun for psotgrressdftest to None
[2021-07-21 11:31:05,357] {scheduler_job.py:190} INFO - Processing /opt/airflow/dags/POSTGRESRSERS.py took 3.931 seconds
[2021-07-21 11:31:35,699] {scheduler_job.py:182} INFO - Started process (PID=1188) to work on /opt/airflow/dags/POSTGRESRSERS.py
[2021-07-21 11:31:35,709] {scheduler_job.py:633} INFO - Processing file /opt/airflow/dags/POSTGRESRSERS.py for tasks to queue
[2021-07-21 11:31:35,753] {logging_mixin.py:104} INFO - [2021-07-21 11:31:35,752] {dagbag.py:487} INFO - Filling up the DagBag from /opt/airflow/dags/POSTGRESRSERS.py
[2021-07-21 11:31:36,002] {logging_mixin.py:104} WARNING - /home/airflow/.local/lib/python3.6/site-packages/airflow/providers/postgres/operators/postgres.py:25 DeprecationWarning: This decorator is deprecated.

In previous versions, all subclasses of BaseOperator must use apply_default decorator for the`default_args` feature to work properly.

In current version, it is optional. The decorator is applied automatically using the metaclass.
[2021-07-21 11:31:40,172] {logging_mixin.py:104} WARNING - [nltk_data] Downloading package vader_lexicon to
[nltk_data]     /home/airflow/nltk_data...
[2021-07-21 11:31:40,239] {logging_mixin.py:104} WARNING - [nltk_data]   Package vader_lexicon is already up-to-date!
[2021-07-21 11:31:42,523] {scheduler_job.py:643} INFO - DAG(s) dict_keys(['psotgrressdftest']) retrieved from /opt/airflow/dags/POSTGRESRSERS.py
[2021-07-21 11:31:42,622] {logging_mixin.py:104} INFO - [2021-07-21 11:31:42,621] {dag.py:1832} INFO - Sync 1 DAGs
[2021-07-21 11:31:42,675] {logging_mixin.py:104} INFO - [2021-07-21 11:31:42,674] {dag.py:2305} INFO - Setting next_dagrun for psotgrressdftest to None
[2021-07-21 11:31:42,805] {scheduler_job.py:190} INFO - Processing /opt/airflow/dags/POSTGRESRSERS.py took 7.111 seconds
[2021-07-21 11:32:28,564] {scheduler_job.py:182} INFO - Started process (PID=1227) to work on /opt/airflow/dags/POSTGRESRSERS.py
[2021-07-21 11:32:28,670] {scheduler_job.py:633} INFO - Processing file /opt/airflow/dags/POSTGRESRSERS.py for tasks to queue
[2021-07-21 11:32:28,672] {logging_mixin.py:104} INFO - [2021-07-21 11:32:28,671] {dagbag.py:487} INFO - Filling up the DagBag from /opt/airflow/dags/POSTGRESRSERS.py
[2021-07-21 11:32:28,734] {logging_mixin.py:104} WARNING - /home/airflow/.local/lib/python3.6/site-packages/airflow/providers/postgres/operators/postgres.py:25 DeprecationWarning: This decorator is deprecated.

In previous versions, all subclasses of BaseOperator must use apply_default decorator for the`default_args` feature to work properly.

In current version, it is optional. The decorator is applied automatically using the metaclass.
[2021-07-21 11:32:33,499] {logging_mixin.py:104} WARNING - [nltk_data] Downloading package vader_lexicon to
[nltk_data]     /home/airflow/nltk_data...
[2021-07-21 11:32:33,501] {logging_mixin.py:104} WARNING - [nltk_data]   Package vader_lexicon is already up-to-date!
[2021-07-21 11:32:35,384] {scheduler_job.py:643} INFO - DAG(s) dict_keys(['psotgrressdftest']) retrieved from /opt/airflow/dags/POSTGRESRSERS.py
[2021-07-21 11:32:35,471] {logging_mixin.py:104} INFO - [2021-07-21 11:32:35,471] {dag.py:1832} INFO - Sync 1 DAGs
[2021-07-21 11:32:35,528] {logging_mixin.py:104} INFO - [2021-07-21 11:32:35,528] {dag.py:2305} INFO - Setting next_dagrun for psotgrressdftest to None
[2021-07-21 11:32:35,569] {scheduler_job.py:190} INFO - Processing /opt/airflow/dags/POSTGRESRSERS.py took 7.009 seconds
[2021-07-21 11:33:06,726] {scheduler_job.py:182} INFO - Started process (PID=1272) to work on /opt/airflow/dags/POSTGRESRSERS.py
[2021-07-21 11:33:06,735] {scheduler_job.py:633} INFO - Processing file /opt/airflow/dags/POSTGRESRSERS.py for tasks to queue
[2021-07-21 11:33:06,741] {logging_mixin.py:104} INFO - [2021-07-21 11:33:06,740] {dagbag.py:487} INFO - Filling up the DagBag from /opt/airflow/dags/POSTGRESRSERS.py
[2021-07-21 11:33:06,895] {logging_mixin.py:104} WARNING - /home/airflow/.local/lib/python3.6/site-packages/airflow/providers/postgres/operators/postgres.py:25 DeprecationWarning: This decorator is deprecated.

In previous versions, all subclasses of BaseOperator must use apply_default decorator for the`default_args` feature to work properly.

In current version, it is optional. The decorator is applied automatically using the metaclass.
[2021-07-21 11:33:10,839] {logging_mixin.py:104} WARNING - [nltk_data] Downloading package vader_lexicon to
[nltk_data]     /home/airflow/nltk_data...
[2021-07-21 11:33:10,845] {logging_mixin.py:104} WARNING - [nltk_data]   Package vader_lexicon is already up-to-date!
[2021-07-21 11:33:13,489] {scheduler_job.py:643} INFO - DAG(s) dict_keys(['psotgrressdftest']) retrieved from /opt/airflow/dags/POSTGRESRSERS.py
[2021-07-21 11:33:13,630] {logging_mixin.py:104} INFO - [2021-07-21 11:33:13,629] {dag.py:1832} INFO - Sync 1 DAGs
[2021-07-21 11:33:13,692] {logging_mixin.py:104} INFO - [2021-07-21 11:33:13,691] {dag.py:2305} INFO - Setting next_dagrun for psotgrressdftest to None
[2021-07-21 11:33:13,773] {scheduler_job.py:190} INFO - Processing /opt/airflow/dags/POSTGRESRSERS.py took 7.065 seconds
[2021-07-21 11:33:44,732] {scheduler_job.py:182} INFO - Started process (PID=1310) to work on /opt/airflow/dags/POSTGRESRSERS.py
[2021-07-21 11:33:44,748] {scheduler_job.py:633} INFO - Processing file /opt/airflow/dags/POSTGRESRSERS.py for tasks to queue
[2021-07-21 11:33:44,750] {logging_mixin.py:104} INFO - [2021-07-21 11:33:44,750] {dagbag.py:487} INFO - Filling up the DagBag from /opt/airflow/dags/POSTGRESRSERS.py
[2021-07-21 11:33:44,905] {logging_mixin.py:104} WARNING - /home/airflow/.local/lib/python3.6/site-packages/airflow/providers/postgres/operators/postgres.py:25 DeprecationWarning: This decorator is deprecated.

In previous versions, all subclasses of BaseOperator must use apply_default decorator for the`default_args` feature to work properly.

In current version, it is optional. The decorator is applied automatically using the metaclass.
[2021-07-21 11:33:47,967] {logging_mixin.py:104} WARNING - [nltk_data] Downloading package vader_lexicon to
[nltk_data]     /home/airflow/nltk_data...
[2021-07-21 11:33:47,969] {logging_mixin.py:104} WARNING - [nltk_data]   Package vader_lexicon is already up-to-date!
[2021-07-21 11:33:49,598] {scheduler_job.py:643} INFO - DAG(s) dict_keys(['psotgrressdftest']) retrieved from /opt/airflow/dags/POSTGRESRSERS.py
[2021-07-21 11:33:49,656] {logging_mixin.py:104} INFO - [2021-07-21 11:33:49,655] {dag.py:1832} INFO - Sync 1 DAGs
[2021-07-21 11:33:49,739] {logging_mixin.py:104} INFO - [2021-07-21 11:33:49,739] {dag.py:2305} INFO - Setting next_dagrun for psotgrressdftest to None
[2021-07-21 11:33:49,802] {scheduler_job.py:190} INFO - Processing /opt/airflow/dags/POSTGRESRSERS.py took 5.077 seconds
[2021-07-21 11:34:20,357] {scheduler_job.py:182} INFO - Started process (PID=1344) to work on /opt/airflow/dags/POSTGRESRSERS.py
[2021-07-21 11:34:20,381] {scheduler_job.py:633} INFO - Processing file /opt/airflow/dags/POSTGRESRSERS.py for tasks to queue
[2021-07-21 11:34:20,398] {logging_mixin.py:104} INFO - [2021-07-21 11:34:20,397] {dagbag.py:487} INFO - Filling up the DagBag from /opt/airflow/dags/POSTGRESRSERS.py
[2021-07-21 11:34:20,562] {logging_mixin.py:104} WARNING - /home/airflow/.local/lib/python3.6/site-packages/airflow/providers/postgres/operators/postgres.py:25 DeprecationWarning: This decorator is deprecated.

In previous versions, all subclasses of BaseOperator must use apply_default decorator for the`default_args` feature to work properly.

In current version, it is optional. The decorator is applied automatically using the metaclass.
[2021-07-21 11:34:23,293] {logging_mixin.py:104} WARNING - [nltk_data] Downloading package vader_lexicon to
[nltk_data]     /home/airflow/nltk_data...
[2021-07-21 11:34:23,328] {logging_mixin.py:104} WARNING - [nltk_data]   Package vader_lexicon is already up-to-date!
[2021-07-21 11:34:26,240] {scheduler_job.py:643} INFO - DAG(s) dict_keys(['psotgrressdftest']) retrieved from /opt/airflow/dags/POSTGRESRSERS.py
[2021-07-21 11:34:26,298] {logging_mixin.py:104} INFO - [2021-07-21 11:34:26,298] {dag.py:1832} INFO - Sync 1 DAGs
[2021-07-21 11:34:26,347] {logging_mixin.py:104} INFO - [2021-07-21 11:34:26,347] {dag.py:2305} INFO - Setting next_dagrun for psotgrressdftest to None
[2021-07-21 11:34:26,384] {scheduler_job.py:190} INFO - Processing /opt/airflow/dags/POSTGRESRSERS.py took 6.035 seconds
[2021-07-21 11:34:56,922] {scheduler_job.py:182} INFO - Started process (PID=1388) to work on /opt/airflow/dags/POSTGRESRSERS.py
[2021-07-21 11:34:56,926] {scheduler_job.py:633} INFO - Processing file /opt/airflow/dags/POSTGRESRSERS.py for tasks to queue
[2021-07-21 11:34:56,929] {logging_mixin.py:104} INFO - [2021-07-21 11:34:56,929] {dagbag.py:487} INFO - Filling up the DagBag from /opt/airflow/dags/POSTGRESRSERS.py
[2021-07-21 11:34:57,138] {logging_mixin.py:104} WARNING - /home/airflow/.local/lib/python3.6/site-packages/airflow/providers/postgres/operators/postgres.py:25 DeprecationWarning: This decorator is deprecated.

In previous versions, all subclasses of BaseOperator must use apply_default decorator for the`default_args` feature to work properly.

In current version, it is optional. The decorator is applied automatically using the metaclass.
[2021-07-21 11:34:59,715] {logging_mixin.py:104} WARNING - [nltk_data] Downloading package vader_lexicon to
[nltk_data]     /home/airflow/nltk_data...
[2021-07-21 11:34:59,721] {logging_mixin.py:104} WARNING - [nltk_data]   Package vader_lexicon is already up-to-date!
[2021-07-21 11:35:02,105] {scheduler_job.py:643} INFO - DAG(s) dict_keys(['psotgrressdftest']) retrieved from /opt/airflow/dags/POSTGRESRSERS.py
[2021-07-21 11:35:02,186] {logging_mixin.py:104} INFO - [2021-07-21 11:35:02,185] {dag.py:1832} INFO - Sync 1 DAGs
[2021-07-21 11:35:02,230] {logging_mixin.py:104} INFO - [2021-07-21 11:35:02,229] {dag.py:2305} INFO - Setting next_dagrun for psotgrressdftest to None
[2021-07-21 11:35:04,441] {scheduler_job.py:190} INFO - Processing /opt/airflow/dags/POSTGRESRSERS.py took 7.529 seconds
[2021-07-21 11:35:35,223] {scheduler_job.py:182} INFO - Started process (PID=1419) to work on /opt/airflow/dags/POSTGRESRSERS.py
[2021-07-21 11:35:35,225] {scheduler_job.py:633} INFO - Processing file /opt/airflow/dags/POSTGRESRSERS.py for tasks to queue
[2021-07-21 11:35:35,226] {logging_mixin.py:104} INFO - [2021-07-21 11:35:35,226] {dagbag.py:487} INFO - Filling up the DagBag from /opt/airflow/dags/POSTGRESRSERS.py
[2021-07-21 11:35:35,297] {logging_mixin.py:104} WARNING - /home/airflow/.local/lib/python3.6/site-packages/airflow/providers/postgres/operators/postgres.py:25 DeprecationWarning: This decorator is deprecated.

In previous versions, all subclasses of BaseOperator must use apply_default decorator for the`default_args` feature to work properly.

In current version, it is optional. The decorator is applied automatically using the metaclass.
[2021-07-21 11:35:37,613] {logging_mixin.py:104} WARNING - [nltk_data] Downloading package vader_lexicon to
[nltk_data]     /home/airflow/nltk_data...
[2021-07-21 11:35:37,615] {logging_mixin.py:104} WARNING - [nltk_data]   Package vader_lexicon is already up-to-date!
[2021-07-21 11:35:39,889] {scheduler_job.py:643} INFO - DAG(s) dict_keys(['psotgrressdftest']) retrieved from /opt/airflow/dags/POSTGRESRSERS.py
[2021-07-21 11:35:39,975] {logging_mixin.py:104} INFO - [2021-07-21 11:35:39,974] {dag.py:1832} INFO - Sync 1 DAGs
[2021-07-21 11:35:40,044] {logging_mixin.py:104} INFO - [2021-07-21 11:35:40,043] {dag.py:2305} INFO - Setting next_dagrun for psotgrressdftest to None
[2021-07-21 11:35:41,615] {scheduler_job.py:190} INFO - Processing /opt/airflow/dags/POSTGRESRSERS.py took 6.396 seconds
[2021-07-21 11:36:12,085] {scheduler_job.py:182} INFO - Started process (PID=1464) to work on /opt/airflow/dags/POSTGRESRSERS.py
[2021-07-21 11:36:12,089] {scheduler_job.py:633} INFO - Processing file /opt/airflow/dags/POSTGRESRSERS.py for tasks to queue
[2021-07-21 11:36:12,091] {logging_mixin.py:104} INFO - [2021-07-21 11:36:12,091] {dagbag.py:487} INFO - Filling up the DagBag from /opt/airflow/dags/POSTGRESRSERS.py
[2021-07-21 11:36:12,246] {logging_mixin.py:104} WARNING - /home/airflow/.local/lib/python3.6/site-packages/airflow/providers/postgres/operators/postgres.py:25 DeprecationWarning: This decorator is deprecated.

In previous versions, all subclasses of BaseOperator must use apply_default decorator for the`default_args` feature to work properly.

In current version, it is optional. The decorator is applied automatically using the metaclass.
[2021-07-21 11:36:15,123] {logging_mixin.py:104} WARNING - [nltk_data] Downloading package vader_lexicon to
[nltk_data]     /home/airflow/nltk_data...
[2021-07-21 11:36:15,140] {logging_mixin.py:104} WARNING - [nltk_data]   Package vader_lexicon is already up-to-date!
[2021-07-21 11:36:17,619] {scheduler_job.py:643} INFO - DAG(s) dict_keys(['psotgrressdftest']) retrieved from /opt/airflow/dags/POSTGRESRSERS.py
[2021-07-21 11:36:17,704] {logging_mixin.py:104} INFO - [2021-07-21 11:36:17,704] {dag.py:1832} INFO - Sync 1 DAGs
[2021-07-21 11:36:17,745] {logging_mixin.py:104} INFO - [2021-07-21 11:36:17,745] {dag.py:2305} INFO - Setting next_dagrun for psotgrressdftest to None
[2021-07-21 11:36:20,188] {scheduler_job.py:190} INFO - Processing /opt/airflow/dags/POSTGRESRSERS.py took 8.112 seconds
[2021-07-21 11:36:50,657] {scheduler_job.py:182} INFO - Started process (PID=1504) to work on /opt/airflow/dags/POSTGRESRSERS.py
[2021-07-21 11:36:50,660] {scheduler_job.py:633} INFO - Processing file /opt/airflow/dags/POSTGRESRSERS.py for tasks to queue
[2021-07-21 11:36:50,663] {logging_mixin.py:104} INFO - [2021-07-21 11:36:50,663] {dagbag.py:487} INFO - Filling up the DagBag from /opt/airflow/dags/POSTGRESRSERS.py
[2021-07-21 11:36:50,784] {logging_mixin.py:104} WARNING - /home/airflow/.local/lib/python3.6/site-packages/airflow/providers/postgres/operators/postgres.py:25 DeprecationWarning: This decorator is deprecated.

In previous versions, all subclasses of BaseOperator must use apply_default decorator for the`default_args` feature to work properly.

In current version, it is optional. The decorator is applied automatically using the metaclass.
[2021-07-21 11:36:52,547] {logging_mixin.py:104} WARNING - [nltk_data] Downloading package vader_lexicon to
[nltk_data]     /home/airflow/nltk_data...
[2021-07-21 11:36:52,548] {logging_mixin.py:104} WARNING - [nltk_data]   Package vader_lexicon is already up-to-date!
[2021-07-21 11:36:53,984] {scheduler_job.py:643} INFO - DAG(s) dict_keys(['psotgrressdftest']) retrieved from /opt/airflow/dags/POSTGRESRSERS.py
[2021-07-21 11:36:54,043] {logging_mixin.py:104} INFO - [2021-07-21 11:36:54,042] {dag.py:1832} INFO - Sync 1 DAGs
[2021-07-21 11:36:54,087] {logging_mixin.py:104} INFO - [2021-07-21 11:36:54,087] {dag.py:2305} INFO - Setting next_dagrun for psotgrressdftest to None
[2021-07-21 11:36:54,242] {scheduler_job.py:190} INFO - Processing /opt/airflow/dags/POSTGRESRSERS.py took 3.591 seconds
[2021-07-21 11:37:24,868] {scheduler_job.py:182} INFO - Started process (PID=1550) to work on /opt/airflow/dags/POSTGRESRSERS.py
[2021-07-21 11:37:24,874] {scheduler_job.py:633} INFO - Processing file /opt/airflow/dags/POSTGRESRSERS.py for tasks to queue
[2021-07-21 11:37:24,877] {logging_mixin.py:104} INFO - [2021-07-21 11:37:24,876] {dagbag.py:487} INFO - Filling up the DagBag from /opt/airflow/dags/POSTGRESRSERS.py
[2021-07-21 11:37:25,091] {logging_mixin.py:104} WARNING - /home/airflow/.local/lib/python3.6/site-packages/airflow/providers/postgres/operators/postgres.py:25 DeprecationWarning: This decorator is deprecated.

In previous versions, all subclasses of BaseOperator must use apply_default decorator for the`default_args` feature to work properly.

In current version, it is optional. The decorator is applied automatically using the metaclass.
[2021-07-21 11:37:28,227] {logging_mixin.py:104} WARNING - [nltk_data] Downloading package vader_lexicon to
[nltk_data]     /home/airflow/nltk_data...
[2021-07-21 11:37:28,234] {logging_mixin.py:104} WARNING - [nltk_data]   Package vader_lexicon is already up-to-date!
[2021-07-21 11:37:31,059] {scheduler_job.py:643} INFO - DAG(s) dict_keys(['psotgrressdftest']) retrieved from /opt/airflow/dags/POSTGRESRSERS.py
[2021-07-21 11:37:31,119] {logging_mixin.py:104} INFO - [2021-07-21 11:37:31,119] {dag.py:1832} INFO - Sync 1 DAGs
[2021-07-21 11:37:31,168] {logging_mixin.py:104} INFO - [2021-07-21 11:37:31,168] {dag.py:2305} INFO - Setting next_dagrun for psotgrressdftest to None
[2021-07-21 11:37:32,508] {scheduler_job.py:190} INFO - Processing /opt/airflow/dags/POSTGRESRSERS.py took 7.649 seconds
[2021-07-21 11:38:03,049] {scheduler_job.py:182} INFO - Started process (PID=1588) to work on /opt/airflow/dags/POSTGRESRSERS.py
[2021-07-21 11:38:03,053] {scheduler_job.py:633} INFO - Processing file /opt/airflow/dags/POSTGRESRSERS.py for tasks to queue
[2021-07-21 11:38:03,055] {logging_mixin.py:104} INFO - [2021-07-21 11:38:03,055] {dagbag.py:487} INFO - Filling up the DagBag from /opt/airflow/dags/POSTGRESRSERS.py
[2021-07-21 11:38:03,164] {logging_mixin.py:104} WARNING - /home/airflow/.local/lib/python3.6/site-packages/airflow/providers/postgres/operators/postgres.py:25 DeprecationWarning: This decorator is deprecated.

In previous versions, all subclasses of BaseOperator must use apply_default decorator for the`default_args` feature to work properly.

In current version, it is optional. The decorator is applied automatically using the metaclass.
[2021-07-21 11:38:05,649] {logging_mixin.py:104} WARNING - [nltk_data] Downloading package vader_lexicon to
[nltk_data]     /home/airflow/nltk_data...
[2021-07-21 11:38:05,652] {logging_mixin.py:104} WARNING - [nltk_data]   Package vader_lexicon is already up-to-date!
[2021-07-21 11:38:07,767] {scheduler_job.py:643} INFO - DAG(s) dict_keys(['psotgrressdftest']) retrieved from /opt/airflow/dags/POSTGRESRSERS.py
[2021-07-21 11:38:07,817] {logging_mixin.py:104} INFO - [2021-07-21 11:38:07,817] {dag.py:1832} INFO - Sync 1 DAGs
[2021-07-21 11:38:07,895] {logging_mixin.py:104} INFO - [2021-07-21 11:38:07,895] {dag.py:2305} INFO - Setting next_dagrun for psotgrressdftest to None
[2021-07-21 11:38:08,509] {scheduler_job.py:190} INFO - Processing /opt/airflow/dags/POSTGRESRSERS.py took 5.469 seconds
[2021-07-21 11:38:39,138] {scheduler_job.py:182} INFO - Started process (PID=1621) to work on /opt/airflow/dags/POSTGRESRSERS.py
[2021-07-21 11:38:39,142] {scheduler_job.py:633} INFO - Processing file /opt/airflow/dags/POSTGRESRSERS.py for tasks to queue
[2021-07-21 11:38:39,144] {logging_mixin.py:104} INFO - [2021-07-21 11:38:39,144] {dagbag.py:487} INFO - Filling up the DagBag from /opt/airflow/dags/POSTGRESRSERS.py
[2021-07-21 11:38:39,246] {logging_mixin.py:104} WARNING - /home/airflow/.local/lib/python3.6/site-packages/airflow/providers/postgres/operators/postgres.py:25 DeprecationWarning: This decorator is deprecated.

In previous versions, all subclasses of BaseOperator must use apply_default decorator for the`default_args` feature to work properly.

In current version, it is optional. The decorator is applied automatically using the metaclass.
[2021-07-21 11:38:41,339] {logging_mixin.py:104} WARNING - [nltk_data] Downloading package vader_lexicon to
[nltk_data]     /home/airflow/nltk_data...
[2021-07-21 11:38:41,341] {logging_mixin.py:104} WARNING - [nltk_data]   Package vader_lexicon is already up-to-date!
[2021-07-21 11:38:43,082] {scheduler_job.py:643} INFO - DAG(s) dict_keys(['psotgrressdftest']) retrieved from /opt/airflow/dags/POSTGRESRSERS.py
[2021-07-21 11:38:43,138] {logging_mixin.py:104} INFO - [2021-07-21 11:38:43,137] {dag.py:1832} INFO - Sync 1 DAGs
[2021-07-21 11:38:43,179] {logging_mixin.py:104} INFO - [2021-07-21 11:38:43,179] {dag.py:2305} INFO - Setting next_dagrun for psotgrressdftest to None
[2021-07-21 11:38:43,205] {scheduler_job.py:190} INFO - Processing /opt/airflow/dags/POSTGRESRSERS.py took 4.074 seconds
[2021-07-21 11:39:13,304] {scheduler_job.py:182} INFO - Started process (PID=1656) to work on /opt/airflow/dags/POSTGRESRSERS.py
[2021-07-21 11:39:13,308] {scheduler_job.py:633} INFO - Processing file /opt/airflow/dags/POSTGRESRSERS.py for tasks to queue
[2021-07-21 11:39:13,312] {logging_mixin.py:104} INFO - [2021-07-21 11:39:13,311] {dagbag.py:487} INFO - Filling up the DagBag from /opt/airflow/dags/POSTGRESRSERS.py
[2021-07-21 11:39:13,452] {logging_mixin.py:104} WARNING - /home/airflow/.local/lib/python3.6/site-packages/airflow/providers/postgres/operators/postgres.py:25 DeprecationWarning: This decorator is deprecated.

In previous versions, all subclasses of BaseOperator must use apply_default decorator for the`default_args` feature to work properly.

In current version, it is optional. The decorator is applied automatically using the metaclass.
[2021-07-21 11:39:15,341] {logging_mixin.py:104} WARNING - [nltk_data] Downloading package vader_lexicon to
[nltk_data]     /home/airflow/nltk_data...
[2021-07-21 11:39:15,343] {logging_mixin.py:104} WARNING - [nltk_data]   Package vader_lexicon is already up-to-date!
[2021-07-21 11:39:18,011] {scheduler_job.py:643} INFO - DAG(s) dict_keys(['psotgrressdftest']) retrieved from /opt/airflow/dags/POSTGRESRSERS.py
[2021-07-21 11:39:18,080] {logging_mixin.py:104} INFO - [2021-07-21 11:39:18,079] {dag.py:1832} INFO - Sync 1 DAGs
[2021-07-21 11:39:18,141] {logging_mixin.py:104} INFO - [2021-07-21 11:39:18,140] {dag.py:2305} INFO - Setting next_dagrun for psotgrressdftest to None
[2021-07-21 11:39:18,741] {scheduler_job.py:190} INFO - Processing /opt/airflow/dags/POSTGRESRSERS.py took 5.443 seconds
[2021-07-21 11:39:49,504] {scheduler_job.py:182} INFO - Started process (PID=1682) to work on /opt/airflow/dags/POSTGRESRSERS.py
[2021-07-21 11:39:49,508] {scheduler_job.py:633} INFO - Processing file /opt/airflow/dags/POSTGRESRSERS.py for tasks to queue
[2021-07-21 11:39:49,509] {logging_mixin.py:104} INFO - [2021-07-21 11:39:49,509] {dagbag.py:487} INFO - Filling up the DagBag from /opt/airflow/dags/POSTGRESRSERS.py
[2021-07-21 11:39:49,580] {logging_mixin.py:104} WARNING - /home/airflow/.local/lib/python3.6/site-packages/airflow/providers/postgres/operators/postgres.py:25 DeprecationWarning: This decorator is deprecated.

In previous versions, all subclasses of BaseOperator must use apply_default decorator for the`default_args` feature to work properly.

In current version, it is optional. The decorator is applied automatically using the metaclass.
[2021-07-21 11:39:51,621] {logging_mixin.py:104} WARNING - [nltk_data] Downloading package vader_lexicon to
[nltk_data]     /home/airflow/nltk_data...
[2021-07-21 11:39:51,623] {logging_mixin.py:104} WARNING - [nltk_data]   Package vader_lexicon is already up-to-date!
[2021-07-21 11:39:53,459] {scheduler_job.py:643} INFO - DAG(s) dict_keys(['psotgrressdftest']) retrieved from /opt/airflow/dags/POSTGRESRSERS.py
[2021-07-21 11:39:53,579] {logging_mixin.py:104} INFO - [2021-07-21 11:39:53,567] {dag.py:1832} INFO - Sync 1 DAGs
[2021-07-21 11:39:53,708] {logging_mixin.py:104} INFO - [2021-07-21 11:39:53,708] {dag.py:2305} INFO - Setting next_dagrun for psotgrressdftest to None
[2021-07-21 11:39:53,751] {scheduler_job.py:190} INFO - Processing /opt/airflow/dags/POSTGRESRSERS.py took 4.250 seconds
[2021-07-21 11:40:23,927] {scheduler_job.py:182} INFO - Started process (PID=1720) to work on /opt/airflow/dags/POSTGRESRSERS.py
[2021-07-21 11:40:23,936] {scheduler_job.py:633} INFO - Processing file /opt/airflow/dags/POSTGRESRSERS.py for tasks to queue
[2021-07-21 11:40:23,939] {logging_mixin.py:104} INFO - [2021-07-21 11:40:23,938] {dagbag.py:487} INFO - Filling up the DagBag from /opt/airflow/dags/POSTGRESRSERS.py
[2021-07-21 11:40:24,032] {logging_mixin.py:104} WARNING - /home/airflow/.local/lib/python3.6/site-packages/airflow/providers/postgres/operators/postgres.py:25 DeprecationWarning: This decorator is deprecated.

In previous versions, all subclasses of BaseOperator must use apply_default decorator for the`default_args` feature to work properly.

In current version, it is optional. The decorator is applied automatically using the metaclass.
[2021-07-21 11:40:25,478] {logging_mixin.py:104} WARNING - [nltk_data] Downloading package vader_lexicon to
[nltk_data]     /home/airflow/nltk_data...
[2021-07-21 11:40:25,481] {logging_mixin.py:104} WARNING - [nltk_data]   Package vader_lexicon is already up-to-date!
[2021-07-21 11:40:27,360] {scheduler_job.py:643} INFO - DAG(s) dict_keys(['psotgrressdftest']) retrieved from /opt/airflow/dags/POSTGRESRSERS.py
[2021-07-21 11:40:27,430] {logging_mixin.py:104} INFO - [2021-07-21 11:40:27,430] {dag.py:1832} INFO - Sync 1 DAGs
[2021-07-21 11:40:27,473] {logging_mixin.py:104} INFO - [2021-07-21 11:40:27,472] {dag.py:2305} INFO - Setting next_dagrun for psotgrressdftest to None
[2021-07-21 11:40:27,508] {scheduler_job.py:190} INFO - Processing /opt/airflow/dags/POSTGRESRSERS.py took 3.588 seconds
[2021-07-21 11:40:57,746] {scheduler_job.py:182} INFO - Started process (PID=1759) to work on /opt/airflow/dags/POSTGRESRSERS.py
[2021-07-21 11:40:57,751] {scheduler_job.py:633} INFO - Processing file /opt/airflow/dags/POSTGRESRSERS.py for tasks to queue
[2021-07-21 11:40:57,753] {logging_mixin.py:104} INFO - [2021-07-21 11:40:57,753] {dagbag.py:487} INFO - Filling up the DagBag from /opt/airflow/dags/POSTGRESRSERS.py
[2021-07-21 11:40:57,871] {logging_mixin.py:104} WARNING - /home/airflow/.local/lib/python3.6/site-packages/airflow/providers/postgres/operators/postgres.py:25 DeprecationWarning: This decorator is deprecated.

In previous versions, all subclasses of BaseOperator must use apply_default decorator for the`default_args` feature to work properly.

In current version, it is optional. The decorator is applied automatically using the metaclass.
[2021-07-21 11:41:00,202] {logging_mixin.py:104} WARNING - [nltk_data] Downloading package vader_lexicon to
[nltk_data]     /home/airflow/nltk_data...
[2021-07-21 11:41:00,211] {logging_mixin.py:104} WARNING - [nltk_data]   Package vader_lexicon is already up-to-date!
[2021-07-21 11:41:02,336] {scheduler_job.py:643} INFO - DAG(s) dict_keys(['psotgrressdftest']) retrieved from /opt/airflow/dags/POSTGRESRSERS.py
[2021-07-21 11:41:02,392] {logging_mixin.py:104} INFO - [2021-07-21 11:41:02,392] {dag.py:1832} INFO - Sync 1 DAGs
[2021-07-21 11:41:02,425] {logging_mixin.py:104} INFO - [2021-07-21 11:41:02,425] {dag.py:2305} INFO - Setting next_dagrun for psotgrressdftest to None
[2021-07-21 11:41:02,956] {scheduler_job.py:190} INFO - Processing /opt/airflow/dags/POSTGRESRSERS.py took 5.226 seconds
[2021-07-21 11:41:33,810] {scheduler_job.py:182} INFO - Started process (PID=1804) to work on /opt/airflow/dags/POSTGRESRSERS.py
[2021-07-21 11:41:33,813] {scheduler_job.py:633} INFO - Processing file /opt/airflow/dags/POSTGRESRSERS.py for tasks to queue
[2021-07-21 11:41:33,815] {logging_mixin.py:104} INFO - [2021-07-21 11:41:33,814] {dagbag.py:487} INFO - Filling up the DagBag from /opt/airflow/dags/POSTGRESRSERS.py
[2021-07-21 11:41:33,898] {logging_mixin.py:104} WARNING - /home/airflow/.local/lib/python3.6/site-packages/airflow/providers/postgres/operators/postgres.py:25 DeprecationWarning: This decorator is deprecated.

In previous versions, all subclasses of BaseOperator must use apply_default decorator for the`default_args` feature to work properly.

In current version, it is optional. The decorator is applied automatically using the metaclass.
[2021-07-21 11:41:37,484] {logging_mixin.py:104} WARNING - [nltk_data] Downloading package vader_lexicon to
[nltk_data]     /home/airflow/nltk_data...
[2021-07-21 11:41:37,487] {logging_mixin.py:104} WARNING - [nltk_data]   Package vader_lexicon is already up-to-date!
[2021-07-21 11:41:39,709] {scheduler_job.py:643} INFO - DAG(s) dict_keys(['psotgrressdftest']) retrieved from /opt/airflow/dags/POSTGRESRSERS.py
[2021-07-21 11:41:39,806] {logging_mixin.py:104} INFO - [2021-07-21 11:41:39,806] {dag.py:1832} INFO - Sync 1 DAGs
[2021-07-21 11:41:39,858] {logging_mixin.py:104} INFO - [2021-07-21 11:41:39,858] {dag.py:2305} INFO - Setting next_dagrun for psotgrressdftest to None
[2021-07-21 11:41:40,678] {scheduler_job.py:190} INFO - Processing /opt/airflow/dags/POSTGRESRSERS.py took 6.872 seconds
[2021-07-21 11:42:11,157] {scheduler_job.py:182} INFO - Started process (PID=1826) to work on /opt/airflow/dags/POSTGRESRSERS.py
[2021-07-21 11:42:11,161] {scheduler_job.py:633} INFO - Processing file /opt/airflow/dags/POSTGRESRSERS.py for tasks to queue
[2021-07-21 11:42:11,164] {logging_mixin.py:104} INFO - [2021-07-21 11:42:11,163] {dagbag.py:487} INFO - Filling up the DagBag from /opt/airflow/dags/POSTGRESRSERS.py
[2021-07-21 11:42:11,272] {logging_mixin.py:104} WARNING - /home/airflow/.local/lib/python3.6/site-packages/airflow/providers/postgres/operators/postgres.py:25 DeprecationWarning: This decorator is deprecated.

In previous versions, all subclasses of BaseOperator must use apply_default decorator for the`default_args` feature to work properly.

In current version, it is optional. The decorator is applied automatically using the metaclass.
[2021-07-21 11:42:13,925] {logging_mixin.py:104} WARNING - [nltk_data] Downloading package vader_lexicon to
[nltk_data]     /home/airflow/nltk_data...
[2021-07-21 11:42:13,929] {logging_mixin.py:104} WARNING - [nltk_data]   Package vader_lexicon is already up-to-date!
[2021-07-21 11:42:15,969] {scheduler_job.py:643} INFO - DAG(s) dict_keys(['psotgrressdftest']) retrieved from /opt/airflow/dags/POSTGRESRSERS.py
[2021-07-21 11:42:16,021] {logging_mixin.py:104} INFO - [2021-07-21 11:42:16,021] {dag.py:1832} INFO - Sync 1 DAGs
[2021-07-21 11:42:16,062] {logging_mixin.py:104} INFO - [2021-07-21 11:42:16,062] {dag.py:2305} INFO - Setting next_dagrun for psotgrressdftest to None
[2021-07-21 11:42:16,407] {scheduler_job.py:190} INFO - Processing /opt/airflow/dags/POSTGRESRSERS.py took 5.257 seconds
[2021-07-21 11:42:46,813] {scheduler_job.py:182} INFO - Started process (PID=1861) to work on /opt/airflow/dags/POSTGRESRSERS.py
[2021-07-21 11:42:46,818] {scheduler_job.py:633} INFO - Processing file /opt/airflow/dags/POSTGRESRSERS.py for tasks to queue
[2021-07-21 11:42:46,822] {logging_mixin.py:104} INFO - [2021-07-21 11:42:46,821] {dagbag.py:487} INFO - Filling up the DagBag from /opt/airflow/dags/POSTGRESRSERS.py
[2021-07-21 11:42:46,957] {logging_mixin.py:104} WARNING - /home/airflow/.local/lib/python3.6/site-packages/airflow/providers/postgres/operators/postgres.py:25 DeprecationWarning: This decorator is deprecated.

In previous versions, all subclasses of BaseOperator must use apply_default decorator for the`default_args` feature to work properly.

In current version, it is optional. The decorator is applied automatically using the metaclass.
[2021-07-21 11:42:49,898] {logging_mixin.py:104} WARNING - [nltk_data] Downloading package vader_lexicon to
[nltk_data]     /home/airflow/nltk_data...
[2021-07-21 11:42:49,900] {logging_mixin.py:104} WARNING - [nltk_data]   Package vader_lexicon is already up-to-date!
[2021-07-21 11:42:52,667] {scheduler_job.py:643} INFO - DAG(s) dict_keys(['psotgrressdftest']) retrieved from /opt/airflow/dags/POSTGRESRSERS.py
[2021-07-21 11:42:52,810] {logging_mixin.py:104} INFO - [2021-07-21 11:42:52,809] {dag.py:1832} INFO - Sync 1 DAGs
[2021-07-21 11:42:52,883] {logging_mixin.py:104} INFO - [2021-07-21 11:42:52,883] {dag.py:2305} INFO - Setting next_dagrun for psotgrressdftest to None
[2021-07-21 11:42:52,914] {scheduler_job.py:190} INFO - Processing /opt/airflow/dags/POSTGRESRSERS.py took 6.107 seconds
[2021-07-21 11:43:23,507] {scheduler_job.py:182} INFO - Started process (PID=1896) to work on /opt/airflow/dags/POSTGRESRSERS.py
[2021-07-21 11:43:23,511] {scheduler_job.py:633} INFO - Processing file /opt/airflow/dags/POSTGRESRSERS.py for tasks to queue
[2021-07-21 11:43:23,514] {logging_mixin.py:104} INFO - [2021-07-21 11:43:23,514] {dagbag.py:487} INFO - Filling up the DagBag from /opt/airflow/dags/POSTGRESRSERS.py
[2021-07-21 11:43:23,604] {logging_mixin.py:104} WARNING - /home/airflow/.local/lib/python3.6/site-packages/airflow/providers/postgres/operators/postgres.py:25 DeprecationWarning: This decorator is deprecated.

In previous versions, all subclasses of BaseOperator must use apply_default decorator for the`default_args` feature to work properly.

In current version, it is optional. The decorator is applied automatically using the metaclass.
[2021-07-21 11:43:25,367] {logging_mixin.py:104} WARNING - [nltk_data] Downloading package vader_lexicon to
[nltk_data]     /home/airflow/nltk_data...
[2021-07-21 11:43:25,369] {logging_mixin.py:104} WARNING - [nltk_data]   Package vader_lexicon is already up-to-date!
[2021-07-21 11:43:27,272] {scheduler_job.py:643} INFO - DAG(s) dict_keys(['psotgrressdftest']) retrieved from /opt/airflow/dags/POSTGRESRSERS.py
[2021-07-21 11:43:27,337] {logging_mixin.py:104} INFO - [2021-07-21 11:43:27,337] {dag.py:1832} INFO - Sync 1 DAGs
[2021-07-21 11:43:27,372] {logging_mixin.py:104} INFO - [2021-07-21 11:43:27,372] {dag.py:2305} INFO - Setting next_dagrun for psotgrressdftest to None
[2021-07-21 11:43:27,460] {scheduler_job.py:190} INFO - Processing /opt/airflow/dags/POSTGRESRSERS.py took 3.958 seconds
[2021-07-21 11:43:57,613] {scheduler_job.py:182} INFO - Started process (PID=1928) to work on /opt/airflow/dags/POSTGRESRSERS.py
[2021-07-21 11:43:57,616] {scheduler_job.py:633} INFO - Processing file /opt/airflow/dags/POSTGRESRSERS.py for tasks to queue
[2021-07-21 11:43:57,619] {logging_mixin.py:104} INFO - [2021-07-21 11:43:57,618] {dagbag.py:487} INFO - Filling up the DagBag from /opt/airflow/dags/POSTGRESRSERS.py
[2021-07-21 11:43:57,744] {logging_mixin.py:104} WARNING - /home/airflow/.local/lib/python3.6/site-packages/airflow/providers/postgres/operators/postgres.py:25 DeprecationWarning: This decorator is deprecated.

In previous versions, all subclasses of BaseOperator must use apply_default decorator for the`default_args` feature to work properly.

In current version, it is optional. The decorator is applied automatically using the metaclass.
[2021-07-21 11:44:00,537] {logging_mixin.py:104} WARNING - [nltk_data] Downloading package vader_lexicon to
[nltk_data]     /home/airflow/nltk_data...
[2021-07-21 11:44:00,541] {logging_mixin.py:104} WARNING - [nltk_data]   Package vader_lexicon is already up-to-date!
[2021-07-21 11:44:03,043] {scheduler_job.py:643} INFO - DAG(s) dict_keys(['psotgrressdftest']) retrieved from /opt/airflow/dags/POSTGRESRSERS.py
[2021-07-21 11:44:03,109] {logging_mixin.py:104} INFO - [2021-07-21 11:44:03,109] {dag.py:1832} INFO - Sync 1 DAGs
[2021-07-21 11:44:03,165] {logging_mixin.py:104} INFO - [2021-07-21 11:44:03,164] {dag.py:2305} INFO - Setting next_dagrun for psotgrressdftest to None
[2021-07-21 11:44:03,991] {scheduler_job.py:190} INFO - Processing /opt/airflow/dags/POSTGRESRSERS.py took 6.382 seconds
[2021-07-21 11:44:34,473] {scheduler_job.py:182} INFO - Started process (PID=1963) to work on /opt/airflow/dags/POSTGRESRSERS.py
[2021-07-21 11:44:34,476] {scheduler_job.py:633} INFO - Processing file /opt/airflow/dags/POSTGRESRSERS.py for tasks to queue
[2021-07-21 11:44:34,479] {logging_mixin.py:104} INFO - [2021-07-21 11:44:34,479] {dagbag.py:487} INFO - Filling up the DagBag from /opt/airflow/dags/POSTGRESRSERS.py
[2021-07-21 11:44:34,596] {logging_mixin.py:104} WARNING - /home/airflow/.local/lib/python3.6/site-packages/airflow/providers/postgres/operators/postgres.py:25 DeprecationWarning: This decorator is deprecated.

In previous versions, all subclasses of BaseOperator must use apply_default decorator for the`default_args` feature to work properly.

In current version, it is optional. The decorator is applied automatically using the metaclass.
[2021-07-21 11:44:37,750] {logging_mixin.py:104} WARNING - [nltk_data] Downloading package vader_lexicon to
[nltk_data]     /home/airflow/nltk_data...
[2021-07-21 11:44:37,765] {logging_mixin.py:104} WARNING - [nltk_data]   Package vader_lexicon is already up-to-date!
[2021-07-21 11:44:39,947] {scheduler_job.py:643} INFO - DAG(s) dict_keys(['psotgrressdftest']) retrieved from /opt/airflow/dags/POSTGRESRSERS.py
[2021-07-21 11:44:40,061] {logging_mixin.py:104} INFO - [2021-07-21 11:44:40,061] {dag.py:1832} INFO - Sync 1 DAGs
[2021-07-21 11:44:40,154] {logging_mixin.py:104} INFO - [2021-07-21 11:44:40,153] {dag.py:2305} INFO - Setting next_dagrun for psotgrressdftest to None
[2021-07-21 11:44:43,907] {scheduler_job.py:190} INFO - Processing /opt/airflow/dags/POSTGRESRSERS.py took 9.444 seconds
[2021-07-21 11:45:14,876] {scheduler_job.py:182} INFO - Started process (PID=2002) to work on /opt/airflow/dags/POSTGRESRSERS.py
[2021-07-21 11:45:14,884] {scheduler_job.py:633} INFO - Processing file /opt/airflow/dags/POSTGRESRSERS.py for tasks to queue
[2021-07-21 11:45:14,890] {logging_mixin.py:104} INFO - [2021-07-21 11:45:14,889] {dagbag.py:487} INFO - Filling up the DagBag from /opt/airflow/dags/POSTGRESRSERS.py
[2021-07-21 11:45:14,998] {logging_mixin.py:104} WARNING - /home/airflow/.local/lib/python3.6/site-packages/airflow/providers/postgres/operators/postgres.py:25 DeprecationWarning: This decorator is deprecated.

In previous versions, all subclasses of BaseOperator must use apply_default decorator for the`default_args` feature to work properly.

In current version, it is optional. The decorator is applied automatically using the metaclass.
[2021-07-21 11:45:16,994] {logging_mixin.py:104} WARNING - [nltk_data] Downloading package vader_lexicon to
[nltk_data]     /home/airflow/nltk_data...
[2021-07-21 11:45:16,997] {logging_mixin.py:104} WARNING - [nltk_data]   Package vader_lexicon is already up-to-date!
[2021-07-21 11:45:18,552] {scheduler_job.py:643} INFO - DAG(s) dict_keys(['psotgrressdftest']) retrieved from /opt/airflow/dags/POSTGRESRSERS.py
[2021-07-21 11:45:18,631] {logging_mixin.py:104} INFO - [2021-07-21 11:45:18,630] {dag.py:1832} INFO - Sync 1 DAGs
[2021-07-21 11:45:18,670] {logging_mixin.py:104} INFO - [2021-07-21 11:45:18,669] {dag.py:2305} INFO - Setting next_dagrun for psotgrressdftest to None
[2021-07-21 11:45:18,696] {scheduler_job.py:190} INFO - Processing /opt/airflow/dags/POSTGRESRSERS.py took 3.829 seconds
[2021-07-21 11:45:49,058] {scheduler_job.py:182} INFO - Started process (PID=2041) to work on /opt/airflow/dags/POSTGRESRSERS.py
[2021-07-21 11:45:49,061] {scheduler_job.py:633} INFO - Processing file /opt/airflow/dags/POSTGRESRSERS.py for tasks to queue
[2021-07-21 11:45:49,063] {logging_mixin.py:104} INFO - [2021-07-21 11:45:49,063] {dagbag.py:487} INFO - Filling up the DagBag from /opt/airflow/dags/POSTGRESRSERS.py
[2021-07-21 11:45:49,258] {logging_mixin.py:104} WARNING - /home/airflow/.local/lib/python3.6/site-packages/airflow/providers/postgres/operators/postgres.py:25 DeprecationWarning: This decorator is deprecated.

In previous versions, all subclasses of BaseOperator must use apply_default decorator for the`default_args` feature to work properly.

In current version, it is optional. The decorator is applied automatically using the metaclass.
[2021-07-21 11:45:52,547] {logging_mixin.py:104} WARNING - [nltk_data] Downloading package vader_lexicon to
[nltk_data]     /home/airflow/nltk_data...
[2021-07-21 11:45:52,551] {logging_mixin.py:104} WARNING - [nltk_data]   Package vader_lexicon is already up-to-date!
[2021-07-21 11:45:54,541] {scheduler_job.py:643} INFO - DAG(s) dict_keys(['psotgrressdftest']) retrieved from /opt/airflow/dags/POSTGRESRSERS.py
[2021-07-21 11:45:54,585] {logging_mixin.py:104} INFO - [2021-07-21 11:45:54,585] {dag.py:1832} INFO - Sync 1 DAGs
[2021-07-21 11:45:54,611] {logging_mixin.py:104} INFO - [2021-07-21 11:45:54,611] {dag.py:2305} INFO - Setting next_dagrun for psotgrressdftest to None
[2021-07-21 11:45:54,630] {scheduler_job.py:190} INFO - Processing /opt/airflow/dags/POSTGRESRSERS.py took 5.580 seconds
[2021-07-21 11:46:24,946] {scheduler_job.py:182} INFO - Started process (PID=2070) to work on /opt/airflow/dags/POSTGRESRSERS.py
[2021-07-21 11:46:24,950] {scheduler_job.py:633} INFO - Processing file /opt/airflow/dags/POSTGRESRSERS.py for tasks to queue
[2021-07-21 11:46:24,953] {logging_mixin.py:104} INFO - [2021-07-21 11:46:24,952] {dagbag.py:487} INFO - Filling up the DagBag from /opt/airflow/dags/POSTGRESRSERS.py
[2021-07-21 11:46:25,125] {logging_mixin.py:104} WARNING - /home/airflow/.local/lib/python3.6/site-packages/airflow/providers/postgres/operators/postgres.py:25 DeprecationWarning: This decorator is deprecated.

In previous versions, all subclasses of BaseOperator must use apply_default decorator for the`default_args` feature to work properly.

In current version, it is optional. The decorator is applied automatically using the metaclass.
[2021-07-21 11:46:36,376] {logging_mixin.py:104} INFO - [2021-07-21 11:46:36,376] {process_utils.py:207} INFO - Waiting up to 5 seconds for processes to exit...
